2025-06-04 14:53:02.522 [main] INFO  cz.vse.server.Server - Server is listening for connections on port: 1234
2025-06-04 14:53:27.332 [main] INFO  cz.vse.server.Server - Server is listening for connections on port: 1234
2025-06-04 14:53:40.846 [main] INFO  cz.vse.server.Server - Server is listening for connections on port: 9091
2025-06-04 15:25:38.283 [main] INFO  cz.vse.server.Server - Server is listening for connections on port: 9091
2025-06-04 15:25:47.937 [pool-1-thread-1] INFO  cz.vse.server.ClientHandler - Client cz.vse.server.ClientHandler@4af65f09 connected to the server
2025-06-04 15:26:01.028 [pool-1-thread-2] INFO  cz.vse.server.ClientHandler - Client cz.vse.server.ClientHandler@366c4116 connected to the server
2025-06-04 15:30:25.861 [main] INFO  cz.vse.server.Server - Server is listening for connections on port: 9091
2025-06-04 15:30:30.389 [pool-1-thread-1] INFO  cz.vse.server.ClientHandler - Client cz.vse.server.ClientHandler@177f7d5 connected to the server
2025-06-04 15:30:34.177 [pool-1-thread-2] INFO  cz.vse.server.ClientHandler - Client cz.vse.server.ClientHandler@48de1094 connected to the server
2025-06-04 15:31:02.527 [pool-1-thread-1] WARN  cz.vse.server.ClientHandler - Game session not yet started. Message: USER ahoj could not be processed
2025-06-04 15:31:13.102 [pool-1-thread-2] WARN  cz.vse.server.ClientHandler - Game session not yet started. Message: user blabla could not be processed
2025-06-04 15:33:26.658 [main] INFO  cz.vse.server.Server - Server is listening for connections on port: 9091
2025-06-04 15:33:30.024 [pool-1-thread-1] INFO  cz.vse.server.ClientHandler - Client cz.vse.server.ClientHandler@423e48cc connected to the server
2025-06-04 15:33:32.688 [pool-1-thread-2] INFO  cz.vse.server.ClientHandler - Client cz.vse.server.ClientHandler@3cff3e09 connected to the server
2025-06-04 15:33:38.329 [pool-1-thread-2] INFO  cz.vse.server.ClientHandler - User 'ahoj' logged in successfully
2025-06-04 15:33:38.332 [pool-1-thread-2] INFO  cz.vse.server.ClientHandler - Server sent message: Welcome, ahoj! to client: ahoj.
2025-06-04 15:33:52.016 [pool-1-thread-1] INFO  cz.vse.server.ClientHandler - User 'bla' logged in successfully
2025-06-04 15:33:52.018 [pool-1-thread-1] INFO  cz.vse.server.ClientHandler - Server sent message: Welcome, bla! to client: bla.
2025-06-04 15:36:22.663 [main] INFO  cz.vse.server.Server - Server is listening for connections on port: 9091
2025-06-04 15:36:26.882 [pool-1-thread-1] INFO  cz.vse.server.ClientHandler - Client cz.vse.server.ClientHandler@2e23666c connected to the server
2025-06-04 15:36:26.885 [pool-1-thread-1] INFO  cz.vse.server.ClientHandler - Client null OUT closed
2025-06-04 15:37:06.831 [main] INFO  cz.vse.server.Server - Server is listening for connections on port: 9091
2025-06-04 15:37:11.925 [pool-1-thread-1] INFO  cz.vse.server.ClientHandler - Client cz.vse.server.ClientHandler@d48211 connected to the server
2025-06-04 15:37:14.224 [pool-1-thread-2] INFO  cz.vse.server.ClientHandler - Client cz.vse.server.ClientHandler@621b9c1b connected to the server
2025-06-04 15:37:20.133 [pool-1-thread-1] INFO  cz.vse.server.ClientHandler - User 'krysotf' logged in successfully
2025-06-04 15:37:25.291 [pool-1-thread-2] INFO  cz.vse.server.ClientHandler - User 'adam' logged in successfully
2025-06-04 15:37:25.297 [pool-1-thread-2] INFO  cz.vse.server.Server - krysotf has been assigned to the game session
2025-06-04 15:37:25.297 [pool-1-thread-2] INFO  cz.vse.server.Server - adam has been assigned to the game session
2025-06-04 15:37:25.298 [pool-1-thread-2] INFO  cz.vse.server.ClientHandler - Server sent message: READY to client: krysotf.
2025-06-04 15:37:25.298 [pool-1-thread-2] INFO  cz.vse.server.ClientHandler - Server sent message: READY to client: adam.
2025-06-04 15:37:25.299 [pool-1-thread-2] INFO  cz.vse.server.Server - Game session started between krysotf and adam
2025-06-04 15:37:55.268 [pool-1-thread-1] INFO  cz.vse.server.Message - Received message: PLACE 2 2 SIX_SHAPE 0
2025-06-04 15:37:55.274 [pool-1-thread-1] INFO  cz.vse.server.Game - Ship placed successfully at 2, 2 with rotation 0
2025-06-04 15:37:55.275 [pool-1-thread-1] INFO  cz.vse.server.ClientHandler - Server sent message: SUCCESS to client: krysotf.
2025-06-04 15:38:07.113 [pool-1-thread-1] INFO  cz.vse.server.Message - Received message: PLACE 5 5 SIX_SHAPE 0
2025-06-04 15:38:07.116 [pool-1-thread-1] INFO  cz.vse.server.ClientHandler - Server sent message: FAILURE to client: krysotf.
2025-06-04 15:38:07.116 [pool-1-thread-1] WARN  cz.vse.server.Message - Player cz.vse.server.ClientHandler@d48211 tried to place more ships of type SIX_SHAPE than allowed
2025-06-04 15:38:19.395 [pool-1-thread-1] INFO  cz.vse.server.Message - Received message: PLACE 3 3 TWO_SHAPE 2
2025-06-04 15:38:19.402 [pool-1-thread-1] WARN  cz.vse.server.Game - Invalid placement: Overlap detected at 3, 3
2025-06-04 15:38:19.403 [pool-1-thread-1] INFO  cz.vse.server.ClientHandler - Server sent message: FAILURE to client: krysotf.
2025-06-04 15:40:02.844 [pool-1-thread-2] INFO  cz.vse.server.ClientHandler - Client adam OUT closed
2025-06-04 15:43:14.723 [pool-1-thread-3] INFO  cz.vse.server.ClientHandler - Client cz.vse.server.ClientHandler@4686b60f connected to the server
2025-06-04 15:43:32.259 [pool-1-thread-3] INFO  cz.vse.server.ClientHandler - Client null OUT closed
2025-06-04 15:43:55.127 [pool-1-thread-3] INFO  cz.vse.server.ClientHandler - Client cz.vse.server.ClientHandler@484140af connected to the server
2025-06-04 15:44:09.690 [pool-1-thread-3] INFO  cz.vse.server.ClientHandler - Client null OUT closed
2025-06-04 15:44:35.630 [pool-1-thread-3] INFO  cz.vse.server.ClientHandler - Client cz.vse.server.ClientHandler@4c7edd7f connected to the server
2025-06-04 15:44:41.880 [pool-1-thread-3] INFO  cz.vse.server.ClientHandler - Client null OUT closed
2025-06-04 15:52:52.435 [main] INFO  cz.vse.server.Server - Server is listening for connections on port: 9091
2025-06-04 15:52:56.661 [pool-1-thread-1] INFO  cz.vse.server.ClientHandler - Client cz.vse.server.ClientHandler@4fe4ecc0 connected to the server
2025-06-04 15:53:02.117 [pool-1-thread-2] INFO  cz.vse.server.ClientHandler - Client cz.vse.server.ClientHandler@59d76c4f connected to the server
2025-06-04 15:53:07.980 [pool-1-thread-1] WARN  cz.vse.server.ClientHandler - Client not logged in. Message: user adam could not be processed
2025-06-04 15:53:07.981 [pool-1-thread-1] INFO  cz.vse.server.ClientHandler - Server sent message: ERROR: You must log in first. to client: cz.vse.server.ClientHandler@4fe4ecc0.
2025-06-04 15:53:16.232 [pool-1-thread-1] INFO  cz.vse.server.ClientHandler - User 'adam' logged in successfully
2025-06-04 15:53:22.529 [pool-1-thread-2] INFO  cz.vse.server.ClientHandler - User 'krystof' logged in successfully
2025-06-04 15:53:22.536 [pool-1-thread-2] INFO  cz.vse.server.Server - adam has been assigned to the game session
2025-06-04 15:53:22.537 [pool-1-thread-2] INFO  cz.vse.server.Server - krystof has been assigned to the game session
2025-06-04 15:53:22.537 [pool-1-thread-2] INFO  cz.vse.server.ClientHandler - Server sent message: READY to client: adam.
2025-06-04 15:53:22.537 [pool-1-thread-2] INFO  cz.vse.server.ClientHandler - Server sent message: READY to client: krystof.
2025-06-04 15:53:22.538 [pool-1-thread-2] INFO  cz.vse.server.Server - Game session started between adam and krystof
2025-06-04 15:53:30.156 [pool-1-thread-1] INFO  cz.vse.server.Message - Received message: BOMB 2 2
2025-06-04 15:53:30.158 [pool-1-thread-1] WARN  cz.vse.server.Message - Command could not be processed: BOMB 2 2, it is placement phase
2025-06-04 15:53:30.159 [pool-1-thread-1] INFO  cz.vse.server.ClientHandler - Server sent message: FAILURE to client: adam.
2025-06-04 15:53:59.057 [pool-1-thread-1] INFO  cz.vse.server.ClientHandler - Client adam OUT closed
2025-06-04 15:54:02.354 [pool-1-thread-2] INFO  cz.vse.server.ClientHandler - Client krystof OUT closed
2025-06-04 18:59:52.481 [main] INFO  cz.vse.server.Server - Server is listening for connections on port: 9091
2025-06-04 19:00:07.697 [pool-1-thread-1] INFO  cz.vse.server.ClientHandler - Client cz.vse.server.ClientHandler@5e1a964 connected to the server
2025-06-04 19:00:09.126 [pool-1-thread-2] INFO  cz.vse.server.ClientHandler - Client cz.vse.server.ClientHandler@41654fa8 connected to the server
2025-06-04 19:00:26.807 [pool-1-thread-2] INFO  cz.vse.server.ClientHandler - User 'user1' logged in successfully
2025-06-04 19:00:32.935 [pool-1-thread-1] INFO  cz.vse.server.ClientHandler - User 'user2' logged in successfully
2025-06-04 19:00:32.942 [pool-1-thread-1] INFO  cz.vse.server.Server - user1 has been assigned to the game session
2025-06-04 19:00:32.942 [pool-1-thread-1] INFO  cz.vse.server.Server - user2 has been assigned to the game session
2025-06-04 19:00:32.943 [pool-1-thread-1] INFO  cz.vse.server.ClientHandler - Server sent message: READY to client: user1.
2025-06-04 19:00:32.943 [pool-1-thread-1] INFO  cz.vse.server.ClientHandler - Server sent message: READY to client: user2.
2025-06-04 19:00:32.943 [pool-1-thread-1] INFO  cz.vse.server.Server - Game session started between user1 and user2
2025-06-04 19:00:43.044 [pool-1-thread-2] INFO  cz.vse.server.Message - Received message: PLACE 3 1 SIX_SHAPE 0
2025-06-04 19:00:43.046 [pool-1-thread-2] INFO  cz.vse.server.Game - Ship placed successfully at 3, 1 with rotation 0
2025-06-04 19:00:43.046 [pool-1-thread-2] INFO  cz.vse.server.ClientHandler - Server sent message: SUCCESS to client: user1.
2025-06-04 19:00:43.046 [pool-1-thread-2] ERROR cz.vse.server.GameSession - Cannot switch turn during placement phase
2025-06-04 19:00:44.755 [pool-1-thread-2] INFO  cz.vse.server.Message - Received message: PLACE 3 3 BLOCK_SHAPE 0
2025-06-04 19:00:44.755 [pool-1-thread-2] WARN  cz.vse.server.Game - Invalid placement: Overlap detected at 3, 3
2025-06-04 19:00:44.756 [pool-1-thread-2] INFO  cz.vse.server.ClientHandler - Server sent message: FAILURE to client: user1.
2025-06-04 19:00:45.639 [pool-1-thread-2] INFO  cz.vse.server.Message - Received message: PLACE 3 4 BLOCK_SHAPE 0
2025-06-04 19:00:45.640 [pool-1-thread-2] WARN  cz.vse.server.Game - Invalid placement: Adjacent ship detected at 3, 4
2025-06-04 19:00:45.641 [pool-1-thread-2] INFO  cz.vse.server.ClientHandler - Server sent message: FAILURE to client: user1.
2025-06-04 19:00:46.422 [pool-1-thread-2] INFO  cz.vse.server.Message - Received message: PLACE 4 4 BLOCK_SHAPE 0
2025-06-04 19:00:46.423 [pool-1-thread-2] WARN  cz.vse.server.Game - Invalid placement: Adjacent ship detected at 4, 4
2025-06-04 19:00:46.424 [pool-1-thread-2] INFO  cz.vse.server.ClientHandler - Server sent message: FAILURE to client: user1.
2025-06-04 19:00:47.106 [pool-1-thread-2] INFO  cz.vse.server.Message - Received message: PLACE 6 4 BLOCK_SHAPE 0
2025-06-04 19:00:47.107 [pool-1-thread-2] INFO  cz.vse.server.Game - Ship placed successfully at 6, 4 with rotation 0
2025-06-04 19:00:47.108 [pool-1-thread-2] INFO  cz.vse.server.ClientHandler - Server sent message: SUCCESS to client: user1.
2025-06-04 19:00:47.108 [pool-1-thread-2] ERROR cz.vse.server.GameSession - Cannot switch turn during placement phase
2025-06-04 19:00:47.856 [pool-1-thread-2] INFO  cz.vse.server.Message - Received message: PLACE 3 6 BLOCK_SHAPE 0
2025-06-04 19:00:47.857 [pool-1-thread-2] INFO  cz.vse.server.Game - Ship placed successfully at 3, 6 with rotation 0
2025-06-04 19:00:47.857 [pool-1-thread-2] INFO  cz.vse.server.ClientHandler - Server sent message: SUCCESS to client: user1.
2025-06-04 19:00:47.858 [pool-1-thread-2] ERROR cz.vse.server.GameSession - Cannot switch turn during placement phase
2025-06-04 19:00:48.939 [pool-1-thread-2] INFO  cz.vse.server.Message - Received message: PLACE 8 7 FOUR_SHAPE 0
2025-06-04 19:00:48.940 [pool-1-thread-2] WARN  cz.vse.server.Game - Invalid placement: Ship part out of bounds at 8, 10
2025-06-04 19:00:48.940 [pool-1-thread-2] INFO  cz.vse.server.ClientHandler - Server sent message: FAILURE to client: user1.
2025-06-04 19:00:49.755 [pool-1-thread-2] INFO  cz.vse.server.Message - Received message: PLACE 3 8 FOUR_SHAPE 0
2025-06-04 19:00:49.756 [pool-1-thread-2] WARN  cz.vse.server.Game - Invalid placement: Adjacent ship detected at 3, 8
2025-06-04 19:00:49.756 [pool-1-thread-2] INFO  cz.vse.server.ClientHandler - Server sent message: FAILURE to client: user1.
2025-06-04 19:00:50.571 [pool-1-thread-2] INFO  cz.vse.server.Message - Received message: PLACE 6 7 FOUR_SHAPE 0
2025-06-04 19:00:50.572 [pool-1-thread-2] WARN  cz.vse.server.Game - Invalid placement: Ship part out of bounds at 6, 10
2025-06-04 19:00:50.572 [pool-1-thread-2] INFO  cz.vse.server.ClientHandler - Server sent message: FAILURE to client: user1.
2025-06-04 19:00:51.456 [pool-1-thread-2] INFO  cz.vse.server.Message - Received message: PLACE 6 6 FOUR_SHAPE 0
2025-06-04 19:00:51.457 [pool-1-thread-2] WARN  cz.vse.server.Game - Invalid placement: Adjacent ship detected at 6, 6
2025-06-04 19:00:51.458 [pool-1-thread-2] INFO  cz.vse.server.ClientHandler - Server sent message: FAILURE to client: user1.
2025-06-04 19:00:52.422 [pool-1-thread-2] INFO  cz.vse.server.Message - Received message: PLACE 6 5 FOUR_SHAPE 0
2025-06-04 19:00:52.423 [pool-1-thread-2] WARN  cz.vse.server.Game - Invalid placement: Overlap detected at 6, 5
2025-06-04 19:00:52.424 [pool-1-thread-2] INFO  cz.vse.server.ClientHandler - Server sent message: FAILURE to client: user1.
2025-06-04 19:00:53.089 [pool-1-thread-2] INFO  cz.vse.server.Message - Received message: PLACE 5 8 FOUR_SHAPE 0
2025-06-04 19:00:53.090 [pool-1-thread-2] WARN  cz.vse.server.Game - Invalid placement: Adjacent ship detected at 5, 8
2025-06-04 19:00:53.091 [pool-1-thread-2] INFO  cz.vse.server.ClientHandler - Server sent message: FAILURE to client: user1.
2025-06-04 19:00:53.789 [pool-1-thread-2] INFO  cz.vse.server.Message - Received message: PLACE 8 9 FOUR_SHAPE 0
2025-06-04 19:00:53.790 [pool-1-thread-2] WARN  cz.vse.server.Game - Invalid placement: Ship part out of bounds at 8, 10
2025-06-04 19:00:53.790 [pool-1-thread-2] INFO  cz.vse.server.ClientHandler - Server sent message: FAILURE to client: user1.
2025-06-04 19:00:54.339 [pool-1-thread-2] INFO  cz.vse.server.Message - Received message: PLACE 8 9 FOUR_SHAPE 0
2025-06-04 19:00:54.340 [pool-1-thread-2] WARN  cz.vse.server.Game - Invalid placement: Ship part out of bounds at 8, 10
2025-06-04 19:00:54.341 [pool-1-thread-2] INFO  cz.vse.server.ClientHandler - Server sent message: FAILURE to client: user1.
2025-06-04 19:00:54.872 [pool-1-thread-2] INFO  cz.vse.server.Message - Received message: PLACE 6 9 FOUR_SHAPE 0
2025-06-04 19:00:54.873 [pool-1-thread-2] WARN  cz.vse.server.Game - Invalid placement: Ship part out of bounds at 6, 10
2025-06-04 19:00:54.874 [pool-1-thread-2] INFO  cz.vse.server.ClientHandler - Server sent message: FAILURE to client: user1.
2025-06-04 19:00:55.573 [pool-1-thread-2] INFO  cz.vse.server.Message - Received message: PLACE 4 8 FOUR_SHAPE 0
2025-06-04 19:00:55.573 [pool-1-thread-2] WARN  cz.vse.server.Game - Invalid placement: Adjacent ship detected at 4, 8
2025-06-04 19:00:55.574 [pool-1-thread-2] INFO  cz.vse.server.ClientHandler - Server sent message: FAILURE to client: user1.
2025-06-04 19:00:56.445 [pool-1-thread-1] INFO  cz.vse.server.Message - Received message: PLACE 5 2 SIX_SHAPE 0
2025-06-04 19:00:56.446 [pool-1-thread-1] INFO  cz.vse.server.Game - Ship placed successfully at 5, 2 with rotation 0
2025-06-04 19:00:56.446 [pool-1-thread-1] INFO  cz.vse.server.ClientHandler - Server sent message: SUCCESS to client: user2.
2025-06-04 19:00:56.447 [pool-1-thread-1] ERROR cz.vse.server.GameSession - Cannot switch turn during placement phase
2025-06-04 19:00:57.689 [pool-1-thread-1] INFO  cz.vse.server.Message - Received message: PLACE 2 4 BLOCK_SHAPE 0
2025-06-04 19:00:57.690 [pool-1-thread-1] INFO  cz.vse.server.Game - Ship placed successfully at 2, 4 with rotation 0
2025-06-04 19:00:57.690 [pool-1-thread-1] INFO  cz.vse.server.ClientHandler - Server sent message: SUCCESS to client: user2.
2025-06-04 19:00:57.690 [pool-1-thread-1] ERROR cz.vse.server.GameSession - Cannot switch turn during placement phase
2025-06-04 19:00:58.657 [pool-1-thread-1] INFO  cz.vse.server.Message - Received message: PLACE 5 5 BLOCK_SHAPE 0
2025-06-04 19:00:58.659 [pool-1-thread-1] WARN  cz.vse.server.Game - Invalid placement: Adjacent ship detected at 5, 5
2025-06-04 19:00:58.659 [pool-1-thread-1] INFO  cz.vse.server.ClientHandler - Server sent message: FAILURE to client: user2.
2025-06-04 19:00:59.539 [pool-1-thread-1] INFO  cz.vse.server.Message - Received message: PLACE 4 6 BLOCK_SHAPE 0
2025-06-04 19:00:59.540 [pool-1-thread-1] WARN  cz.vse.server.Game - Invalid placement: Adjacent ship detected at 4, 6
2025-06-04 19:00:59.541 [pool-1-thread-1] INFO  cz.vse.server.ClientHandler - Server sent message: FAILURE to client: user2.
2025-06-04 19:01:00.405 [pool-1-thread-1] INFO  cz.vse.server.Message - Received message: PLACE 5 3 BLOCK_SHAPE 0
2025-06-04 19:01:00.406 [pool-1-thread-1] WARN  cz.vse.server.Game - Invalid placement: Overlap detected at 5, 3
2025-06-04 19:01:00.407 [pool-1-thread-1] INFO  cz.vse.server.ClientHandler - Server sent message: FAILURE to client: user2.
2025-06-04 19:01:01.172 [pool-1-thread-1] INFO  cz.vse.server.Message - Received message: PLACE 5 4 BLOCK_SHAPE 0
2025-06-04 19:01:01.172 [pool-1-thread-1] WARN  cz.vse.server.Game - Invalid placement: Overlap detected at 5, 4
2025-06-04 19:01:01.173 [pool-1-thread-1] INFO  cz.vse.server.ClientHandler - Server sent message: FAILURE to client: user2.
2025-06-04 19:01:01.373 [pool-1-thread-1] INFO  cz.vse.server.Message - Received message: PLACE 5 4 BLOCK_SHAPE 0
2025-06-04 19:01:01.374 [pool-1-thread-1] WARN  cz.vse.server.Game - Invalid placement: Overlap detected at 5, 4
2025-06-04 19:01:01.374 [pool-1-thread-1] INFO  cz.vse.server.ClientHandler - Server sent message: FAILURE to client: user2.
2025-06-04 19:01:02.806 [pool-1-thread-1] INFO  cz.vse.server.Message - Received message: PLACE 5 6 BLOCK_SHAPE 0
2025-06-04 19:01:02.807 [pool-1-thread-1] INFO  cz.vse.server.Game - Ship placed successfully at 5, 6 with rotation 0
2025-06-04 19:01:02.807 [pool-1-thread-1] INFO  cz.vse.server.ClientHandler - Server sent message: SUCCESS to client: user2.
2025-06-04 19:01:02.808 [pool-1-thread-1] ERROR cz.vse.server.GameSession - Cannot switch turn during placement phase
2025-06-04 19:01:04.639 [pool-1-thread-1] INFO  cz.vse.server.Message - Received message: PLACE 6 8 FOUR_SHAPE 0
2025-06-04 19:01:04.640 [pool-1-thread-1] WARN  cz.vse.server.Game - Invalid placement: Adjacent ship detected at 6, 8
2025-06-04 19:01:04.640 [pool-1-thread-1] INFO  cz.vse.server.ClientHandler - Server sent message: FAILURE to client: user2.
2025-06-04 19:01:05.539 [pool-1-thread-1] INFO  cz.vse.server.Message - Received message: PLACE 6 8 FOUR_SHAPE 0
2025-06-04 19:01:05.540 [pool-1-thread-1] WARN  cz.vse.server.Game - Invalid placement: Adjacent ship detected at 6, 8
2025-06-04 19:01:05.541 [pool-1-thread-1] INFO  cz.vse.server.ClientHandler - Server sent message: FAILURE to client: user2.
2025-06-04 19:01:06.289 [pool-1-thread-1] INFO  cz.vse.server.Message - Received message: PLACE 7 9 FOUR_SHAPE 0
2025-06-04 19:01:06.290 [pool-1-thread-1] WARN  cz.vse.server.Game - Invalid placement: Ship part out of bounds at 7, 10
2025-06-04 19:01:06.290 [pool-1-thread-1] INFO  cz.vse.server.ClientHandler - Server sent message: FAILURE to client: user2.
2025-06-04 19:01:06.856 [pool-1-thread-1] INFO  cz.vse.server.Message - Received message: PLACE 8 8 FOUR_SHAPE 0
2025-06-04 19:01:06.856 [pool-1-thread-1] WARN  cz.vse.server.Game - Invalid placement: Ship part out of bounds at 8, 10
2025-06-04 19:01:06.857 [pool-1-thread-1] INFO  cz.vse.server.ClientHandler - Server sent message: FAILURE to client: user2.
2025-06-04 19:01:07.289 [pool-1-thread-1] INFO  cz.vse.server.Message - Received message: PLACE 8 8 FOUR_SHAPE 0
2025-06-04 19:01:07.290 [pool-1-thread-1] WARN  cz.vse.server.Game - Invalid placement: Ship part out of bounds at 8, 10
2025-06-04 19:01:07.290 [pool-1-thread-1] INFO  cz.vse.server.ClientHandler - Server sent message: FAILURE to client: user2.
2025-06-04 19:01:07.587 [pool-1-thread-1] INFO  cz.vse.server.Message - Received message: PLACE 7 8 FOUR_SHAPE 0
2025-06-04 19:01:07.588 [pool-1-thread-1] WARN  cz.vse.server.Game - Invalid placement: Adjacent ship detected at 7, 8
2025-06-04 19:01:07.588 [pool-1-thread-1] INFO  cz.vse.server.ClientHandler - Server sent message: FAILURE to client: user2.
2025-06-04 19:01:08.123 [pool-1-thread-1] INFO  cz.vse.server.Message - Received message: PLACE 7 8 FOUR_SHAPE 0
2025-06-04 19:01:08.124 [pool-1-thread-1] WARN  cz.vse.server.Game - Invalid placement: Adjacent ship detected at 7, 8
2025-06-04 19:01:08.124 [pool-1-thread-1] INFO  cz.vse.server.ClientHandler - Server sent message: FAILURE to client: user2.
2025-06-04 19:01:08.388 [pool-1-thread-1] INFO  cz.vse.server.Message - Received message: PLACE 7 8 FOUR_SHAPE 0
2025-06-04 19:01:08.389 [pool-1-thread-1] WARN  cz.vse.server.Game - Invalid placement: Adjacent ship detected at 7, 8
2025-06-04 19:01:08.389 [pool-1-thread-1] INFO  cz.vse.server.ClientHandler - Server sent message: FAILURE to client: user2.
2025-06-04 19:01:08.989 [pool-1-thread-1] INFO  cz.vse.server.Message - Received message: PLACE 6 8 FOUR_SHAPE 0
2025-06-04 19:01:08.990 [pool-1-thread-1] WARN  cz.vse.server.Game - Invalid placement: Adjacent ship detected at 6, 8
2025-06-04 19:01:08.990 [pool-1-thread-1] INFO  cz.vse.server.ClientHandler - Server sent message: FAILURE to client: user2.
2025-06-04 19:01:09.555 [pool-1-thread-1] INFO  cz.vse.server.Message - Received message: PLACE 4 8 FOUR_SHAPE 0
2025-06-04 19:01:09.555 [pool-1-thread-1] WARN  cz.vse.server.Game - Invalid placement: Adjacent ship detected at 4, 8
2025-06-04 19:01:09.555 [pool-1-thread-1] INFO  cz.vse.server.ClientHandler - Server sent message: FAILURE to client: user2.
2025-06-04 19:01:10.089 [pool-1-thread-1] INFO  cz.vse.server.Message - Received message: PLACE 4 8 FOUR_SHAPE 0
2025-06-04 19:01:10.089 [pool-1-thread-1] WARN  cz.vse.server.Game - Invalid placement: Adjacent ship detected at 4, 8
2025-06-04 19:01:10.090 [pool-1-thread-1] INFO  cz.vse.server.ClientHandler - Server sent message: FAILURE to client: user2.
2025-06-04 19:01:10.489 [pool-1-thread-1] INFO  cz.vse.server.Message - Received message: PLACE 3 8 FOUR_SHAPE 0
2025-06-04 19:01:10.489 [pool-1-thread-1] WARN  cz.vse.server.Game - Invalid placement: Ship part out of bounds at 3, 10
2025-06-04 19:01:10.489 [pool-1-thread-1] INFO  cz.vse.server.ClientHandler - Server sent message: FAILURE to client: user2.
2025-06-04 19:01:10.954 [pool-1-thread-1] INFO  cz.vse.server.Message - Received message: PLACE 2 8 FOUR_SHAPE 0
2025-06-04 19:01:10.954 [pool-1-thread-1] WARN  cz.vse.server.Game - Invalid placement: Ship part out of bounds at 2, 10
2025-06-04 19:01:10.954 [pool-1-thread-1] INFO  cz.vse.server.ClientHandler - Server sent message: FAILURE to client: user2.
2025-06-04 19:01:11.422 [pool-1-thread-1] INFO  cz.vse.server.Message - Received message: PLACE 1 8 FOUR_SHAPE 0
2025-06-04 19:01:11.424 [pool-1-thread-1] WARN  cz.vse.server.Game - Invalid placement: Ship part out of bounds at 1, 10
2025-06-04 19:01:11.424 [pool-1-thread-1] INFO  cz.vse.server.ClientHandler - Server sent message: FAILURE to client: user2.
2025-06-04 19:01:11.939 [pool-1-thread-1] INFO  cz.vse.server.Message - Received message: PLACE 1 9 FOUR_SHAPE 0
2025-06-04 19:01:11.940 [pool-1-thread-1] WARN  cz.vse.server.Game - Invalid placement: Ship part out of bounds at 1, 10
2025-06-04 19:01:11.940 [pool-1-thread-1] INFO  cz.vse.server.ClientHandler - Server sent message: FAILURE to client: user2.
2025-06-04 19:01:12.439 [pool-1-thread-1] INFO  cz.vse.server.Message - Received message: PLACE 2 9 FOUR_SHAPE 0
2025-06-04 19:01:12.439 [pool-1-thread-1] WARN  cz.vse.server.Game - Invalid placement: Ship part out of bounds at 2, 10
2025-06-04 19:01:12.439 [pool-1-thread-1] INFO  cz.vse.server.ClientHandler - Server sent message: FAILURE to client: user2.
2025-06-04 19:01:12.822 [pool-1-thread-1] INFO  cz.vse.server.Message - Received message: PLACE 3 9 FOUR_SHAPE 0
2025-06-04 19:01:12.823 [pool-1-thread-1] WARN  cz.vse.server.Game - Invalid placement: Ship part out of bounds at 3, 10
2025-06-04 19:01:12.823 [pool-1-thread-1] INFO  cz.vse.server.ClientHandler - Server sent message: FAILURE to client: user2.
2025-06-04 19:01:13.222 [pool-1-thread-1] INFO  cz.vse.server.Message - Received message: PLACE 4 9 FOUR_SHAPE 0
2025-06-04 19:01:13.223 [pool-1-thread-1] WARN  cz.vse.server.Game - Invalid placement: Ship part out of bounds at 4, 10
2025-06-04 19:01:13.223 [pool-1-thread-1] INFO  cz.vse.server.ClientHandler - Server sent message: FAILURE to client: user2.
2025-06-04 19:01:13.772 [pool-1-thread-1] INFO  cz.vse.server.Message - Received message: PLACE 5 9 FOUR_SHAPE 0
2025-06-04 19:01:13.772 [pool-1-thread-1] WARN  cz.vse.server.Game - Invalid placement: Ship part out of bounds at 5, 10
2025-06-04 19:01:13.773 [pool-1-thread-1] INFO  cz.vse.server.ClientHandler - Server sent message: FAILURE to client: user2.
2025-06-04 19:01:14.223 [pool-1-thread-1] INFO  cz.vse.server.Message - Received message: PLACE 5 9 FOUR_SHAPE 0
2025-06-04 19:01:14.223 [pool-1-thread-1] WARN  cz.vse.server.Game - Invalid placement: Ship part out of bounds at 5, 10
2025-06-04 19:01:14.224 [pool-1-thread-1] INFO  cz.vse.server.ClientHandler - Server sent message: FAILURE to client: user2.
2025-06-04 19:01:15.272 [pool-1-thread-1] INFO  cz.vse.server.Message - Received message: PLACE 2 0 FOUR_SHAPE 0
2025-06-04 19:01:15.273 [pool-1-thread-1] WARN  cz.vse.server.Game - Invalid placement: Adjacent ship detected at 2, 3
2025-06-04 19:01:15.274 [pool-1-thread-1] INFO  cz.vse.server.ClientHandler - Server sent message: FAILURE to client: user2.
2025-06-04 19:01:30.107 [pool-1-thread-2] INFO  cz.vse.server.Message - Received message: PLACE 7 6 FOUR_SHAPE 0
2025-06-04 19:01:30.110 [pool-1-thread-2] WARN  cz.vse.server.Game - Invalid placement: Adjacent ship detected at 7, 6
2025-06-04 19:01:30.111 [pool-1-thread-2] INFO  cz.vse.server.ClientHandler - Server sent message: FAILURE to client: user1.
2025-06-04 19:01:32.022 [pool-1-thread-2] INFO  cz.vse.server.Message - Received message: PLACE 7 7 FOUR_SHAPE 0
2025-06-04 19:01:32.023 [pool-1-thread-2] WARN  cz.vse.server.Game - Invalid placement: Ship part out of bounds at 7, 10
2025-06-04 19:01:32.023 [pool-1-thread-2] INFO  cz.vse.server.ClientHandler - Server sent message: FAILURE to client: user1.
2025-06-04 19:01:33.222 [pool-1-thread-2] INFO  cz.vse.server.Message - Received message: PLACE 6 7 FOUR_SHAPE 0
2025-06-04 19:01:33.223 [pool-1-thread-2] WARN  cz.vse.server.Game - Invalid placement: Ship part out of bounds at 6, 10
2025-06-04 19:01:33.223 [pool-1-thread-2] INFO  cz.vse.server.ClientHandler - Server sent message: FAILURE to client: user1.
2025-06-04 19:01:33.956 [pool-1-thread-2] INFO  cz.vse.server.Message - Received message: PLACE 6 8 FOUR_SHAPE 0
2025-06-04 19:01:33.956 [pool-1-thread-2] WARN  cz.vse.server.Game - Invalid placement: Ship part out of bounds at 6, 10
2025-06-04 19:01:33.957 [pool-1-thread-2] INFO  cz.vse.server.ClientHandler - Server sent message: FAILURE to client: user1.
2025-06-04 19:01:34.922 [pool-1-thread-2] INFO  cz.vse.server.Message - Received message: PLACE 6 9 FOUR_SHAPE 0
2025-06-04 19:01:34.923 [pool-1-thread-2] WARN  cz.vse.server.Game - Invalid placement: Ship part out of bounds at 6, 10
2025-06-04 19:01:34.923 [pool-1-thread-2] INFO  cz.vse.server.ClientHandler - Server sent message: FAILURE to client: user1.
2025-06-04 19:01:35.839 [pool-1-thread-2] INFO  cz.vse.server.Message - Received message: PLACE 6 9 FOUR_SHAPE 0
2025-06-04 19:01:35.839 [pool-1-thread-2] WARN  cz.vse.server.Game - Invalid placement: Ship part out of bounds at 6, 10
2025-06-04 19:01:35.840 [pool-1-thread-2] INFO  cz.vse.server.ClientHandler - Server sent message: FAILURE to client: user1.
2025-06-04 19:01:36.755 [pool-1-thread-2] INFO  cz.vse.server.Message - Received message: PLACE 4 9 FOUR_SHAPE 0
2025-06-04 19:01:36.756 [pool-1-thread-2] WARN  cz.vse.server.Game - Invalid placement: Ship part out of bounds at 4, 10
2025-06-04 19:01:36.756 [pool-1-thread-2] INFO  cz.vse.server.ClientHandler - Server sent message: FAILURE to client: user1.
2025-06-04 19:01:37.622 [pool-1-thread-2] INFO  cz.vse.server.Message - Received message: PLACE 3 9 FOUR_SHAPE 0
2025-06-04 19:01:37.622 [pool-1-thread-2] WARN  cz.vse.server.Game - Invalid placement: Ship part out of bounds at 3, 10
2025-06-04 19:01:37.623 [pool-1-thread-2] INFO  cz.vse.server.ClientHandler - Server sent message: FAILURE to client: user1.
2025-06-04 19:02:08.323 [pool-1-thread-2] INFO  cz.vse.server.ClientHandler - Client user1 OUT closed
2025-06-04 19:02:08.323 [pool-1-thread-1] INFO  cz.vse.server.ClientHandler - Client user2 OUT closed
2025-06-04 19:03:50.663 [pool-1-thread-3] INFO  cz.vse.server.ClientHandler - Client cz.vse.server.ClientHandler@627910de connected to the server
2025-06-04 19:03:52.101 [pool-1-thread-4] INFO  cz.vse.server.ClientHandler - Client cz.vse.server.ClientHandler@40e271f6 connected to the server
2025-06-04 19:05:52.230 [pool-1-thread-4] INFO  cz.vse.server.ClientHandler - Client null OUT closed
2025-06-04 19:05:54.014 [pool-1-thread-3] INFO  cz.vse.server.ClientHandler - Client null OUT closed
