2025-06-06 10:01:21.980 [main] INFO  cz.vse.server.Server - Server is listening for connections on port: 9091
2025-06-06 10:01:36.050 [pool-1-thread-1] INFO  cz.vse.server.ClientHandler - Client cz.vse.server.ClientHandler@eb05922 connected to the server
2025-06-06 10:01:38.803 [pool-1-thread-2] INFO  cz.vse.server.ClientHandler - Client cz.vse.server.ClientHandler@345b963c connected to the server
2025-06-06 10:01:38.808 [pool-1-thread-2] INFO  cz.vse.server.ClientHandler - User 'user1' logged in successfully
2025-06-06 10:01:41.325 [pool-1-thread-1] INFO  cz.vse.server.ClientHandler - User 'user2' logged in successfully
2025-06-06 10:01:41.335 [pool-1-thread-1] INFO  cz.vse.server.Server - user1 has been assigned to the game session
2025-06-06 10:01:41.335 [pool-1-thread-1] INFO  cz.vse.server.Server - user2 has been assigned to the game session
2025-06-06 10:01:41.335 [pool-1-thread-1] INFO  cz.vse.server.ClientHandler - Server sent message: READY to client: user1.
2025-06-06 10:01:41.336 [pool-1-thread-1] INFO  cz.vse.server.ClientHandler - Server sent message: READY to client: user2.
2025-06-06 10:01:41.336 [pool-1-thread-1] INFO  cz.vse.server.Server - Game session started between user1 and user2
2025-06-06 10:01:58.954 [pool-1-thread-1] INFO  cz.vse.server.Message - Received message: BOMB 1 1
2025-06-06 10:01:58.957 [pool-1-thread-1] WARN  cz.vse.server.Message - Command could not be processed: BOMB 1 1, it is placement phase
2025-06-06 10:01:58.957 [pool-1-thread-1] INFO  cz.vse.server.ClientHandler - Server sent message: FAILURE to client: user2.
2025-06-06 10:02:03.410 [pool-1-thread-1] INFO  cz.vse.server.Message - Received message: PLACE 1 1 SIX_SHAPE 0
2025-06-06 10:02:03.412 [pool-1-thread-1] INFO  cz.vse.server.Game - Ship placed successfully at 0, 0 with rotation 0
2025-06-06 10:02:03.412 [pool-1-thread-1] INFO  cz.vse.server.ClientHandler - Server sent message: SUCCESS to client: user2.
2025-06-06 10:02:05.304 [pool-1-thread-2] INFO  cz.vse.server.Message - Received message: PLACE 1 1 SIX_SHAPE 0
2025-06-06 10:02:05.305 [pool-1-thread-2] INFO  cz.vse.server.Game - Ship placed successfully at 0, 0 with rotation 0
2025-06-06 10:02:05.305 [pool-1-thread-2] INFO  cz.vse.server.ClientHandler - Server sent message: SUCCESS to client: user1.
2025-06-06 10:02:07.037 [pool-1-thread-2] INFO  cz.vse.server.Message - Received message: PLACE 9 5 BLOCK_SHAPE 0
2025-06-06 10:02:07.038 [pool-1-thread-2] INFO  cz.vse.server.Game - Ship placed successfully at 8, 4 with rotation 0
2025-06-06 10:02:07.038 [pool-1-thread-2] INFO  cz.vse.server.ClientHandler - Server sent message: SUCCESS to client: user1.
2025-06-06 10:02:10.104 [pool-1-thread-1] INFO  cz.vse.server.Message - Received message: PLACE 9 6 BLOCK_SHAPE 0
2025-06-06 10:02:10.105 [pool-1-thread-1] INFO  cz.vse.server.Game - Ship placed successfully at 8, 5 with rotation 0
2025-06-06 10:02:10.105 [pool-1-thread-1] INFO  cz.vse.server.ClientHandler - Server sent message: SUCCESS to client: user2.
2025-06-06 10:02:12.737 [pool-1-thread-1] INFO  cz.vse.server.Message - Received message: PLACE 10 1 BLOCK_SHAPE 0
2025-06-06 10:02:12.738 [pool-1-thread-1] WARN  cz.vse.server.Game - Invalid placement: Ship part out of bounds at 10, 0
2025-06-06 10:02:12.739 [pool-1-thread-1] INFO  cz.vse.server.ClientHandler - Server sent message: FAILURE to client: user2.
2025-06-06 10:02:14.452 [pool-1-thread-1] INFO  cz.vse.server.Message - Received message: PLACE 9 1 BLOCK_SHAPE 0
2025-06-06 10:02:14.453 [pool-1-thread-1] INFO  cz.vse.server.Game - Ship placed successfully at 8, 0 with rotation 0
2025-06-06 10:02:14.453 [pool-1-thread-1] INFO  cz.vse.server.ClientHandler - Server sent message: SUCCESS to client: user2.
2025-06-06 10:02:16.787 [pool-1-thread-2] INFO  cz.vse.server.Message - Received message: PLACE 9 9 BLOCK_SHAPE 0
2025-06-06 10:02:16.788 [pool-1-thread-2] INFO  cz.vse.server.Game - Ship placed successfully at 8, 8 with rotation 0
2025-06-06 10:02:16.788 [pool-1-thread-2] INFO  cz.vse.server.ClientHandler - Server sent message: SUCCESS to client: user1.
2025-06-06 10:02:20.654 [pool-1-thread-2] INFO  cz.vse.server.Message - Received message: PLACE 7 8 FOUR_SHAPE 0
2025-06-06 10:02:20.655 [pool-1-thread-2] WARN  cz.vse.server.Game - Invalid placement: Ship part out of bounds at 6, 10
2025-06-06 10:02:20.655 [pool-1-thread-2] INFO  cz.vse.server.ClientHandler - Server sent message: FAILURE to client: user1.
2025-06-06 10:02:22.702 [pool-1-thread-2] INFO  cz.vse.server.Message - Received message: PLACE 10 1 FOUR_SHAPE 0
2025-06-06 10:02:22.702 [pool-1-thread-2] WARN  cz.vse.server.Game - Invalid placement: Adjacent ship detected at 9, 3
2025-06-06 10:02:22.703 [pool-1-thread-2] INFO  cz.vse.server.ClientHandler - Server sent message: FAILURE to client: user1.
2025-06-06 10:02:24.287 [pool-1-thread-2] INFO  cz.vse.server.Message - Received message: PLACE 7 1 FOUR_SHAPE 0
2025-06-06 10:02:24.288 [pool-1-thread-2] INFO  cz.vse.server.Game - Ship placed successfully at 6, 0 with rotation 0
2025-06-06 10:02:24.288 [pool-1-thread-2] INFO  cz.vse.server.ClientHandler - Server sent message: SUCCESS to client: user1.
2025-06-06 10:02:25.787 [pool-1-thread-2] INFO  cz.vse.server.Message - Received message: PLACE 5 1 FOUR_SHAPE 0
2025-06-06 10:02:25.788 [pool-1-thread-2] INFO  cz.vse.server.Game - Ship placed successfully at 4, 0 with rotation 0
2025-06-06 10:02:25.788 [pool-1-thread-2] INFO  cz.vse.server.ClientHandler - Server sent message: SUCCESS to client: user1.
2025-06-06 10:02:28.670 [pool-1-thread-2] INFO  cz.vse.server.Message - Received message: PLACE 10 1 TWO_SHAPE 0
2025-06-06 10:02:28.671 [pool-1-thread-2] INFO  cz.vse.server.Game - Ship placed successfully at 9, 0 with rotation 0
2025-06-06 10:02:28.671 [pool-1-thread-2] INFO  cz.vse.server.ClientHandler - Server sent message: SUCCESS to client: user1.
2025-06-06 10:02:29.586 [pool-1-thread-2] INFO  cz.vse.server.Message - Received message: PLACE 10 1 TWO_SHAPE 0
2025-06-06 10:02:29.586 [pool-1-thread-2] WARN  cz.vse.server.Game - Invalid placement: Overlap detected at 9, 0
2025-06-06 10:02:29.586 [pool-1-thread-2] INFO  cz.vse.server.ClientHandler - Server sent message: FAILURE to client: user1.
2025-06-06 10:02:30.771 [pool-1-thread-2] INFO  cz.vse.server.Message - Received message: PLACE 10 1 TWO_SHAPE 0
2025-06-06 10:02:30.772 [pool-1-thread-2] WARN  cz.vse.server.Game - Invalid placement: Overlap detected at 9, 0
2025-06-06 10:02:30.773 [pool-1-thread-2] INFO  cz.vse.server.ClientHandler - Server sent message: FAILURE to client: user1.
2025-06-06 10:02:50.336 [pool-1-thread-1] INFO  cz.vse.server.Message - Received message: PLACE 7 1 FOUR_SHAPE 0
2025-06-06 10:02:50.337 [pool-1-thread-1] INFO  cz.vse.server.Game - Ship placed successfully at 6, 0 with rotation 0
2025-06-06 10:02:50.338 [pool-1-thread-1] INFO  cz.vse.server.ClientHandler - Server sent message: SUCCESS to client: user2.
2025-06-06 10:02:52.520 [pool-1-thread-1] INFO  cz.vse.server.Message - Received message: PLACE 5 1 FOUR_SHAPE 0
2025-06-06 10:02:52.521 [pool-1-thread-1] INFO  cz.vse.server.Game - Ship placed successfully at 4, 0 with rotation 0
2025-06-06 10:02:52.521 [pool-1-thread-1] INFO  cz.vse.server.ClientHandler - Server sent message: SUCCESS to client: user2.
2025-06-06 10:02:54.304 [pool-1-thread-2] INFO  cz.vse.server.Message - Received message: PLACE 10 1 TWO_SHAPE 0
2025-06-06 10:02:54.305 [pool-1-thread-2] WARN  cz.vse.server.Game - Invalid placement: Overlap detected at 9, 0
2025-06-06 10:02:54.305 [pool-1-thread-2] INFO  cz.vse.server.ClientHandler - Server sent message: FAILURE to client: user1.
2025-06-06 10:02:56.420 [pool-1-thread-2] INFO  cz.vse.server.Message - Received message: PLACE 6 7 TWO_SHAPE 0
2025-06-06 10:02:56.421 [pool-1-thread-2] INFO  cz.vse.server.Game - Ship placed successfully at 5, 6 with rotation 0
2025-06-06 10:02:56.421 [pool-1-thread-2] INFO  cz.vse.server.ClientHandler - Server sent message: SUCCESS to client: user1.
2025-06-06 10:03:07.953 [pool-1-thread-1] INFO  cz.vse.server.Message - Received message: PLACE 6 8 TWO_SHAPE 0
2025-06-06 10:03:07.954 [pool-1-thread-1] INFO  cz.vse.server.Game - Ship placed successfully at 5, 7 with rotation 0
2025-06-06 10:03:07.954 [pool-1-thread-1] INFO  cz.vse.server.ClientHandler - Server sent message: SUCCESS to client: user2.
2025-06-06 10:03:09.186 [pool-1-thread-1] INFO  cz.vse.server.Message - Received message: PLACE 5 8 TWO_SHAPE 0
2025-06-06 10:03:09.187 [pool-1-thread-1] WARN  cz.vse.server.Game - Invalid placement: Adjacent ship detected at 4, 7
2025-06-06 10:03:09.188 [pool-1-thread-1] INFO  cz.vse.server.ClientHandler - Server sent message: FAILURE to client: user2.
2025-06-06 10:03:10.070 [pool-1-thread-1] INFO  cz.vse.server.Message - Received message: PLACE 4 8 TWO_SHAPE 0
2025-06-06 10:03:10.071 [pool-1-thread-1] INFO  cz.vse.server.Game - Ship placed successfully at 3, 7 with rotation 0
2025-06-06 10:03:10.071 [pool-1-thread-1] INFO  cz.vse.server.ClientHandler - Server sent message: SUCCESS to client: user2.
2025-06-06 10:03:31.854 [pool-1-thread-2] INFO  cz.vse.server.Message - Received message: BOMB 6 7
2025-06-06 10:03:31.855 [pool-1-thread-2] INFO  cz.vse.server.Game - [[0, 0, 0, 0, 1, 1, 1, 1, 1, 1], [0, 0, 0, 0, 1, 1, 1, 1, 1, 1], [1, 1, 1, 1, 1, 1, 1, 1, 1, 1], [1, 1, 1, 1, 1, 1, 1, 0, 0, 1], [0, 0, 0, 0, 1, 1, 1, 1, 1, 1], [1, 1, 1, 1, 1, 1, 2, 0, 0, 1], [0, 0, 0, 0, 1, 1, 1, 1, 1, 1], [1, 1, 1, 1, 1, 1, 1, 1, 1, 1], [0, 0, 1, 1, 1, 0, 0, 1, 1, 1], [0, 0, 1, 1, 1, 0, 0, 1, 1, 1]]
2025-06-06 10:03:31.860 [pool-1-thread-2] INFO  cz.vse.server.ClientHandler - Server sent message: MISS 6 7 to client: user1.
2025-06-06 10:03:31.860 [pool-1-thread-2] INFO  cz.vse.server.ClientHandler - Server sent message: MISS 6 7 to client: user2.
2025-06-06 10:03:31.860 [pool-1-thread-2] INFO  cz.vse.server.ClientHandler - Server sent message: TURN to client: user2.
2025-06-06 10:03:49.386 [pool-1-thread-2] WARN  cz.vse.server.Message - Command could not be processed: BOMB 6 8, it is not user1`s turn
2025-06-06 10:03:55.002 [pool-1-thread-1] INFO  cz.vse.server.Message - Received message: BOMB 2 4
2025-06-06 10:03:55.003 [pool-1-thread-1] INFO  cz.vse.server.ClientHandler - Server sent message: HIT 2 4 to client: user2.
2025-06-06 10:03:55.003 [pool-1-thread-1] INFO  cz.vse.server.ClientHandler - Server sent message: HIT 2 4 to client: user1.
2025-06-06 10:03:55.003 [pool-1-thread-1] INFO  cz.vse.server.ClientHandler - Server sent message: TURN to client: user1.
2025-06-06 10:04:06.536 [pool-1-thread-2] INFO  cz.vse.server.Message - Received message: BOMB 6 9
2025-06-06 10:04:06.539 [pool-1-thread-2] INFO  cz.vse.server.ClientHandler - Server sent message: HIT 6 9 to client: user1.
2025-06-06 10:04:06.539 [pool-1-thread-2] INFO  cz.vse.server.ClientHandler - Server sent message: HIT 6 9 to client: user2.
2025-06-06 10:04:06.540 [pool-1-thread-2] INFO  cz.vse.server.ClientHandler - Server sent message: TURN to client: user2.
2025-06-06 10:04:08.235 [pool-1-thread-2] WARN  cz.vse.server.Message - Command could not be processed: BOMB 6 7, it is not user1`s turn
2025-06-06 10:04:10.602 [pool-1-thread-1] INFO  cz.vse.server.Message - Received message: BOMB 6 2
2025-06-06 10:04:10.603 [pool-1-thread-1] INFO  cz.vse.server.Game - [[0, 0, 0, 0, 1, 1, 1, 1, 1, 1], [0, 0, 0, -1, 1, 1, 1, 1, 1, 1], [1, 1, 1, 1, 1, 1, 1, 1, 1, 1], [1, 1, 1, 1, 1, 1, 1, 1, 1, 1], [0, 0, 0, 0, 1, 1, 1, 1, 1, 1], [1, 2, 1, 1, 1, 1, 0, 0, 1, 1], [0, 0, 0, 0, 1, 1, 1, 1, 1, 1], [1, 1, 1, 1, 1, 1, 1, 1, 1, 1], [1, 1, 1, 1, 0, 0, 1, 1, 0, 0], [0, 0, 1, 1, 0, 0, 1, 1, 0, 0]]
2025-06-06 10:04:10.604 [pool-1-thread-1] INFO  cz.vse.server.ClientHandler - Server sent message: MISS 6 2 to client: user2.
2025-06-06 10:04:10.604 [pool-1-thread-1] INFO  cz.vse.server.ClientHandler - Server sent message: MISS 6 2 to client: user1.
2025-06-06 10:04:10.604 [pool-1-thread-1] INFO  cz.vse.server.ClientHandler - Server sent message: TURN to client: user1.
2025-06-06 10:04:12.986 [pool-1-thread-2] INFO  cz.vse.server.Message - Received message: BOMB 6 7
2025-06-06 10:04:12.986 [pool-1-thread-2] INFO  cz.vse.server.Game - [[0, 0, 0, 0, 1, 1, 1, 1, 1, 1], [0, 0, 0, 0, 1, 1, 1, 1, 1, 1], [1, 1, 1, 1, 1, 1, 1, 1, 1, 1], [1, 1, 1, 1, 1, 1, 1, 0, 0, 1], [0, 0, 0, 0, 1, 1, 1, 1, 1, 1], [1, 1, 1, 1, 1, 1, 2, 0, -1, 1], [0, 0, 0, 0, 1, 1, 1, 1, 1, 1], [1, 1, 1, 1, 1, 1, 1, 1, 1, 1], [0, 0, 1, 1, 1, 0, 0, 1, 1, 1], [0, 0, 1, 1, 1, 0, 0, 1, 1, 1]]
2025-06-06 10:04:12.987 [pool-1-thread-2] INFO  cz.vse.server.ClientHandler - Server sent message: MISS 6 7 to client: user1.
2025-06-06 10:04:12.987 [pool-1-thread-2] INFO  cz.vse.server.ClientHandler - Server sent message: MISS 6 7 to client: user2.
2025-06-06 10:04:12.987 [pool-1-thread-2] INFO  cz.vse.server.ClientHandler - Server sent message: TURN to client: user2.
2025-06-06 10:04:14.635 [pool-1-thread-1] INFO  cz.vse.server.Message - Received message: BOMB 6 5
2025-06-06 10:04:14.635 [pool-1-thread-1] INFO  cz.vse.server.Game - [[0, 0, 0, 0, 1, 1, 1, 1, 1, 1], [0, 0, 0, -1, 1, 1, 1, 1, 1, 1], [1, 1, 1, 1, 1, 1, 1, 1, 1, 1], [1, 1, 1, 1, 1, 1, 1, 1, 1, 1], [0, 0, 0, 0, 1, 1, 1, 1, 1, 1], [1, 2, 1, 1, 2, 1, 0, 0, 1, 1], [0, 0, 0, 0, 1, 1, 1, 1, 1, 1], [1, 1, 1, 1, 1, 1, 1, 1, 1, 1], [1, 1, 1, 1, 0, 0, 1, 1, 0, 0], [0, 0, 1, 1, 0, 0, 1, 1, 0, 0]]
2025-06-06 10:04:14.635 [pool-1-thread-1] INFO  cz.vse.server.ClientHandler - Server sent message: MISS 6 5 to client: user2.
2025-06-06 10:04:14.635 [pool-1-thread-1] INFO  cz.vse.server.ClientHandler - Server sent message: MISS 6 5 to client: user1.
2025-06-06 10:04:14.636 [pool-1-thread-1] INFO  cz.vse.server.ClientHandler - Server sent message: TURN to client: user1.
2025-06-06 10:04:15.986 [pool-1-thread-2] INFO  cz.vse.server.Message - Received message: BOMB 6 8
2025-06-06 10:04:15.986 [pool-1-thread-2] INFO  cz.vse.server.ClientHandler - Server sent message: HIT 6 8 to client: user1.
2025-06-06 10:04:15.987 [pool-1-thread-2] INFO  cz.vse.server.ClientHandler - Server sent message: HIT 6 8 to client: user2.
2025-06-06 10:04:15.987 [pool-1-thread-2] INFO  cz.vse.server.ClientHandler - Server sent message: TURN to client: user2.
2025-06-06 10:04:17.335 [pool-1-thread-1] INFO  cz.vse.server.Message - Received message: BOMB 8 5
2025-06-06 10:04:17.336 [pool-1-thread-1] INFO  cz.vse.server.Game - [[0, 0, 0, 0, 1, 1, 1, 1, 1, 1], [0, 0, 0, -1, 1, 1, 1, 1, 1, 1], [1, 1, 1, 1, 1, 1, 1, 1, 1, 1], [1, 1, 1, 1, 1, 1, 1, 1, 1, 1], [0, 0, 0, 0, 1, 1, 1, 1, 1, 1], [1, 2, 1, 1, 2, 1, 0, 0, 1, 1], [0, 0, 0, 0, 1, 1, 1, 1, 1, 1], [1, 1, 1, 1, 2, 1, 1, 1, 1, 1], [1, 1, 1, 1, 0, 0, 1, 1, 0, 0], [0, 0, 1, 1, 0, 0, 1, 1, 0, 0]]
2025-06-06 10:04:17.336 [pool-1-thread-1] INFO  cz.vse.server.ClientHandler - Server sent message: MISS 8 5 to client: user2.
2025-06-06 10:04:17.337 [pool-1-thread-1] INFO  cz.vse.server.ClientHandler - Server sent message: MISS 8 5 to client: user1.
2025-06-06 10:04:17.337 [pool-1-thread-1] INFO  cz.vse.server.ClientHandler - Server sent message: TURN to client: user1.
2025-06-06 10:04:21.386 [pool-1-thread-2] INFO  cz.vse.server.Message - Received message: BOMB 6 7
2025-06-06 10:04:21.387 [pool-1-thread-2] INFO  cz.vse.server.Game - [[0, 0, 0, 0, 1, 1, 1, 1, 1, 1], [0, 0, 0, 0, 1, 1, 1, 1, 1, 1], [1, 1, 1, 1, 1, 1, 1, 1, 1, 1], [1, 1, 1, 1, 1, 1, 1, 0, 0, 1], [0, 0, 0, 0, 1, 1, 1, 1, 1, 1], [1, 1, 1, 1, 1, 1, 2, -1, -1, 1], [0, 0, 0, 0, 1, 1, 1, 1, 1, 1], [1, 1, 1, 1, 1, 1, 1, 1, 1, 1], [0, 0, 1, 1, 1, 0, 0, 1, 1, 1], [0, 0, 1, 1, 1, 0, 0, 1, 1, 1]]
2025-06-06 10:04:21.387 [pool-1-thread-2] INFO  cz.vse.server.ClientHandler - Server sent message: MISS 6 7 to client: user1.
2025-06-06 10:04:21.387 [pool-1-thread-2] INFO  cz.vse.server.ClientHandler - Server sent message: MISS 6 7 to client: user2.
2025-06-06 10:04:21.387 [pool-1-thread-2] INFO  cz.vse.server.ClientHandler - Server sent message: TURN to client: user2.
2025-06-06 10:04:22.536 [pool-1-thread-2] WARN  cz.vse.server.Message - Command could not be processed: BOMB 6 7, it is not user1`s turn
2025-06-06 10:04:23.369 [pool-1-thread-2] WARN  cz.vse.server.Message - Command could not be processed: BOMB 6 7, it is not user1`s turn
2025-06-06 10:04:23.986 [pool-1-thread-2] WARN  cz.vse.server.Message - Command could not be processed: BOMB 6 7, it is not user1`s turn
2025-06-06 10:04:24.252 [pool-1-thread-2] WARN  cz.vse.server.Message - Command could not be processed: BOMB 6 7, it is not user1`s turn
2025-06-06 10:04:24.518 [pool-1-thread-2] WARN  cz.vse.server.Message - Command could not be processed: BOMB 6 7, it is not user1`s turn
2025-06-06 10:04:24.802 [pool-1-thread-2] WARN  cz.vse.server.Message - Command could not be processed: BOMB 6 7, it is not user1`s turn
2025-06-06 10:04:25.186 [pool-1-thread-2] WARN  cz.vse.server.Message - Command could not be processed: BOMB 6 7, it is not user1`s turn
2025-06-06 10:04:40.802 [pool-1-thread-1] INFO  cz.vse.server.Message - Received message: BOMB 6 7
2025-06-06 10:04:40.804 [pool-1-thread-1] INFO  cz.vse.server.ClientHandler - Server sent message: HIT 6 7 to client: user2.
2025-06-06 10:04:40.805 [pool-1-thread-1] INFO  cz.vse.server.ClientHandler - Server sent message: HIT 6 7 to client: user1.
2025-06-06 10:04:40.805 [pool-1-thread-1] INFO  cz.vse.server.ClientHandler - Server sent message: TURN to client: user1.
2025-06-06 10:04:46.568 [pool-1-thread-2] INFO  cz.vse.server.Message - Received message: BOMB 6 7
2025-06-06 10:04:46.569 [pool-1-thread-2] INFO  cz.vse.server.Game - [[0, 0, 0, 0, 1, 1, 1, 1, 1, 1], [0, 0, 0, 0, 1, 1, 1, 1, 1, 1], [1, 1, 1, 1, 1, 1, 1, 1, 1, 1], [1, 1, 1, 1, 1, 1, 1, 0, 0, 1], [0, 0, 0, 0, 1, 1, 1, 1, 1, 1], [1, 1, 1, 1, 1, 1, 2, -1, -1, 1], [0, 0, 0, 0, 1, 1, 1, 1, 1, 1], [1, 1, 1, 1, 1, 1, 1, 1, 1, 1], [0, 0, 1, 1, 1, 0, 0, 1, 1, 1], [0, 0, 1, 1, 1, 0, 0, 1, 1, 1]]
2025-06-06 10:04:46.569 [pool-1-thread-2] INFO  cz.vse.server.ClientHandler - Server sent message: MISS 6 7 to client: user1.
2025-06-06 10:04:46.570 [pool-1-thread-2] INFO  cz.vse.server.ClientHandler - Server sent message: MISS 6 7 to client: user2.
2025-06-06 10:04:46.570 [pool-1-thread-2] INFO  cz.vse.server.ClientHandler - Server sent message: TURN to client: user2.
2025-06-06 10:05:26.734 [pool-1-thread-2] WARN  cz.vse.server.Message - Command could not be processed: BOMB 5 7, it is not user1`s turn
2025-06-06 10:05:28.352 [pool-1-thread-2] WARN  cz.vse.server.Message - Command could not be processed: BOMB 4 8, it is not user1`s turn
2025-06-06 10:05:33.285 [pool-1-thread-1] INFO  cz.vse.server.Message - Received message: BOMB 10 10
2025-06-06 10:05:33.286 [pool-1-thread-1] ERROR cz.vse.server.Game - Invalid coordinates for bomb placement: 10, 10
2025-06-06 10:05:33.286 [pool-1-thread-1] INFO  cz.vse.server.ClientHandler - Server sent message: Invalid coordinates for bomb placement to client: user2.
2025-06-06 10:05:33.286 [pool-1-thread-1] INFO  cz.vse.server.ClientHandler - Server sent message: Invalid coordinates for bomb placement to client: user1.
2025-06-06 10:05:33.287 [pool-1-thread-1] INFO  cz.vse.server.ClientHandler - Server sent message: TURN to client: user1.
2025-06-06 10:05:39.985 [pool-1-thread-1] WARN  cz.vse.server.Message - Command could not be processed: BOMB 10 10, it is not user2`s turn
2025-06-06 10:07:19.517 [main] INFO  cz.vse.server.Server - Server is listening for connections on port: 9091
2025-06-06 10:07:42.349 [pool-1-thread-1] INFO  cz.vse.server.ClientHandler - Client cz.vse.server.ClientHandler@2b2ccd9e connected to the server
2025-06-06 10:07:44.082 [pool-1-thread-2] INFO  cz.vse.server.ClientHandler - Client cz.vse.server.ClientHandler@12bbec3a connected to the server
2025-06-06 10:07:46.898 [pool-1-thread-2] INFO  cz.vse.server.ClientHandler - User 'ususer1' logged in successfully
2025-06-06 10:07:51.343 [pool-1-thread-1] INFO  cz.vse.server.ClientHandler - User 'user2' logged in successfully
2025-06-06 10:07:51.354 [pool-1-thread-1] INFO  cz.vse.server.Server - ususer1 has been assigned to the game session
2025-06-06 10:07:51.355 [pool-1-thread-1] INFO  cz.vse.server.Server - user2 has been assigned to the game session
2025-06-06 10:07:51.355 [pool-1-thread-1] INFO  cz.vse.server.ClientHandler - Server sent message: READY to client: ususer1.
2025-06-06 10:07:51.356 [pool-1-thread-1] INFO  cz.vse.server.ClientHandler - Server sent message: READY to client: user2.
2025-06-06 10:07:51.356 [pool-1-thread-1] INFO  cz.vse.server.Server - Game session started between ususer1 and user2
2025-06-06 10:07:58.952 [pool-1-thread-3] INFO  cz.vse.server.ClientHandler - Client cz.vse.server.ClientHandler@6c191d12 connected to the server
2025-06-06 10:07:58.955 [pool-1-thread-3] INFO  cz.vse.server.ClientHandler - User 'user3' logged in successfully
2025-06-06 10:08:04.900 [pool-1-thread-4] INFO  cz.vse.server.ClientHandler - Client cz.vse.server.ClientHandler@39a0b567 connected to the server
2025-06-06 10:08:04.903 [pool-1-thread-4] INFO  cz.vse.server.ClientHandler - User 'user4' logged in successfully
2025-06-06 10:08:04.903 [pool-1-thread-4] INFO  cz.vse.server.Server - user3 has been assigned to the game session
2025-06-06 10:08:04.903 [pool-1-thread-4] INFO  cz.vse.server.Server - user4 has been assigned to the game session
2025-06-06 10:08:04.903 [pool-1-thread-4] INFO  cz.vse.server.ClientHandler - Server sent message: READY to client: user3.
2025-06-06 10:08:04.903 [pool-1-thread-4] INFO  cz.vse.server.ClientHandler - Server sent message: READY to client: user4.
2025-06-06 10:08:04.903 [pool-1-thread-4] INFO  cz.vse.server.Server - Game session started between user3 and user4
2025-06-06 10:08:20.165 [pool-1-thread-1] DEBUG cz.vse.server.ClientHandler - Closing InputStream for client user2
2025-06-06 10:08:20.166 [pool-1-thread-1] DEBUG cz.vse.server.ClientHandler - Closing OutputStream for client user2
2025-06-06 10:08:20.166 [pool-1-thread-1] DEBUG cz.vse.server.Server - Active users before: [user2, ususer1, user3, user4]
2025-06-06 10:08:20.166 [pool-1-thread-1] INFO  cz.vse.server.Server - Removed active user: user2
2025-06-06 10:08:20.166 [pool-1-thread-1] DEBUG cz.vse.server.Server - Active users after: [ususer1, user3, user4]
2025-06-06 10:08:20.166 [pool-1-thread-1] INFO  cz.vse.server.ClientHandler - Connection to client user2 was closed
2025-06-06 10:08:36.143 [pool-1-thread-2] DEBUG cz.vse.server.ClientHandler - Closing InputStream for client ususer1
2025-06-06 10:08:36.144 [pool-1-thread-2] DEBUG cz.vse.server.ClientHandler - Closing OutputStream for client ususer1
2025-06-06 10:08:36.144 [pool-1-thread-2] DEBUG cz.vse.server.Server - Active users before: [ususer1, user3, user4]
2025-06-06 10:08:36.144 [pool-1-thread-2] INFO  cz.vse.server.Server - Removed active user: ususer1
2025-06-06 10:08:36.144 [pool-1-thread-2] DEBUG cz.vse.server.Server - Active users after: [user3, user4]
2025-06-06 10:08:36.145 [pool-1-thread-2] INFO  cz.vse.server.ClientHandler - Connection to client ususer1 was closed
2025-06-06 10:08:42.040 [pool-1-thread-3] DEBUG cz.vse.server.ClientHandler - Closing InputStream for client user3
2025-06-06 10:08:42.040 [pool-1-thread-3] DEBUG cz.vse.server.ClientHandler - Closing OutputStream for client user3
2025-06-06 10:08:42.040 [pool-1-thread-3] DEBUG cz.vse.server.Server - Active users before: [user3, user4]
2025-06-06 10:08:42.041 [pool-1-thread-3] INFO  cz.vse.server.Server - Removed active user: user3
2025-06-06 10:08:42.041 [pool-1-thread-3] DEBUG cz.vse.server.Server - Active users after: [user4]
2025-06-06 10:08:42.041 [pool-1-thread-3] INFO  cz.vse.server.ClientHandler - Connection to client user3 was closed
2025-06-06 10:08:45.852 [pool-1-thread-4] DEBUG cz.vse.server.ClientHandler - Closing InputStream for client user4
2025-06-06 10:08:45.852 [pool-1-thread-4] DEBUG cz.vse.server.ClientHandler - Closing OutputStream for client user4
2025-06-06 10:08:45.853 [pool-1-thread-4] DEBUG cz.vse.server.Server - Active users before: [user4]
2025-06-06 10:08:45.853 [pool-1-thread-4] INFO  cz.vse.server.Server - Removed active user: user4
2025-06-06 10:08:45.853 [pool-1-thread-4] DEBUG cz.vse.server.Server - Active users after: []
2025-06-06 10:08:45.853 [pool-1-thread-4] INFO  cz.vse.server.ClientHandler - Connection to client user4 was closed
2025-06-06 10:09:09.804 [pool-1-thread-4] INFO  cz.vse.server.ClientHandler - Client cz.vse.server.ClientHandler@37674c23 connected to the server
2025-06-06 10:09:10.912 [pool-1-thread-3] INFO  cz.vse.server.ClientHandler - Client cz.vse.server.ClientHandler@62deeee1 connected to the server
2025-06-06 10:09:14.711 [pool-1-thread-3] INFO  cz.vse.server.ClientHandler - User 'user1' logged in successfully
2025-06-06 10:09:18.869 [pool-1-thread-4] INFO  cz.vse.server.ClientHandler - User 'user2' logged in successfully
2025-06-06 10:09:18.871 [pool-1-thread-4] INFO  cz.vse.server.Server - user1 has been assigned to the game session
2025-06-06 10:09:18.871 [pool-1-thread-4] INFO  cz.vse.server.Server - user2 has been assigned to the game session
2025-06-06 10:09:18.872 [pool-1-thread-4] INFO  cz.vse.server.ClientHandler - Server sent message: READY to client: user1.
2025-06-06 10:09:18.872 [pool-1-thread-4] INFO  cz.vse.server.ClientHandler - Server sent message: READY to client: user2.
2025-06-06 10:09:18.872 [pool-1-thread-4] INFO  cz.vse.server.Server - Game session started between user1 and user2
2025-06-06 10:09:29.725 [pool-1-thread-3] INFO  cz.vse.server.Message - Received message: PLACE 1 1 SIX_SHAPE 0
2025-06-06 10:09:29.728 [pool-1-thread-3] INFO  cz.vse.server.Game - Ship placed successfully at 0, 0 with rotation 0
2025-06-06 10:09:29.728 [pool-1-thread-3] INFO  cz.vse.server.ClientHandler - Server sent message: SUCCESS to client: user1.
2025-06-06 10:09:31.884 [pool-1-thread-3] INFO  cz.vse.server.Message - Received message: PLACE 4 1 BLOCK_SHAPE 0
2025-06-06 10:09:31.884 [pool-1-thread-3] INFO  cz.vse.server.Game - Ship placed successfully at 3, 0 with rotation 0
2025-06-06 10:09:31.885 [pool-1-thread-3] INFO  cz.vse.server.ClientHandler - Server sent message: SUCCESS to client: user1.
2025-06-06 10:09:33.033 [pool-1-thread-3] INFO  cz.vse.server.Message - Received message: PLACE 4 4 BLOCK_SHAPE 0
2025-06-06 10:09:33.034 [pool-1-thread-3] INFO  cz.vse.server.Game - Ship placed successfully at 3, 3 with rotation 0
2025-06-06 10:09:33.035 [pool-1-thread-3] INFO  cz.vse.server.ClientHandler - Server sent message: SUCCESS to client: user1.
2025-06-06 10:09:35.683 [pool-1-thread-3] INFO  cz.vse.server.Message - Received message: PLACE 1 6 FOUR_SHAPE 0
2025-06-06 10:09:35.684 [pool-1-thread-3] INFO  cz.vse.server.Game - Ship placed successfully at 0, 5 with rotation 0
2025-06-06 10:09:35.684 [pool-1-thread-3] INFO  cz.vse.server.ClientHandler - Server sent message: SUCCESS to client: user1.
2025-06-06 10:09:39.267 [pool-1-thread-3] INFO  cz.vse.server.Message - Received message: PLACE 4 8 FOUR_SHAPE 0
2025-06-06 10:09:39.269 [pool-1-thread-3] WARN  cz.vse.server.Game - Invalid placement: Ship part out of bounds at 3, 10
2025-06-06 10:09:39.270 [pool-1-thread-3] INFO  cz.vse.server.ClientHandler - Server sent message: FAILURE to client: user1.
2025-06-06 10:09:43.350 [pool-1-thread-3] INFO  cz.vse.server.Message - Received message: PLACE 7 2 FOUR_SHAPE 0
2025-06-06 10:09:43.351 [pool-1-thread-3] INFO  cz.vse.server.Game - Ship placed successfully at 6, 1 with rotation 0
2025-06-06 10:09:43.351 [pool-1-thread-3] INFO  cz.vse.server.ClientHandler - Server sent message: SUCCESS to client: user1.
2025-06-06 10:09:44.850 [pool-1-thread-3] INFO  cz.vse.server.Message - Received message: PLACE 5 8 TWO_SHAPE 0
2025-06-06 10:09:44.851 [pool-1-thread-3] INFO  cz.vse.server.Game - Ship placed successfully at 4, 7 with rotation 0
2025-06-06 10:09:44.852 [pool-1-thread-3] INFO  cz.vse.server.ClientHandler - Server sent message: SUCCESS to client: user1.
2025-06-06 10:09:45.866 [pool-1-thread-3] INFO  cz.vse.server.Message - Received message: PLACE 7 8 TWO_SHAPE 0
2025-06-06 10:09:45.867 [pool-1-thread-3] INFO  cz.vse.server.Game - Ship placed successfully at 6, 7 with rotation 0
2025-06-06 10:09:45.868 [pool-1-thread-3] INFO  cz.vse.server.ClientHandler - Server sent message: SUCCESS to client: user1.
2025-06-06 10:09:49.138 [pool-1-thread-4] INFO  cz.vse.server.Message - Received message: PLACE 1 1 SIX_SHAPE 0
2025-06-06 10:09:49.139 [pool-1-thread-4] INFO  cz.vse.server.Game - Ship placed successfully at 0, 0 with rotation 0
2025-06-06 10:09:49.139 [pool-1-thread-4] INFO  cz.vse.server.ClientHandler - Server sent message: SUCCESS to client: user2.
2025-06-06 10:09:51.334 [pool-1-thread-4] INFO  cz.vse.server.Message - Received message: PLACE 1 6 BLOCK_SHAPE 0
2025-06-06 10:09:51.335 [pool-1-thread-4] INFO  cz.vse.server.Game - Ship placed successfully at 0, 5 with rotation 0
2025-06-06 10:09:51.335 [pool-1-thread-4] INFO  cz.vse.server.ClientHandler - Server sent message: SUCCESS to client: user2.
2025-06-06 10:09:54.917 [pool-1-thread-4] INFO  cz.vse.server.Message - Received message: PLACE 4 1 BLOCK_SHAPE 0
2025-06-06 10:09:54.918 [pool-1-thread-4] INFO  cz.vse.server.Game - Ship placed successfully at 3, 0 with rotation 0
2025-06-06 10:09:54.918 [pool-1-thread-4] INFO  cz.vse.server.ClientHandler - Server sent message: SUCCESS to client: user2.
2025-06-06 10:09:56.100 [pool-1-thread-4] INFO  cz.vse.server.Message - Received message: PLACE 4 4 FOUR_SHAPE 0
2025-06-06 10:09:56.101 [pool-1-thread-4] INFO  cz.vse.server.Game - Ship placed successfully at 3, 3 with rotation 0
2025-06-06 10:09:56.101 [pool-1-thread-4] INFO  cz.vse.server.ClientHandler - Server sent message: SUCCESS to client: user2.
2025-06-06 10:09:57.368 [pool-1-thread-4] INFO  cz.vse.server.Message - Received message: PLACE 6 4 FOUR_SHAPE 0
2025-06-06 10:09:57.368 [pool-1-thread-4] INFO  cz.vse.server.Game - Ship placed successfully at 5, 3 with rotation 0
2025-06-06 10:09:57.369 [pool-1-thread-4] INFO  cz.vse.server.ClientHandler - Server sent message: SUCCESS to client: user2.
2025-06-06 10:09:58.717 [pool-1-thread-4] INFO  cz.vse.server.Message - Received message: PLACE 8 2 TWO_SHAPE 0
2025-06-06 10:09:58.718 [pool-1-thread-4] INFO  cz.vse.server.Game - Ship placed successfully at 7, 1 with rotation 0
2025-06-06 10:09:58.719 [pool-1-thread-4] INFO  cz.vse.server.ClientHandler - Server sent message: SUCCESS to client: user2.
2025-06-06 10:09:59.717 [pool-1-thread-4] INFO  cz.vse.server.Message - Received message: PLACE 8 6 TWO_SHAPE 0
2025-06-06 10:09:59.718 [pool-1-thread-4] INFO  cz.vse.server.Game - Ship placed successfully at 7, 5 with rotation 0
2025-06-06 10:09:59.718 [pool-1-thread-4] INFO  cz.vse.server.ClientHandler - Server sent message: SUCCESS to client: user2.
2025-06-06 10:10:05.083 [pool-1-thread-3] INFO  cz.vse.server.Message - Received message: BOMB 2 4
2025-06-06 10:10:05.089 [pool-1-thread-3] INFO  cz.vse.server.ClientHandler - Server sent message: HIT 2 4 to client: user1.
2025-06-06 10:10:05.090 [pool-1-thread-3] INFO  cz.vse.server.ClientHandler - Server sent message: HIT 2 4 to client: user2.
2025-06-06 10:10:05.090 [pool-1-thread-3] INFO  cz.vse.server.ClientHandler - Server sent message: TURN to client: user2.
2025-06-06 10:10:14.849 [pool-1-thread-4] INFO  cz.vse.server.Message - Received message: BOMB 7 9
2025-06-06 10:10:14.852 [pool-1-thread-4] INFO  cz.vse.server.ClientHandler - Server sent message: HIT 7 9 to client: user2.
2025-06-06 10:10:14.852 [pool-1-thread-4] INFO  cz.vse.server.ClientHandler - Server sent message: HIT 7 9 to client: user1.
2025-06-06 10:10:14.852 [pool-1-thread-4] INFO  cz.vse.server.ClientHandler - Server sent message: TURN to client: user1.
2025-06-06 10:10:19.316 [pool-1-thread-3] INFO  cz.vse.server.Message - Received message: BOMB 3 7
2025-06-06 10:10:19.316 [pool-1-thread-3] INFO  cz.vse.server.Game - [[0, 0, 0, 0, 1, 0, 0, 1, 1, 1], [0, 0, 0, -1, 1, 0, 0, 1, 1, 1], [1, 1, 1, 1, 1, 1, 2, 1, 1, 1], [0, 0, 1, 0, 0, 0, 0, 1, 1, 1], [0, 0, 1, 1, 1, 1, 1, 1, 1, 1], [1, 1, 1, 0, 0, 0, 0, 1, 1, 1], [1, 1, 1, 1, 1, 1, 1, 1, 1, 1], [1, 0, 0, 1, 1, 0, 0, 1, 1, 1], [1, 1, 1, 1, 1, 1, 1, 1, 1, 1], [1, 1, 1, 1, 1, 1, 1, 1, 1, 1]]
2025-06-06 10:10:19.317 [pool-1-thread-3] INFO  cz.vse.server.ClientHandler - Server sent message: MISS 3 7 to client: user1.
2025-06-06 10:10:19.317 [pool-1-thread-3] INFO  cz.vse.server.ClientHandler - Server sent message: MISS 3 7 to client: user2.
2025-06-06 10:10:19.317 [pool-1-thread-3] INFO  cz.vse.server.ClientHandler - Server sent message: TURN to client: user2.
2025-06-06 10:10:27.533 [pool-1-thread-4] INFO  cz.vse.server.Message - Received message: BOMB 2 8
2025-06-06 10:10:27.534 [pool-1-thread-4] INFO  cz.vse.server.Game - [[0, 0, 0, 0, 1, 0, 0, 0, 0, 1], [0, 0, 0, 0, 1, 1, 1, 2, 1, 1], [1, 1, 1, 1, 1, 1, 1, 1, 1, 1], [0, 0, 1, 0, 0, 1, 1, 1, 1, 1], [0, 0, 1, 0, 0, 1, 1, 0, 0, 1], [1, 1, 1, 1, 1, 1, 1, 1, 1, 1], [1, 0, 0, 0, 0, 1, 1, 0, -1, 1], [1, 1, 1, 1, 1, 1, 1, 1, 1, 1], [1, 1, 1, 1, 1, 1, 1, 1, 1, 1], [1, 1, 1, 1, 1, 1, 1, 1, 1, 1]]
2025-06-06 10:10:27.535 [pool-1-thread-4] INFO  cz.vse.server.ClientHandler - Server sent message: MISS 2 8 to client: user2.
2025-06-06 10:10:27.535 [pool-1-thread-4] INFO  cz.vse.server.ClientHandler - Server sent message: MISS 2 8 to client: user1.
2025-06-06 10:10:27.535 [pool-1-thread-4] INFO  cz.vse.server.ClientHandler - Server sent message: TURN to client: user1.
2025-06-06 10:10:37.815 [pool-1-thread-3] INFO  cz.vse.server.Message - Received message: BOMB 8 2
2025-06-06 10:10:37.816 [pool-1-thread-3] INFO  cz.vse.server.ClientHandler - Server sent message: HIT 8 2 to client: user1.
2025-06-06 10:10:37.816 [pool-1-thread-3] INFO  cz.vse.server.ClientHandler - Server sent message: HIT 8 2 to client: user2.
2025-06-06 10:10:37.816 [pool-1-thread-3] INFO  cz.vse.server.ClientHandler - Server sent message: TURN to client: user2.
2025-06-06 10:10:40.999 [pool-1-thread-4] INFO  cz.vse.server.Message - Received message: BOMB 1 7
2025-06-06 10:10:41.001 [pool-1-thread-4] INFO  cz.vse.server.ClientHandler - Server sent message: HIT 1 7 to client: user2.
2025-06-06 10:10:41.001 [pool-1-thread-4] INFO  cz.vse.server.ClientHandler - Server sent message: HIT 1 7 to client: user1.
2025-06-06 10:10:41.002 [pool-1-thread-4] INFO  cz.vse.server.ClientHandler - Server sent message: TURN to client: user1.
2025-06-06 10:11:10.880 [pool-1-thread-4] DEBUG cz.vse.server.ClientHandler - Closing InputStream for client user2
2025-06-06 10:11:10.881 [pool-1-thread-4] DEBUG cz.vse.server.ClientHandler - Closing OutputStream for client user2
2025-06-06 10:11:10.881 [pool-1-thread-4] DEBUG cz.vse.server.Server - Active users before: [user1, user2]
2025-06-06 10:11:10.881 [pool-1-thread-4] INFO  cz.vse.server.Server - Removed active user: user2
2025-06-06 10:11:10.881 [pool-1-thread-4] DEBUG cz.vse.server.Server - Active users after: [user1]
2025-06-06 10:11:10.882 [pool-1-thread-4] INFO  cz.vse.server.ClientHandler - Connection to client user2 was closed
2025-06-06 10:14:39.771 [main] INFO  cz.vse.server.Server - Server is listening for connections on port: 9091
2025-06-06 10:15:07.694 [pool-1-thread-1] INFO  cz.vse.server.ClientHandler - Client cz.vse.server.ClientHandler@ff10ead connected to the server
2025-06-06 10:15:08.957 [pool-1-thread-2] INFO  cz.vse.server.ClientHandler - Client cz.vse.server.ClientHandler@52d5aa3f connected to the server
2025-06-06 10:15:08.957 [pool-1-thread-2] INFO  cz.vse.server.ClientHandler - User 'user1' logged in successfully
2025-06-06 10:15:10.579 [pool-1-thread-1] INFO  cz.vse.server.ClientHandler - User 'user2' logged in successfully
2025-06-06 10:15:10.584 [pool-1-thread-1] INFO  cz.vse.server.Server - user1 has been assigned to the game session
2025-06-06 10:15:10.585 [pool-1-thread-1] INFO  cz.vse.server.Server - user2 has been assigned to the game session
2025-06-06 10:15:10.585 [pool-1-thread-1] INFO  cz.vse.server.ClientHandler - Server sent message: READY to client: user1.
2025-06-06 10:15:10.585 [pool-1-thread-1] INFO  cz.vse.server.ClientHandler - Server sent message: READY to client: user2.
2025-06-06 10:15:10.585 [pool-1-thread-1] INFO  cz.vse.server.Server - Game session started between user1 and user2
2025-06-06 10:15:24.662 [pool-1-thread-2] DEBUG cz.vse.server.ClientHandler - Closing InputStream for client user1
2025-06-06 10:15:24.664 [pool-1-thread-2] DEBUG cz.vse.server.ClientHandler - Closing OutputStream for client user1
2025-06-06 10:15:24.664 [pool-1-thread-2] DEBUG cz.vse.server.Server - Active users before: [user1, user2]
2025-06-06 10:15:24.665 [pool-1-thread-2] INFO  cz.vse.server.Server - Removed active user: user1
2025-06-06 10:15:24.665 [pool-1-thread-2] DEBUG cz.vse.server.Server - Active users after: [user2]
2025-06-06 10:15:24.665 [pool-1-thread-2] INFO  cz.vse.server.ClientHandler - Server sent message: WIN to client: user2.
2025-06-06 10:15:24.665 [pool-1-thread-2] INFO  cz.vse.server.ClientHandler - Connection to client user1 was closed
2025-06-06 11:02:07.302 [main] INFO  cz.vse.server.Server - Server is listening for connections on port: 9091
2025-06-06 11:09:41.357 [main] INFO  cz.vse.server.Server - Server is listening for connections on port: 9091
2025-06-06 11:11:43.582 [pool-1-thread-1] INFO  cz.vse.server.ClientHandler - Client cz.vse.server.ClientHandler@2e5699dc connected to the server
2025-06-06 11:11:43.588 [pool-1-thread-1] INFO  cz.vse.server.ClientHandler - User 'user1' logged in successfully
2025-06-06 11:11:44.655 [pool-1-thread-2] INFO  cz.vse.server.ClientHandler - Client cz.vse.server.ClientHandler@55a04137 connected to the server
2025-06-06 11:11:46.401 [pool-1-thread-2] INFO  cz.vse.server.ClientHandler - User 'user2' logged in successfully
2025-06-06 11:11:46.407 [pool-1-thread-2] INFO  cz.vse.server.Server - user1 has been assigned to the game session
2025-06-06 11:11:46.407 [pool-1-thread-2] INFO  cz.vse.server.Server - user2 has been assigned to the game session
2025-06-06 11:11:46.408 [pool-1-thread-2] INFO  cz.vse.server.ClientHandler - Server sent message: READY to client: user1.
2025-06-06 11:11:46.408 [pool-1-thread-2] INFO  cz.vse.server.ClientHandler - Server sent message: READY to client: user2.
2025-06-06 11:11:46.408 [pool-1-thread-2] INFO  cz.vse.server.Server - Game session started between user1 and user2
2025-06-06 11:12:07.938 [pool-1-thread-2] INFO  cz.vse.server.Message - Received message: PLACE 1 1 SIX_SHAPE 0
2025-06-06 11:12:07.941 [pool-1-thread-2] INFO  cz.vse.server.Game - Ship placed successfully at 0, 0 with rotation 0
2025-06-06 11:12:07.942 [pool-1-thread-2] ERROR cz.vse.server.GameSession - Cannot switch turn during placement phase
2025-06-06 11:12:07.942 [pool-1-thread-2] INFO  cz.vse.server.ClientHandler - Server sent message: SUCCESS to client: user2.
2025-06-06 11:12:09.328 [pool-1-thread-2] INFO  cz.vse.server.Message - Received message: PLACE 1 6 BLOCK_SHAPE 0
2025-06-06 11:12:09.329 [pool-1-thread-2] INFO  cz.vse.server.Game - Ship placed successfully at 0, 5 with rotation 0
2025-06-06 11:12:09.329 [pool-1-thread-2] ERROR cz.vse.server.GameSession - Cannot switch turn during placement phase
2025-06-06 11:12:09.329 [pool-1-thread-2] INFO  cz.vse.server.ClientHandler - Server sent message: SUCCESS to client: user2.
2025-06-06 11:12:10.618 [pool-1-thread-2] INFO  cz.vse.server.Message - Received message: PLACE 4 1 BLOCK_SHAPE 0
2025-06-06 11:12:10.618 [pool-1-thread-2] INFO  cz.vse.server.Game - Ship placed successfully at 3, 0 with rotation 0
2025-06-06 11:12:10.618 [pool-1-thread-2] ERROR cz.vse.server.GameSession - Cannot switch turn during placement phase
2025-06-06 11:12:10.618 [pool-1-thread-2] INFO  cz.vse.server.ClientHandler - Server sent message: SUCCESS to client: user2.
2025-06-06 11:12:12.146 [pool-1-thread-2] INFO  cz.vse.server.Message - Received message: PLACE 4 5 FOUR_SHAPE 0
2025-06-06 11:12:12.147 [pool-1-thread-2] INFO  cz.vse.server.Game - Ship placed successfully at 3, 4 with rotation 0
2025-06-06 11:12:12.147 [pool-1-thread-2] ERROR cz.vse.server.GameSession - Cannot switch turn during placement phase
2025-06-06 11:12:12.147 [pool-1-thread-2] INFO  cz.vse.server.ClientHandler - Server sent message: SUCCESS to client: user2.
2025-06-06 11:12:13.112 [pool-1-thread-2] INFO  cz.vse.server.Message - Received message: PLACE 6 5 FOUR_SHAPE 0
2025-06-06 11:12:13.113 [pool-1-thread-2] INFO  cz.vse.server.Game - Ship placed successfully at 5, 4 with rotation 0
2025-06-06 11:12:13.113 [pool-1-thread-2] ERROR cz.vse.server.GameSession - Cannot switch turn during placement phase
2025-06-06 11:12:13.113 [pool-1-thread-2] INFO  cz.vse.server.ClientHandler - Server sent message: SUCCESS to client: user2.
2025-06-06 11:12:14.395 [pool-1-thread-2] INFO  cz.vse.server.Message - Received message: PLACE 8 4 TWO_SHAPE 0
2025-06-06 11:12:14.396 [pool-1-thread-2] INFO  cz.vse.server.Game - Ship placed successfully at 7, 3 with rotation 0
2025-06-06 11:12:14.396 [pool-1-thread-2] ERROR cz.vse.server.GameSession - Cannot switch turn during placement phase
2025-06-06 11:12:14.397 [pool-1-thread-2] INFO  cz.vse.server.ClientHandler - Server sent message: SUCCESS to client: user2.
2025-06-06 11:12:15.596 [pool-1-thread-2] INFO  cz.vse.server.Message - Received message: PLACE 9 7 TWO_SHAPE 0
2025-06-06 11:12:15.597 [pool-1-thread-2] INFO  cz.vse.server.Game - Ship placed successfully at 8, 6 with rotation 0
2025-06-06 11:12:15.597 [pool-1-thread-2] ERROR cz.vse.server.GameSession - Cannot switch turn during placement phase
2025-06-06 11:12:15.598 [pool-1-thread-2] INFO  cz.vse.server.ClientHandler - Server sent message: SUCCESS to client: user2.
2025-06-06 11:12:17.830 [pool-1-thread-1] INFO  cz.vse.server.Message - Received message: PLACE 1 1 SIX_SHAPE 0
2025-06-06 11:12:17.830 [pool-1-thread-1] INFO  cz.vse.server.Game - Ship placed successfully at 0, 0 with rotation 0
2025-06-06 11:12:17.830 [pool-1-thread-1] ERROR cz.vse.server.GameSession - Cannot switch turn during placement phase
2025-06-06 11:12:17.830 [pool-1-thread-1] INFO  cz.vse.server.ClientHandler - Server sent message: SUCCESS to client: user1.
2025-06-06 11:12:19.112 [pool-1-thread-1] INFO  cz.vse.server.Message - Received message: PLACE 4 4 BLOCK_SHAPE 0
2025-06-06 11:12:19.113 [pool-1-thread-1] INFO  cz.vse.server.Game - Ship placed successfully at 3, 3 with rotation 0
2025-06-06 11:12:19.113 [pool-1-thread-1] ERROR cz.vse.server.GameSession - Cannot switch turn during placement phase
2025-06-06 11:12:19.113 [pool-1-thread-1] INFO  cz.vse.server.ClientHandler - Server sent message: SUCCESS to client: user1.
2025-06-06 11:12:20.996 [pool-1-thread-1] INFO  cz.vse.server.Message - Received message: PLACE 4 7 BLOCK_SHAPE 0
2025-06-06 11:12:20.997 [pool-1-thread-1] INFO  cz.vse.server.Game - Ship placed successfully at 3, 6 with rotation 0
2025-06-06 11:12:20.998 [pool-1-thread-1] ERROR cz.vse.server.GameSession - Cannot switch turn during placement phase
2025-06-06 11:12:20.998 [pool-1-thread-1] INFO  cz.vse.server.ClientHandler - Server sent message: SUCCESS to client: user1.
2025-06-06 11:12:22.213 [pool-1-thread-1] INFO  cz.vse.server.Message - Received message: PLACE 7 2 FOUR_SHAPE 0
2025-06-06 11:12:22.216 [pool-1-thread-1] INFO  cz.vse.server.Game - Ship placed successfully at 6, 1 with rotation 0
2025-06-06 11:12:22.216 [pool-1-thread-1] ERROR cz.vse.server.GameSession - Cannot switch turn during placement phase
2025-06-06 11:12:22.216 [pool-1-thread-1] INFO  cz.vse.server.ClientHandler - Server sent message: SUCCESS to client: user1.
2025-06-06 11:12:23.796 [pool-1-thread-1] INFO  cz.vse.server.Message - Received message: PLACE 9 4 FOUR_SHAPE 0
2025-06-06 11:12:23.797 [pool-1-thread-1] INFO  cz.vse.server.Game - Ship placed successfully at 8, 3 with rotation 0
2025-06-06 11:12:23.797 [pool-1-thread-1] ERROR cz.vse.server.GameSession - Cannot switch turn during placement phase
2025-06-06 11:12:23.797 [pool-1-thread-1] INFO  cz.vse.server.ClientHandler - Server sent message: SUCCESS to client: user1.
2025-06-06 11:12:25.112 [pool-1-thread-1] INFO  cz.vse.server.Message - Received message: PLACE 7 8 TWO_SHAPE 0
2025-06-06 11:12:25.113 [pool-1-thread-1] INFO  cz.vse.server.Game - Ship placed successfully at 6, 7 with rotation 0
2025-06-06 11:12:25.113 [pool-1-thread-1] ERROR cz.vse.server.GameSession - Cannot switch turn during placement phase
2025-06-06 11:12:25.113 [pool-1-thread-1] INFO  cz.vse.server.ClientHandler - Server sent message: SUCCESS to client: user1.
2025-06-06 11:12:26.329 [pool-1-thread-1] INFO  cz.vse.server.Message - Received message: PLACE 2 8 TWO_SHAPE 0
2025-06-06 11:12:26.330 [pool-1-thread-1] INFO  cz.vse.server.Game - Ship placed successfully at 1, 7 with rotation 0
2025-06-06 11:12:26.330 [pool-1-thread-1] ERROR cz.vse.server.GameSession - Cannot switch turn during placement phase
2025-06-06 11:12:26.331 [pool-1-thread-1] INFO  cz.vse.server.ClientHandler - Server sent message: SUCCESS to client: user1.
2025-06-06 11:13:22.098 [pool-1-thread-1] DEBUG cz.vse.server.ClientHandler - Closing InputStream for client user1
2025-06-06 11:13:22.100 [pool-1-thread-1] DEBUG cz.vse.server.ClientHandler - Closing OutputStream for client user1
2025-06-06 11:13:22.100 [pool-1-thread-1] DEBUG cz.vse.server.Server - Active users before: [user1, user2]
2025-06-06 11:13:22.100 [pool-1-thread-1] INFO  cz.vse.server.Server - Removed active user: user1
2025-06-06 11:13:22.100 [pool-1-thread-1] DEBUG cz.vse.server.Server - Active users after: [user2]
2025-06-06 11:13:22.100 [pool-1-thread-1] INFO  cz.vse.server.ClientHandler - Server sent message: WIN to client: user2.
2025-06-06 11:13:22.100 [pool-1-thread-1] INFO  cz.vse.server.ClientHandler - Connection to client user1 was closed
2025-06-06 11:13:23.400 [pool-1-thread-2] DEBUG cz.vse.server.ClientHandler - Closing InputStream for client user2
2025-06-06 11:13:23.401 [pool-1-thread-2] DEBUG cz.vse.server.ClientHandler - Closing OutputStream for client user2
2025-06-06 11:13:23.401 [pool-1-thread-2] DEBUG cz.vse.server.Server - Active users before: [user2]
2025-06-06 11:13:23.401 [pool-1-thread-2] INFO  cz.vse.server.Server - Removed active user: user2
2025-06-06 11:13:23.401 [pool-1-thread-2] DEBUG cz.vse.server.Server - Active users after: []
2025-06-06 11:13:23.403 [pool-1-thread-2] INFO  cz.vse.server.ClientHandler - Server sent message: WIN to client: user2.
2025-06-06 11:13:23.403 [pool-1-thread-2] INFO  cz.vse.server.ClientHandler - Connection to client user2 was closed
2025-06-06 11:13:29.343 [main] INFO  cz.vse.server.Server - Server is listening for connections on port: 9091
2025-06-06 11:13:38.659 [pool-1-thread-1] INFO  cz.vse.server.ClientHandler - Client cz.vse.server.ClientHandler@74cafe3f connected to the server
2025-06-06 11:13:39.827 [pool-1-thread-1] INFO  cz.vse.server.ClientHandler - User 'user1' logged in successfully
2025-06-06 11:13:40.848 [pool-1-thread-2] INFO  cz.vse.server.ClientHandler - Client cz.vse.server.ClientHandler@167060f0 connected to the server
2025-06-06 11:13:43.791 [pool-1-thread-2] INFO  cz.vse.server.ClientHandler - User 'user2' logged in successfully
2025-06-06 11:13:43.799 [pool-1-thread-2] INFO  cz.vse.server.Server - user1 has been assigned to the game session
2025-06-06 11:13:43.799 [pool-1-thread-2] INFO  cz.vse.server.Server - user2 has been assigned to the game session
2025-06-06 11:13:43.800 [pool-1-thread-2] INFO  cz.vse.server.ClientHandler - Server sent message: READY to client: user1.
2025-06-06 11:13:43.800 [pool-1-thread-2] INFO  cz.vse.server.ClientHandler - Server sent message: READY to client: user2.
2025-06-06 11:13:43.800 [pool-1-thread-2] INFO  cz.vse.server.Server - Game session started between user1 and user2
2025-06-06 11:13:56.715 [pool-1-thread-1] INFO  cz.vse.server.Message - Received message: PLACE 9 7 SIX_SHAPE 0
2025-06-06 11:13:56.718 [pool-1-thread-1] INFO  cz.vse.server.Game - Ship placed successfully at 8, 6 with rotation 0
2025-06-06 11:13:56.719 [pool-1-thread-1] INFO  cz.vse.server.ClientHandler - Server sent message: SUCCESS to client: user1.
2025-06-06 11:13:56.719 [pool-1-thread-1] ERROR cz.vse.server.GameSession - Cannot switch turn during placement phase
2025-06-06 11:14:01.930 [pool-1-thread-2] INFO  cz.vse.server.Message - Received message: PLACE 9 7 SIX_SHAPE 0
2025-06-06 11:14:01.930 [pool-1-thread-2] INFO  cz.vse.server.Game - Ship placed successfully at 8, 6 with rotation 0
2025-06-06 11:14:01.931 [pool-1-thread-2] INFO  cz.vse.server.ClientHandler - Server sent message: SUCCESS to client: user2.
2025-06-06 11:14:01.931 [pool-1-thread-2] ERROR cz.vse.server.GameSession - Cannot switch turn during placement phase
2025-06-06 11:14:05.862 [pool-1-thread-2] INFO  cz.vse.server.Message - Received message: PLACE 3 5 BLOCK_SHAPE 0
2025-06-06 11:14:05.863 [pool-1-thread-2] INFO  cz.vse.server.Game - Ship placed successfully at 2, 4 with rotation 0
2025-06-06 11:14:05.864 [pool-1-thread-2] INFO  cz.vse.server.ClientHandler - Server sent message: SUCCESS to client: user2.
2025-06-06 11:14:05.864 [pool-1-thread-2] ERROR cz.vse.server.GameSession - Cannot switch turn during placement phase
2025-06-06 11:14:07.727 [pool-1-thread-2] INFO  cz.vse.server.Message - Received message: PLACE 6 5 BLOCK_SHAPE 0
2025-06-06 11:14:07.727 [pool-1-thread-2] INFO  cz.vse.server.Game - Ship placed successfully at 5, 4 with rotation 0
2025-06-06 11:14:07.727 [pool-1-thread-2] INFO  cz.vse.server.ClientHandler - Server sent message: SUCCESS to client: user2.
2025-06-06 11:14:07.727 [pool-1-thread-2] ERROR cz.vse.server.GameSession - Cannot switch turn during placement phase
2025-06-06 11:14:09.795 [pool-1-thread-2] INFO  cz.vse.server.Message - Received message: PLACE 10 2 FOUR_SHAPE 0
2025-06-06 11:14:09.796 [pool-1-thread-2] INFO  cz.vse.server.Game - Ship placed successfully at 9, 1 with rotation 0
2025-06-06 11:14:09.797 [pool-1-thread-2] INFO  cz.vse.server.ClientHandler - Server sent message: SUCCESS to client: user2.
2025-06-06 11:14:09.797 [pool-1-thread-2] ERROR cz.vse.server.GameSession - Cannot switch turn during placement phase
2025-06-06 11:14:17.311 [pool-1-thread-2] INFO  cz.vse.server.Message - Received message: PLACE 9 2 FOUR_SHAPE 0
2025-06-06 11:14:17.312 [pool-1-thread-2] WARN  cz.vse.server.Game - Invalid placement: Adjacent ship detected at 8, 1
2025-06-06 11:14:17.313 [pool-1-thread-2] INFO  cz.vse.server.ClientHandler - Server sent message: FAILURE to client: user2.
2025-06-06 11:14:18.862 [pool-1-thread-2] INFO  cz.vse.server.Message - Received message: PLACE 4 9 FOUR_SHAPE 0
2025-06-06 11:14:18.862 [pool-1-thread-2] WARN  cz.vse.server.Game - Invalid placement: Ship part out of bounds at 3, 10
2025-06-06 11:14:18.863 [pool-1-thread-2] INFO  cz.vse.server.ClientHandler - Server sent message: FAILURE to client: user2.
2025-06-06 11:14:20.095 [pool-1-thread-1] INFO  cz.vse.server.Message - Received message: PLACE 4 4 BLOCK_SHAPE 0
2025-06-06 11:14:20.096 [pool-1-thread-1] INFO  cz.vse.server.Game - Ship placed successfully at 3, 3 with rotation 0
2025-06-06 11:14:20.096 [pool-1-thread-1] INFO  cz.vse.server.ClientHandler - Server sent message: SUCCESS to client: user1.
2025-06-06 11:14:20.096 [pool-1-thread-1] ERROR cz.vse.server.GameSession - Cannot switch turn during placement phase
2025-06-06 11:14:21.728 [pool-1-thread-1] INFO  cz.vse.server.Message - Received message: PLACE 7 4 BLOCK_SHAPE 0
2025-06-06 11:14:21.729 [pool-1-thread-1] INFO  cz.vse.server.Game - Ship placed successfully at 6, 3 with rotation 0
2025-06-06 11:14:21.729 [pool-1-thread-1] INFO  cz.vse.server.ClientHandler - Server sent message: SUCCESS to client: user1.
2025-06-06 11:14:21.729 [pool-1-thread-1] ERROR cz.vse.server.GameSession - Cannot switch turn during placement phase
2025-06-06 11:14:22.462 [pool-1-thread-1] INFO  cz.vse.server.Message - Received message: PLACE 5 8 FOUR_SHAPE 0
2025-06-06 11:14:22.463 [pool-1-thread-1] WARN  cz.vse.server.Game - Invalid placement: Ship part out of bounds at 4, 10
2025-06-06 11:14:22.463 [pool-1-thread-1] INFO  cz.vse.server.ClientHandler - Server sent message: FAILURE to client: user1.
2025-06-06 11:14:23.611 [pool-1-thread-1] INFO  cz.vse.server.Message - Received message: PLACE 9 1 FOUR_SHAPE 0
2025-06-06 11:14:23.612 [pool-1-thread-1] WARN  cz.vse.server.Game - Invalid placement: Adjacent ship detected at 8, 2
2025-06-06 11:14:23.612 [pool-1-thread-1] INFO  cz.vse.server.ClientHandler - Server sent message: FAILURE to client: user1.
2025-06-06 11:14:24.578 [pool-1-thread-1] INFO  cz.vse.server.Message - Received message: PLACE 2 4 FOUR_SHAPE 0
2025-06-06 11:14:24.579 [pool-1-thread-1] INFO  cz.vse.server.Game - Ship placed successfully at 1, 3 with rotation 0
2025-06-06 11:14:24.580 [pool-1-thread-1] INFO  cz.vse.server.ClientHandler - Server sent message: SUCCESS to client: user1.
2025-06-06 11:14:24.580 [pool-1-thread-1] ERROR cz.vse.server.GameSession - Cannot switch turn during placement phase
2025-06-06 11:14:27.261 [pool-1-thread-1] INFO  cz.vse.server.Message - Received message: PLACE 4 8 FOUR_SHAPE 0
2025-06-06 11:14:27.261 [pool-1-thread-1] WARN  cz.vse.server.Game - Invalid placement: Ship part out of bounds at 3, 10
2025-06-06 11:14:27.261 [pool-1-thread-1] INFO  cz.vse.server.ClientHandler - Server sent message: FAILURE to client: user1.
2025-06-06 11:16:37.214 [pool-1-thread-2] DEBUG cz.vse.server.ClientHandler - Closing InputStream for client user2
2025-06-06 11:16:37.215 [pool-1-thread-2] DEBUG cz.vse.server.ClientHandler - Closing OutputStream for client user2
2025-06-06 11:16:37.215 [pool-1-thread-2] DEBUG cz.vse.server.Server - Active users before: [user1, user2]
2025-06-06 11:16:37.216 [pool-1-thread-2] INFO  cz.vse.server.Server - Removed active user: user2
2025-06-06 11:16:37.216 [pool-1-thread-2] DEBUG cz.vse.server.Server - Active users after: [user1]
2025-06-06 11:16:37.217 [pool-1-thread-2] INFO  cz.vse.server.ClientHandler - Server sent message: WIN to client: user2.
2025-06-06 11:16:37.217 [pool-1-thread-2] INFO  cz.vse.server.ClientHandler - Connection to client user2 was closed
2025-06-06 11:16:38.662 [pool-1-thread-1] DEBUG cz.vse.server.ClientHandler - Closing InputStream for client user1
2025-06-06 11:16:38.663 [pool-1-thread-1] DEBUG cz.vse.server.ClientHandler - Closing OutputStream for client user1
2025-06-06 11:16:38.663 [pool-1-thread-1] DEBUG cz.vse.server.Server - Active users before: [user1]
2025-06-06 11:16:38.663 [pool-1-thread-1] INFO  cz.vse.server.Server - Removed active user: user1
2025-06-06 11:16:38.663 [pool-1-thread-1] DEBUG cz.vse.server.Server - Active users after: []
2025-06-06 11:16:38.663 [pool-1-thread-1] INFO  cz.vse.server.ClientHandler - Server sent message: WIN to client: user2.
2025-06-06 11:16:38.663 [pool-1-thread-1] INFO  cz.vse.server.ClientHandler - Connection to client user1 was closed
2025-06-06 11:16:52.424 [pool-1-thread-1] INFO  cz.vse.server.ClientHandler - Client cz.vse.server.ClientHandler@2790e8cb connected to the server
2025-06-06 11:16:53.214 [pool-1-thread-2] INFO  cz.vse.server.ClientHandler - Client cz.vse.server.ClientHandler@10fc504b connected to the server
2025-06-06 11:16:53.216 [pool-1-thread-2] INFO  cz.vse.server.ClientHandler - User 'user1' logged in successfully
2025-06-06 11:16:56.687 [pool-1-thread-1] INFO  cz.vse.server.ClientHandler - User 'user2' logged in successfully
2025-06-06 11:16:56.688 [pool-1-thread-1] INFO  cz.vse.server.Server - user1 has been assigned to the game session
2025-06-06 11:16:56.688 [pool-1-thread-1] INFO  cz.vse.server.Server - user2 has been assigned to the game session
2025-06-06 11:16:56.689 [pool-1-thread-1] INFO  cz.vse.server.ClientHandler - Server sent message: READY to client: user1.
2025-06-06 11:16:56.689 [pool-1-thread-1] INFO  cz.vse.server.ClientHandler - Server sent message: READY to client: user2.
2025-06-06 11:16:56.689 [pool-1-thread-1] INFO  cz.vse.server.Server - Game session started between user1 and user2
2025-06-06 11:17:05.185 [pool-1-thread-1] INFO  cz.vse.server.Message - Received message: PLACE 1 1 SIX_SHAPE 0
2025-06-06 11:17:05.188 [pool-1-thread-1] INFO  cz.vse.server.Game - Ship placed successfully at 0, 0 with rotation 0
2025-06-06 11:17:05.188 [pool-1-thread-1] INFO  cz.vse.server.ClientHandler - Server sent message: SUCCESS to client: user2.
2025-06-06 11:17:05.189 [pool-1-thread-1] ERROR cz.vse.server.GameSession - Cannot switch turn during placement phase
2025-06-06 11:17:06.243 [pool-1-thread-2] INFO  cz.vse.server.Message - Received message: PLACE 1 1 SIX_SHAPE 0
2025-06-06 11:17:06.243 [pool-1-thread-2] INFO  cz.vse.server.Game - Ship placed successfully at 0, 0 with rotation 0
2025-06-06 11:17:06.244 [pool-1-thread-2] INFO  cz.vse.server.ClientHandler - Server sent message: SUCCESS to client: user1.
2025-06-06 11:17:06.244 [pool-1-thread-2] ERROR cz.vse.server.GameSession - Cannot switch turn during placement phase
2025-06-06 11:17:07.427 [pool-1-thread-2] INFO  cz.vse.server.Message - Received message: PLACE 1 6 BLOCK_SHAPE 0
2025-06-06 11:17:07.428 [pool-1-thread-2] INFO  cz.vse.server.Game - Ship placed successfully at 0, 5 with rotation 0
2025-06-06 11:17:07.429 [pool-1-thread-2] INFO  cz.vse.server.ClientHandler - Server sent message: SUCCESS to client: user1.
2025-06-06 11:17:07.429 [pool-1-thread-2] ERROR cz.vse.server.GameSession - Cannot switch turn during placement phase
2025-06-06 11:17:08.943 [pool-1-thread-1] INFO  cz.vse.server.Message - Received message: PLACE 1 6 BLOCK_SHAPE 0
2025-06-06 11:17:08.944 [pool-1-thread-1] INFO  cz.vse.server.Game - Ship placed successfully at 0, 5 with rotation 0
2025-06-06 11:17:08.944 [pool-1-thread-1] INFO  cz.vse.server.ClientHandler - Server sent message: SUCCESS to client: user2.
2025-06-06 11:17:08.944 [pool-1-thread-1] ERROR cz.vse.server.GameSession - Cannot switch turn during placement phase
2025-06-06 11:17:10.710 [pool-1-thread-1] INFO  cz.vse.server.Message - Received message: PLACE 1 9 BLOCK_SHAPE 0
2025-06-06 11:17:10.711 [pool-1-thread-1] INFO  cz.vse.server.Game - Ship placed successfully at 0, 8 with rotation 0
2025-06-06 11:17:10.711 [pool-1-thread-1] INFO  cz.vse.server.ClientHandler - Server sent message: SUCCESS to client: user2.
2025-06-06 11:17:10.711 [pool-1-thread-1] ERROR cz.vse.server.GameSession - Cannot switch turn during placement phase
2025-06-06 11:17:12.060 [pool-1-thread-2] INFO  cz.vse.server.Message - Received message: PLACE 1 9 BLOCK_SHAPE 0
2025-06-06 11:17:12.060 [pool-1-thread-2] INFO  cz.vse.server.Game - Ship placed successfully at 0, 8 with rotation 0
2025-06-06 11:17:12.061 [pool-1-thread-2] INFO  cz.vse.server.ClientHandler - Server sent message: SUCCESS to client: user1.
2025-06-06 11:17:12.061 [pool-1-thread-2] ERROR cz.vse.server.GameSession - Cannot switch turn during placement phase
2025-06-06 11:17:13.460 [pool-1-thread-1] INFO  cz.vse.server.Message - Received message: PLACE 4 3 FOUR_SHAPE 0
2025-06-06 11:17:13.460 [pool-1-thread-1] INFO  cz.vse.server.Game - Ship placed successfully at 3, 2 with rotation 0
2025-06-06 11:17:13.460 [pool-1-thread-1] INFO  cz.vse.server.ClientHandler - Server sent message: SUCCESS to client: user2.
2025-06-06 11:17:13.460 [pool-1-thread-1] ERROR cz.vse.server.GameSession - Cannot switch turn during placement phase
2025-06-06 11:17:14.577 [pool-1-thread-1] INFO  cz.vse.server.Message - Received message: PLACE 6 3 FOUR_SHAPE 0
2025-06-06 11:17:14.578 [pool-1-thread-1] INFO  cz.vse.server.Game - Ship placed successfully at 5, 2 with rotation 0
2025-06-06 11:17:14.578 [pool-1-thread-1] INFO  cz.vse.server.ClientHandler - Server sent message: SUCCESS to client: user2.
2025-06-06 11:17:14.578 [pool-1-thread-1] ERROR cz.vse.server.GameSession - Cannot switch turn during placement phase
2025-06-06 11:17:15.593 [pool-1-thread-1] INFO  cz.vse.server.Message - Received message: PLACE 8 5 TWO_SHAPE 0
2025-06-06 11:17:15.594 [pool-1-thread-1] INFO  cz.vse.server.Game - Ship placed successfully at 7, 4 with rotation 0
2025-06-06 11:17:15.594 [pool-1-thread-1] INFO  cz.vse.server.ClientHandler - Server sent message: SUCCESS to client: user2.
2025-06-06 11:17:15.594 [pool-1-thread-1] ERROR cz.vse.server.GameSession - Cannot switch turn during placement phase
2025-06-06 11:17:17.193 [pool-1-thread-1] INFO  cz.vse.server.Message - Received message: PLACE 9 8 TWO_SHAPE 0
2025-06-06 11:17:17.194 [pool-1-thread-1] INFO  cz.vse.server.Game - Ship placed successfully at 8, 7 with rotation 0
2025-06-06 11:17:17.194 [pool-1-thread-1] INFO  cz.vse.server.ClientHandler - Server sent message: SUCCESS to client: user2.
2025-06-06 11:17:17.194 [pool-1-thread-1] ERROR cz.vse.server.GameSession - Cannot switch turn during placement phase
2025-06-06 11:17:19.110 [pool-1-thread-2] INFO  cz.vse.server.Message - Received message: PLACE 4 3 FOUR_SHAPE 0
2025-06-06 11:17:19.111 [pool-1-thread-2] INFO  cz.vse.server.Game - Ship placed successfully at 3, 2 with rotation 0
2025-06-06 11:17:19.111 [pool-1-thread-2] INFO  cz.vse.server.ClientHandler - Server sent message: SUCCESS to client: user1.
2025-06-06 11:17:19.111 [pool-1-thread-2] ERROR cz.vse.server.GameSession - Cannot switch turn during placement phase
2025-06-06 11:17:19.945 [pool-1-thread-2] INFO  cz.vse.server.Message - Received message: PLACE 6 3 FOUR_SHAPE 0
2025-06-06 11:17:19.946 [pool-1-thread-2] INFO  cz.vse.server.Game - Ship placed successfully at 5, 2 with rotation 0
2025-06-06 11:17:19.946 [pool-1-thread-2] INFO  cz.vse.server.ClientHandler - Server sent message: SUCCESS to client: user1.
2025-06-06 11:17:19.947 [pool-1-thread-2] ERROR cz.vse.server.GameSession - Cannot switch turn during placement phase
2025-06-06 11:17:21.077 [pool-1-thread-2] INFO  cz.vse.server.Message - Received message: PLACE 5 8 TWO_SHAPE 0
2025-06-06 11:17:21.077 [pool-1-thread-2] INFO  cz.vse.server.Game - Ship placed successfully at 4, 7 with rotation 0
2025-06-06 11:17:21.077 [pool-1-thread-2] INFO  cz.vse.server.ClientHandler - Server sent message: SUCCESS to client: user1.
2025-06-06 11:17:21.077 [pool-1-thread-2] ERROR cz.vse.server.GameSession - Cannot switch turn during placement phase
2025-06-06 11:17:22.176 [pool-1-thread-2] INFO  cz.vse.server.Message - Received message: PLACE 8 7 TWO_SHAPE 0
2025-06-06 11:17:22.177 [pool-1-thread-2] INFO  cz.vse.server.Game - Ship placed successfully at 7, 6 with rotation 0
2025-06-06 11:17:22.178 [pool-1-thread-2] INFO  cz.vse.server.ClientHandler - Server sent message: SUCCESS to client: user1.
2025-06-06 11:17:22.178 [pool-1-thread-2] INFO  cz.vse.server.ClientHandler - Server sent message: TURN to client: user2.
