2025-06-05 20:20:22.209 [main] INFO  cz.vse.server.Server - Server is listening for connections on port: 9091
2025-06-05 20:20:34.512 [pool-1-thread-1] INFO  cz.vse.server.ClientHandler - Client cz.vse.server.ClientHandler@16f25a8 connected to the server
2025-06-05 20:20:35.672 [pool-1-thread-2] INFO  cz.vse.server.ClientHandler - Client cz.vse.server.ClientHandler@2932d06c connected to the server
2025-06-05 20:20:41.639 [pool-1-thread-1] INFO  cz.vse.server.ClientHandler - User 'user1' logged in successfully
2025-06-05 20:20:46.244 [pool-1-thread-2] INFO  cz.vse.server.ClientHandler - User 'user2' logged in successfully
2025-06-05 20:20:46.249 [pool-1-thread-2] INFO  cz.vse.server.Server - user1 has been assigned to the game session
2025-06-05 20:20:46.249 [pool-1-thread-2] INFO  cz.vse.server.Server - user2 has been assigned to the game session
2025-06-05 20:20:46.249 [pool-1-thread-2] INFO  cz.vse.server.ClientHandler - Server sent message: READY to client: user1.
2025-06-05 20:20:46.249 [pool-1-thread-2] INFO  cz.vse.server.ClientHandler - Server sent message: READY to client: user2.
2025-06-05 20:20:46.249 [pool-1-thread-2] INFO  cz.vse.server.Server - Game session started between user1 and user2
2025-06-05 20:21:13.748 [pool-1-thread-1] INFO  cz.vse.server.Message - Received message: PLACE 1 1 SIX_SHAPE 0
2025-06-05 20:21:13.752 [pool-1-thread-1] INFO  cz.vse.server.Game - Ship placed successfully at 1, 1 with rotation 0
2025-06-05 20:21:13.753 [pool-1-thread-1] INFO  cz.vse.server.ClientHandler - Server sent message: SUCCESS to client: user1.
2025-06-05 20:21:13.753 [pool-1-thread-1] ERROR cz.vse.server.GameSession - Cannot switch turn during placement phase
2025-06-05 20:21:17.148 [pool-1-thread-2] INFO  cz.vse.server.Message - Received message: PLACE 1 1 SIX_SHAPE 0
2025-06-05 20:21:17.149 [pool-1-thread-2] INFO  cz.vse.server.Game - Ship placed successfully at 1, 1 with rotation 0
2025-06-05 20:21:17.149 [pool-1-thread-2] INFO  cz.vse.server.ClientHandler - Server sent message: SUCCESS to client: user2.
2025-06-05 20:21:17.149 [pool-1-thread-2] ERROR cz.vse.server.GameSession - Cannot switch turn during placement phase
2025-06-05 20:22:12.045 [pool-1-thread-1] INFO  cz.vse.server.Message - Received message: PLACE 3 6 BLOCK_SHAPE 0
2025-06-05 20:22:12.048 [pool-1-thread-1] INFO  cz.vse.server.Game - Ship placed successfully at 3, 6 with rotation 0
2025-06-05 20:22:12.049 [pool-1-thread-1] INFO  cz.vse.server.ClientHandler - Server sent message: SUCCESS to client: user1.
2025-06-05 20:22:12.049 [pool-1-thread-1] ERROR cz.vse.server.GameSession - Cannot switch turn during placement phase
2025-06-05 20:22:14.260 [pool-1-thread-2] INFO  cz.vse.server.Message - Received message: PLACE 3 6 BLOCK_SHAPE 0
2025-06-05 20:22:14.261 [pool-1-thread-2] INFO  cz.vse.server.Game - Ship placed successfully at 3, 6 with rotation 0
2025-06-05 20:22:14.262 [pool-1-thread-2] INFO  cz.vse.server.ClientHandler - Server sent message: SUCCESS to client: user2.
2025-06-05 20:22:14.262 [pool-1-thread-2] ERROR cz.vse.server.GameSession - Cannot switch turn during placement phase
2025-06-05 20:22:18.360 [pool-1-thread-1] INFO  cz.vse.server.Message - Received message: PLACE 5 2 BLOCK_SHAPE 0
2025-06-05 20:22:18.363 [pool-1-thread-1] INFO  cz.vse.server.Game - Ship placed successfully at 5, 2 with rotation 0
2025-06-05 20:22:18.364 [pool-1-thread-1] INFO  cz.vse.server.ClientHandler - Server sent message: SUCCESS to client: user1.
2025-06-05 20:22:18.364 [pool-1-thread-1] ERROR cz.vse.server.GameSession - Cannot switch turn during placement phase
2025-06-05 20:22:20.460 [pool-1-thread-1] INFO  cz.vse.server.Message - Received message: PLACE 6 6 FOUR_SHAPE 0
2025-06-05 20:22:20.461 [pool-1-thread-1] INFO  cz.vse.server.Game - Ship placed successfully at 6, 6 with rotation 0
2025-06-05 20:22:20.462 [pool-1-thread-1] INFO  cz.vse.server.ClientHandler - Server sent message: SUCCESS to client: user1.
2025-06-05 20:22:20.462 [pool-1-thread-1] ERROR cz.vse.server.GameSession - Cannot switch turn during placement phase
2025-06-05 20:22:22.243 [pool-1-thread-1] INFO  cz.vse.server.Message - Received message: PLACE 8 6 FOUR_SHAPE 0
2025-06-05 20:22:22.244 [pool-1-thread-1] INFO  cz.vse.server.Game - Ship placed successfully at 8, 6 with rotation 0
2025-06-05 20:22:22.244 [pool-1-thread-1] INFO  cz.vse.server.ClientHandler - Server sent message: SUCCESS to client: user1.
2025-06-05 20:22:22.244 [pool-1-thread-1] ERROR cz.vse.server.GameSession - Cannot switch turn during placement phase
2025-06-05 20:22:23.593 [pool-1-thread-1] INFO  cz.vse.server.Message - Received message: PLACE 8 2 TWO_SHAPE 0
2025-06-05 20:22:23.594 [pool-1-thread-1] INFO  cz.vse.server.Game - Ship placed successfully at 8, 2 with rotation 0
2025-06-05 20:22:23.594 [pool-1-thread-1] INFO  cz.vse.server.ClientHandler - Server sent message: SUCCESS to client: user1.
2025-06-05 20:22:23.594 [pool-1-thread-1] ERROR cz.vse.server.GameSession - Cannot switch turn during placement phase
2025-06-05 20:22:24.577 [pool-1-thread-1] INFO  cz.vse.server.Message - Received message: PLACE 10 2 TWO_SHAPE 0
2025-06-05 20:22:24.577 [pool-1-thread-1] WARN  cz.vse.server.Game - Invalid placement: Ship part out of bounds at 10, 2
2025-06-05 20:22:24.578 [pool-1-thread-1] INFO  cz.vse.server.ClientHandler - Server sent message: FAILURE to client: user1.
2025-06-05 20:22:27.310 [pool-1-thread-1] INFO  cz.vse.server.Message - Received message: PLACE 10 5 TWO_SHAPE 0
2025-06-05 20:22:27.311 [pool-1-thread-1] WARN  cz.vse.server.Game - Invalid placement: Ship part out of bounds at 10, 5
2025-06-05 20:22:27.311 [pool-1-thread-1] INFO  cz.vse.server.ClientHandler - Server sent message: FAILURE to client: user1.
2025-06-05 20:22:37.427 [pool-1-thread-1] INFO  cz.vse.server.Message - Received message: PLACE 2 9 TWO_SHAPE 0
2025-06-05 20:22:37.428 [pool-1-thread-1] WARN  cz.vse.server.Game - Invalid placement: Ship part out of bounds at 2, 10
2025-06-05 20:22:37.429 [pool-1-thread-1] INFO  cz.vse.server.ClientHandler - Server sent message: FAILURE to client: user1.
2025-06-05 20:22:39.260 [pool-1-thread-1] INFO  cz.vse.server.Message - Received message: PLACE 3 2 TWO_SHAPE 0
2025-06-05 20:22:39.261 [pool-1-thread-1] WARN  cz.vse.server.Game - Invalid placement: Adjacent ship detected at 3, 2
2025-06-05 20:22:39.261 [pool-1-thread-1] INFO  cz.vse.server.ClientHandler - Server sent message: FAILURE to client: user1.
2025-06-05 20:22:40.176 [pool-1-thread-1] INFO  cz.vse.server.Message - Received message: PLACE 4 2 TWO_SHAPE 0
2025-06-05 20:22:40.177 [pool-1-thread-1] WARN  cz.vse.server.Game - Invalid placement: Adjacent ship detected at 4, 2
2025-06-05 20:22:40.177 [pool-1-thread-1] INFO  cz.vse.server.ClientHandler - Server sent message: FAILURE to client: user1.
2025-06-05 20:22:48.242 [pool-1-thread-2] INFO  cz.vse.server.Message - Received message: PLACE 4 2 BLOCK_SHAPE 0
2025-06-05 20:22:48.243 [pool-1-thread-2] INFO  cz.vse.server.Game - Ship placed successfully at 4, 2 with rotation 0
2025-06-05 20:22:48.243 [pool-1-thread-2] INFO  cz.vse.server.ClientHandler - Server sent message: SUCCESS to client: user2.
2025-06-05 20:22:48.243 [pool-1-thread-2] ERROR cz.vse.server.GameSession - Cannot switch turn during placement phase
2025-06-05 20:22:52.294 [pool-1-thread-2] INFO  cz.vse.server.Message - Received message: PLACE 6 5 FOUR_SHAPE 0
2025-06-05 20:22:52.298 [pool-1-thread-2] INFO  cz.vse.server.Game - Ship placed successfully at 6, 5 with rotation 0
2025-06-05 20:22:52.298 [pool-1-thread-2] INFO  cz.vse.server.ClientHandler - Server sent message: SUCCESS to client: user2.
2025-06-05 20:22:52.298 [pool-1-thread-2] ERROR cz.vse.server.GameSession - Cannot switch turn during placement phase
2025-06-05 20:22:54.293 [pool-1-thread-2] INFO  cz.vse.server.Message - Received message: PLACE 8 2 FOUR_SHAPE 0
2025-06-05 20:22:54.294 [pool-1-thread-2] INFO  cz.vse.server.Game - Ship placed successfully at 8, 2 with rotation 0
2025-06-05 20:22:54.295 [pool-1-thread-2] INFO  cz.vse.server.ClientHandler - Server sent message: SUCCESS to client: user2.
2025-06-05 20:22:54.295 [pool-1-thread-2] ERROR cz.vse.server.GameSession - Cannot switch turn during placement phase
2025-06-05 20:22:55.976 [pool-1-thread-2] INFO  cz.vse.server.Message - Received message: PLACE 9 7 TWO_SHAPE 0
2025-06-05 20:22:55.977 [pool-1-thread-2] INFO  cz.vse.server.Game - Ship placed successfully at 9, 7 with rotation 0
2025-06-05 20:22:55.978 [pool-1-thread-2] INFO  cz.vse.server.ClientHandler - Server sent message: SUCCESS to client: user2.
2025-06-05 20:22:55.978 [pool-1-thread-2] ERROR cz.vse.server.GameSession - Cannot switch turn during placement phase
2025-06-05 20:22:57.993 [pool-1-thread-2] INFO  cz.vse.server.Message - Received message: PLACE 8 8 TWO_SHAPE 0
2025-06-05 20:22:57.993 [pool-1-thread-2] WARN  cz.vse.server.Game - Invalid placement: Adjacent ship detected at 8, 8
2025-06-05 20:22:57.994 [pool-1-thread-2] INFO  cz.vse.server.ClientHandler - Server sent message: FAILURE to client: user2.
2025-06-05 20:23:01.144 [pool-1-thread-2] INFO  cz.vse.server.Message - Received message: PLACE 10 3 TWO_SHAPE 0
2025-06-05 20:23:01.145 [pool-1-thread-2] WARN  cz.vse.server.Game - Invalid placement: Ship part out of bounds at 10, 3
2025-06-05 20:23:01.145 [pool-1-thread-2] INFO  cz.vse.server.ClientHandler - Server sent message: FAILURE to client: user2.
2025-06-05 20:23:02.243 [pool-1-thread-2] INFO  cz.vse.server.Message - Received message: PLACE 9 3 TWO_SHAPE 0
2025-06-05 20:23:02.244 [pool-1-thread-2] WARN  cz.vse.server.Game - Invalid placement: Adjacent ship detected at 9, 3
2025-06-05 20:23:02.245 [pool-1-thread-2] INFO  cz.vse.server.ClientHandler - Server sent message: FAILURE to client: user2.
2025-06-05 20:23:07.160 [pool-1-thread-2] INFO  cz.vse.server.Message - Received message: PLACE 4 9 TWO_SHAPE 0
2025-06-05 20:23:07.161 [pool-1-thread-2] WARN  cz.vse.server.Game - Invalid placement: Ship part out of bounds at 4, 10
2025-06-05 20:23:07.161 [pool-1-thread-2] INFO  cz.vse.server.ClientHandler - Server sent message: FAILURE to client: user2.
2025-06-05 20:23:08.059 [pool-1-thread-2] INFO  cz.vse.server.Message - Received message: PLACE 5 9 TWO_SHAPE 0
2025-06-05 20:23:08.059 [pool-1-thread-2] WARN  cz.vse.server.Game - Invalid placement: Adjacent ship detected at 5, 9
2025-06-05 20:23:08.059 [pool-1-thread-2] INFO  cz.vse.server.ClientHandler - Server sent message: FAILURE to client: user2.
2025-06-05 20:23:08.577 [pool-1-thread-2] INFO  cz.vse.server.Message - Received message: PLACE 6 9 TWO_SHAPE 0
2025-06-05 20:23:08.578 [pool-1-thread-2] WARN  cz.vse.server.Game - Invalid placement: Adjacent ship detected at 6, 9
2025-06-05 20:23:08.578 [pool-1-thread-2] INFO  cz.vse.server.ClientHandler - Server sent message: FAILURE to client: user2.
2025-06-05 20:23:08.943 [pool-1-thread-2] INFO  cz.vse.server.Message - Received message: PLACE 6 9 TWO_SHAPE 0
2025-06-05 20:23:08.944 [pool-1-thread-2] WARN  cz.vse.server.Game - Invalid placement: Adjacent ship detected at 6, 9
2025-06-05 20:23:08.944 [pool-1-thread-2] INFO  cz.vse.server.ClientHandler - Server sent message: FAILURE to client: user2.
2025-06-05 20:23:09.327 [pool-1-thread-2] INFO  cz.vse.server.Message - Received message: PLACE 6 9 TWO_SHAPE 0
2025-06-05 20:23:09.327 [pool-1-thread-2] WARN  cz.vse.server.Game - Invalid placement: Adjacent ship detected at 6, 9
2025-06-05 20:23:09.328 [pool-1-thread-2] INFO  cz.vse.server.ClientHandler - Server sent message: FAILURE to client: user2.
2025-06-05 20:23:10.164 [pool-1-thread-2] INFO  cz.vse.server.Message - Received message: PLACE 7 3 TWO_SHAPE 0
2025-06-05 20:23:10.164 [pool-1-thread-2] WARN  cz.vse.server.Game - Invalid placement: Adjacent ship detected at 7, 3
2025-06-05 20:23:10.164 [pool-1-thread-2] INFO  cz.vse.server.ClientHandler - Server sent message: FAILURE to client: user2.
2025-06-05 20:23:10.943 [pool-1-thread-2] INFO  cz.vse.server.Message - Received message: PLACE 6 2 TWO_SHAPE 0
2025-06-05 20:23:10.944 [pool-1-thread-2] WARN  cz.vse.server.Game - Invalid placement: Adjacent ship detected at 6, 2
2025-06-05 20:23:10.944 [pool-1-thread-2] INFO  cz.vse.server.ClientHandler - Server sent message: FAILURE to client: user2.
2025-06-05 20:23:17.535 [pool-1-thread-1] INFO  cz.vse.server.ClientHandler - Client user1 OUT closed
2025-06-05 20:23:25.020 [pool-1-thread-2] INFO  cz.vse.server.ClientHandler - Client user2 OUT closed
2025-06-05 20:23:38.578 [main] INFO  cz.vse.server.Server - Server is listening for connections on port: 9091
2025-06-05 20:23:50.624 [pool-1-thread-1] INFO  cz.vse.server.ClientHandler - Client cz.vse.server.ClientHandler@10055e58 connected to the server
2025-06-05 20:23:51.739 [pool-1-thread-2] INFO  cz.vse.server.ClientHandler - Client cz.vse.server.ClientHandler@6880b01e connected to the server
2025-06-05 20:23:51.739 [pool-1-thread-2] INFO  cz.vse.server.ClientHandler - User 'user1' logged in successfully
2025-06-05 20:23:55.619 [pool-1-thread-1] INFO  cz.vse.server.ClientHandler - User 'user2' logged in successfully
2025-06-05 20:23:55.623 [pool-1-thread-1] INFO  cz.vse.server.Server - user1 has been assigned to the game session
2025-06-05 20:23:55.623 [pool-1-thread-1] INFO  cz.vse.server.Server - user2 has been assigned to the game session
2025-06-05 20:23:55.623 [pool-1-thread-1] INFO  cz.vse.server.ClientHandler - Server sent message: READY to client: user1.
2025-06-05 20:23:55.624 [pool-1-thread-1] INFO  cz.vse.server.ClientHandler - Server sent message: READY to client: user2.
2025-06-05 20:23:55.624 [pool-1-thread-1] INFO  cz.vse.server.Server - Game session started between user1 and user2
2025-06-05 20:24:10.599 [pool-1-thread-1] INFO  cz.vse.server.Message - Received message: PLACE 1 1 SIX_SHAPE 0
2025-06-05 20:24:10.601 [pool-1-thread-1] INFO  cz.vse.server.Game - Ship placed successfully at 1, 1 with rotation 0
2025-06-05 20:24:10.604 [pool-1-thread-1] INFO  cz.vse.server.ClientHandler - Server sent message: SUCCESS to client: user2.
2025-06-05 20:24:12.162 [pool-1-thread-1] INFO  cz.vse.server.Message - Received message: PLACE 1 6 BLOCK_SHAPE 0
2025-06-05 20:24:12.163 [pool-1-thread-1] INFO  cz.vse.server.Game - Ship placed successfully at 1, 6 with rotation 0
2025-06-05 20:24:12.164 [pool-1-thread-1] INFO  cz.vse.server.ClientHandler - Server sent message: SUCCESS to client: user2.
2025-06-05 20:24:40.760 [pool-1-thread-1] INFO  cz.vse.server.Message - Received message: PLACE 4 2 BLOCK_SHAPE 0
2025-06-05 20:24:40.763 [pool-1-thread-1] INFO  cz.vse.server.Game - Ship placed successfully at 4, 2 with rotation 0
2025-06-05 20:24:40.764 [pool-1-thread-1] INFO  cz.vse.server.ClientHandler - Server sent message: SUCCESS to client: user2.
2025-06-05 20:24:43.409 [pool-1-thread-1] INFO  cz.vse.server.Message - Received message: PLACE 4 5 FOUR_SHAPE 0
2025-06-05 20:24:43.410 [pool-1-thread-1] INFO  cz.vse.server.Game - Ship placed successfully at 4, 5 with rotation 0
2025-06-05 20:24:43.410 [pool-1-thread-1] INFO  cz.vse.server.ClientHandler - Server sent message: SUCCESS to client: user2.
2025-06-05 20:24:44.793 [pool-1-thread-1] INFO  cz.vse.server.Message - Received message: PLACE 6 5 FOUR_SHAPE 0
2025-06-05 20:24:44.794 [pool-1-thread-1] INFO  cz.vse.server.Game - Ship placed successfully at 6, 5 with rotation 0
2025-06-05 20:24:44.794 [pool-1-thread-1] INFO  cz.vse.server.ClientHandler - Server sent message: SUCCESS to client: user2.
2025-06-05 20:24:47.309 [pool-1-thread-1] INFO  cz.vse.server.Message - Received message: PLACE 8 3 TWO_SHAPE 0
2025-06-05 20:24:47.310 [pool-1-thread-1] INFO  cz.vse.server.Game - Ship placed successfully at 8, 3 with rotation 0
2025-06-05 20:24:47.311 [pool-1-thread-1] INFO  cz.vse.server.ClientHandler - Server sent message: SUCCESS to client: user2.
2025-06-05 20:24:48.676 [pool-1-thread-1] INFO  cz.vse.server.Message - Received message: PLACE 8 6 TWO_SHAPE 0
2025-06-05 20:24:48.677 [pool-1-thread-1] INFO  cz.vse.server.Game - Ship placed successfully at 8, 6 with rotation 0
2025-06-05 20:24:48.677 [pool-1-thread-1] INFO  cz.vse.server.ClientHandler - Server sent message: SUCCESS to client: user2.
2025-06-05 20:24:52.447 [pool-1-thread-2] INFO  cz.vse.server.Message - Received message: PLACE 1 1 SIX_SHAPE 0
2025-06-05 20:24:52.447 [pool-1-thread-2] INFO  cz.vse.server.Game - Ship placed successfully at 1, 1 with rotation 0
2025-06-05 20:24:52.447 [pool-1-thread-2] INFO  cz.vse.server.ClientHandler - Server sent message: SUCCESS to client: user1.
2025-06-05 20:24:53.926 [pool-1-thread-2] INFO  cz.vse.server.Message - Received message: PLACE 1 6 BLOCK_SHAPE 0
2025-06-05 20:24:53.927 [pool-1-thread-2] INFO  cz.vse.server.Game - Ship placed successfully at 1, 6 with rotation 0
2025-06-05 20:24:53.928 [pool-1-thread-2] INFO  cz.vse.server.ClientHandler - Server sent message: SUCCESS to client: user1.
2025-06-05 20:24:56.643 [pool-1-thread-2] INFO  cz.vse.server.Message - Received message: PLACE 4 2 BLOCK_SHAPE 0
2025-06-05 20:24:56.644 [pool-1-thread-2] INFO  cz.vse.server.Game - Ship placed successfully at 4, 2 with rotation 0
2025-06-05 20:24:56.644 [pool-1-thread-2] INFO  cz.vse.server.ClientHandler - Server sent message: SUCCESS to client: user1.
2025-06-05 20:24:58.542 [pool-1-thread-2] INFO  cz.vse.server.Message - Received message: PLACE 4 5 FOUR_SHAPE 0
2025-06-05 20:24:58.543 [pool-1-thread-2] INFO  cz.vse.server.Game - Ship placed successfully at 4, 5 with rotation 0
2025-06-05 20:24:58.543 [pool-1-thread-2] INFO  cz.vse.server.ClientHandler - Server sent message: SUCCESS to client: user1.
2025-06-05 20:25:00.693 [pool-1-thread-2] INFO  cz.vse.server.Message - Received message: PLACE 6 5 FOUR_SHAPE 0
2025-06-05 20:25:00.694 [pool-1-thread-2] INFO  cz.vse.server.Game - Ship placed successfully at 6, 5 with rotation 0
2025-06-05 20:25:00.694 [pool-1-thread-2] INFO  cz.vse.server.ClientHandler - Server sent message: SUCCESS to client: user1.
2025-06-05 20:25:03.660 [pool-1-thread-2] INFO  cz.vse.server.Message - Received message: PLACE 8 3 TWO_SHAPE 0
2025-06-05 20:25:03.660 [pool-1-thread-2] INFO  cz.vse.server.Game - Ship placed successfully at 8, 3 with rotation 0
2025-06-05 20:25:03.661 [pool-1-thread-2] INFO  cz.vse.server.ClientHandler - Server sent message: SUCCESS to client: user1.
2025-06-05 20:25:05.226 [pool-1-thread-2] INFO  cz.vse.server.Message - Received message: PLACE 8 6 TWO_SHAPE 0
2025-06-05 20:25:05.227 [pool-1-thread-2] INFO  cz.vse.server.Game - Ship placed successfully at 8, 6 with rotation 0
2025-06-05 20:25:05.228 [pool-1-thread-2] INFO  cz.vse.server.ClientHandler - Server sent message: SUCCESS to client: user1.
2025-06-05 20:25:25.211 [pool-1-thread-1] WARN  cz.vse.server.Message - Command could not be processed: BOMB 2 2, it is not user2`s turn
2025-06-05 20:25:36.826 [pool-1-thread-2] INFO  cz.vse.server.Message - Received message: BOMB 2 2
2025-06-05 20:25:36.833 [pool-1-thread-2] INFO  cz.vse.server.ClientHandler - Server sent message: MISS 2 2 to client: user1.
2025-06-05 20:25:36.833 [pool-1-thread-2] INFO  cz.vse.server.ClientHandler - Server sent message: MISS 2 2 to client: user2.
2025-06-05 20:25:36.833 [pool-1-thread-2] INFO  cz.vse.server.ClientHandler - Server sent message: TURN to client: user2.
2025-06-05 20:26:01.342 [pool-1-thread-1] INFO  cz.vse.server.Message - Received message: BOMB 2 3
2025-06-05 20:26:01.345 [pool-1-thread-1] INFO  cz.vse.server.ClientHandler - Server sent message: MISS 2 3 to client: user2.
2025-06-05 20:26:01.345 [pool-1-thread-1] INFO  cz.vse.server.ClientHandler - Server sent message: MISS 2 3 to client: user1.
2025-06-05 20:26:01.346 [pool-1-thread-1] INFO  cz.vse.server.ClientHandler - Server sent message: TURN to client: user1.
2025-06-05 20:32:34.405 [main] INFO  cz.vse.server.Server - Server is listening for connections on port: 9091
2025-06-05 20:33:02.679 [pool-1-thread-1] INFO  cz.vse.server.ClientHandler - Client cz.vse.server.ClientHandler@5f9f3cb2 connected to the server
2025-06-05 20:33:03.506 [pool-1-thread-2] INFO  cz.vse.server.ClientHandler - Client cz.vse.server.ClientHandler@5cf05e94 connected to the server
2025-06-05 20:33:08.350 [pool-1-thread-2] INFO  cz.vse.server.ClientHandler - User 'user1' logged in successfully
2025-06-05 20:33:18.428 [pool-1-thread-1] INFO  cz.vse.server.ClientHandler - User 'user2' logged in successfully
2025-06-05 20:33:18.436 [pool-1-thread-1] INFO  cz.vse.server.Server - user1 has been assigned to the game session
2025-06-05 20:33:18.437 [pool-1-thread-1] INFO  cz.vse.server.Server - user2 has been assigned to the game session
2025-06-05 20:33:18.437 [pool-1-thread-1] INFO  cz.vse.server.ClientHandler - Server sent message: READY to client: user1.
2025-06-05 20:33:18.437 [pool-1-thread-1] INFO  cz.vse.server.ClientHandler - Server sent message: READY to client: user2.
2025-06-05 20:33:18.437 [pool-1-thread-1] INFO  cz.vse.server.Server - Game session started between user1 and user2
2025-06-05 20:33:36.861 [pool-1-thread-1] INFO  cz.vse.server.Message - Received message: PLACE 1 1 SIX_SHAPE 0
2025-06-05 20:33:36.863 [pool-1-thread-1] INFO  cz.vse.server.Game - Ship placed successfully at 1, 1 with rotation 0
2025-06-05 20:33:36.863 [pool-1-thread-1] INFO  cz.vse.server.ClientHandler - Server sent message: SUCCESS to client: user2.
2025-06-05 20:33:39.494 [pool-1-thread-2] INFO  cz.vse.server.Message - Received message: PLACE 1 1 SIX_SHAPE 0
2025-06-05 20:33:39.494 [pool-1-thread-2] INFO  cz.vse.server.Game - Ship placed successfully at 1, 1 with rotation 0
2025-06-05 20:33:39.495 [pool-1-thread-2] INFO  cz.vse.server.ClientHandler - Server sent message: SUCCESS to client: user1.
2025-06-05 20:33:40.874 [pool-1-thread-2] INFO  cz.vse.server.Message - Received message: PLACE 1 6 BLOCK_SHAPE 0
2025-06-05 20:33:40.875 [pool-1-thread-2] INFO  cz.vse.server.Game - Ship placed successfully at 1, 6 with rotation 0
2025-06-05 20:33:40.875 [pool-1-thread-2] INFO  cz.vse.server.ClientHandler - Server sent message: SUCCESS to client: user1.
2025-06-05 20:33:42.208 [pool-1-thread-1] INFO  cz.vse.server.Message - Received message: PLACE 1 6 BLOCK_SHAPE 0
2025-06-05 20:33:42.209 [pool-1-thread-1] INFO  cz.vse.server.Game - Ship placed successfully at 1, 6 with rotation 0
2025-06-05 20:33:42.209 [pool-1-thread-1] INFO  cz.vse.server.ClientHandler - Server sent message: SUCCESS to client: user2.
2025-06-05 20:33:45.425 [pool-1-thread-1] INFO  cz.vse.server.Message - Received message: PLACE 4 2 BLOCK_SHAPE 0
2025-06-05 20:33:45.426 [pool-1-thread-1] INFO  cz.vse.server.Game - Ship placed successfully at 4, 2 with rotation 0
2025-06-05 20:33:45.427 [pool-1-thread-1] INFO  cz.vse.server.ClientHandler - Server sent message: SUCCESS to client: user2.
2025-06-05 20:33:48.742 [pool-1-thread-2] INFO  cz.vse.server.Message - Received message: PLACE 4 1 BLOCK_SHAPE 0
2025-06-05 20:33:48.743 [pool-1-thread-2] INFO  cz.vse.server.Game - Ship placed successfully at 4, 1 with rotation 0
2025-06-05 20:33:48.744 [pool-1-thread-2] INFO  cz.vse.server.ClientHandler - Server sent message: SUCCESS to client: user1.
2025-06-05 20:33:53.776 [pool-1-thread-2] INFO  cz.vse.server.Message - Received message: PLACE 4 7 FOUR_SHAPE 0
2025-06-05 20:33:53.777 [pool-1-thread-2] WARN  cz.vse.server.Game - Invalid placement: Ship part out of bounds at 4, 10
2025-06-05 20:33:53.777 [pool-1-thread-2] INFO  cz.vse.server.ClientHandler - Server sent message: FAILURE to client: user1.
2025-06-05 20:33:56.409 [pool-1-thread-2] INFO  cz.vse.server.Message - Received message: PLACE 4 7 FOUR_SHAPE 0
2025-06-05 20:33:56.410 [pool-1-thread-2] WARN  cz.vse.server.Game - Invalid placement: Ship part out of bounds at 4, 10
2025-06-05 20:33:56.411 [pool-1-thread-2] INFO  cz.vse.server.ClientHandler - Server sent message: FAILURE to client: user1.
2025-06-05 20:33:57.574 [pool-1-thread-2] INFO  cz.vse.server.Message - Received message: PLACE 4 6 FOUR_SHAPE 0
2025-06-05 20:33:57.575 [pool-1-thread-2] INFO  cz.vse.server.Game - Ship placed successfully at 4, 6 with rotation 0
2025-06-05 20:33:57.575 [pool-1-thread-2] INFO  cz.vse.server.ClientHandler - Server sent message: SUCCESS to client: user1.
2025-06-05 20:34:08.825 [pool-1-thread-2] INFO  cz.vse.server.Message - Received message: PLACE 6 6 FOUR_SHAPE 0
2025-06-05 20:34:08.827 [pool-1-thread-2] INFO  cz.vse.server.Game - Ship placed successfully at 6, 6 with rotation 0
2025-06-05 20:34:08.828 [pool-1-thread-2] INFO  cz.vse.server.ClientHandler - Server sent message: SUCCESS to client: user1.
2025-06-05 20:34:10.025 [pool-1-thread-2] INFO  cz.vse.server.Message - Received message: PLACE 10 6 TWO_SHAPE 0
2025-06-05 20:34:10.026 [pool-1-thread-2] WARN  cz.vse.server.Game - Invalid placement: Ship part out of bounds at 10, 6
2025-06-05 20:34:10.026 [pool-1-thread-2] INFO  cz.vse.server.ClientHandler - Server sent message: FAILURE to client: user1.
2025-06-05 20:34:11.076 [pool-1-thread-2] INFO  cz.vse.server.Message - Received message: PLACE 9 6 TWO_SHAPE 0
2025-06-05 20:34:11.077 [pool-1-thread-2] INFO  cz.vse.server.Game - Ship placed successfully at 9, 6 with rotation 0
2025-06-05 20:34:11.077 [pool-1-thread-2] INFO  cz.vse.server.ClientHandler - Server sent message: SUCCESS to client: user1.
2025-06-05 20:34:12.425 [pool-1-thread-2] INFO  cz.vse.server.Message - Received message: PLACE 9 3 TWO_SHAPE 0
2025-06-05 20:34:12.426 [pool-1-thread-2] INFO  cz.vse.server.Game - Ship placed successfully at 9, 3 with rotation 0
2025-06-05 20:34:12.427 [pool-1-thread-2] INFO  cz.vse.server.ClientHandler - Server sent message: SUCCESS to client: user1.
2025-06-05 20:34:33.807 [pool-1-thread-1] INFO  cz.vse.server.Message - Received message: PLACE 5 5 FOUR_SHAPE 0
2025-06-05 20:34:33.807 [pool-1-thread-1] INFO  cz.vse.server.Game - Ship placed successfully at 5, 5 with rotation 0
2025-06-05 20:34:33.808 [pool-1-thread-1] INFO  cz.vse.server.ClientHandler - Server sent message: SUCCESS to client: user2.
2025-06-05 20:34:34.957 [pool-1-thread-1] INFO  cz.vse.server.Message - Received message: PLACE 7 5 FOUR_SHAPE 0
2025-06-05 20:34:34.958 [pool-1-thread-1] INFO  cz.vse.server.Game - Ship placed successfully at 7, 5 with rotation 0
2025-06-05 20:34:34.958 [pool-1-thread-1] INFO  cz.vse.server.ClientHandler - Server sent message: SUCCESS to client: user2.
2025-06-05 20:34:36.158 [pool-1-thread-1] INFO  cz.vse.server.Message - Received message: PLACE 9 2 TWO_SHAPE 0
2025-06-05 20:34:36.159 [pool-1-thread-1] INFO  cz.vse.server.Game - Ship placed successfully at 9, 2 with rotation 0
2025-06-05 20:34:36.159 [pool-1-thread-1] INFO  cz.vse.server.ClientHandler - Server sent message: SUCCESS to client: user2.
2025-06-05 20:34:37.157 [pool-1-thread-1] INFO  cz.vse.server.Message - Received message: PLACE 9 6 TWO_SHAPE 0
2025-06-05 20:34:37.158 [pool-1-thread-1] INFO  cz.vse.server.Game - Ship placed successfully at 9, 6 with rotation 0
2025-06-05 20:34:37.158 [pool-1-thread-1] INFO  cz.vse.server.ClientHandler - Server sent message: SUCCESS to client: user2.
2025-06-05 20:34:41.540 [pool-1-thread-1] WARN  cz.vse.server.Message - Command could not be processed: BOMB 2 2, it is not user2`s turn
2025-06-05 20:34:44.273 [pool-1-thread-2] INFO  cz.vse.server.Message - Received message: BOMB 2 2
2025-06-05 20:34:44.279 [pool-1-thread-2] INFO  cz.vse.server.ClientHandler - Server sent message: HIT 2 2 to client: user1.
2025-06-05 20:34:44.280 [pool-1-thread-2] INFO  cz.vse.server.ClientHandler - Server sent message: HIT 2 2 to client: user2.
2025-06-05 20:34:44.280 [pool-1-thread-2] INFO  cz.vse.server.ClientHandler - Server sent message: TURN to client: user2.
2025-06-05 20:34:55.722 [pool-1-thread-1] INFO  cz.vse.server.Message - Received message: BOMB 1 7
2025-06-05 20:34:55.726 [pool-1-thread-1] INFO  cz.vse.server.ClientHandler - Server sent message: HIT 1 7 to client: user2.
2025-06-05 20:34:55.726 [pool-1-thread-1] INFO  cz.vse.server.ClientHandler - Server sent message: HIT 1 7 to client: user1.
2025-06-05 20:34:55.726 [pool-1-thread-1] INFO  cz.vse.server.ClientHandler - Server sent message: TURN to client: user1.
2025-06-05 20:35:10.304 [pool-1-thread-2] INFO  cz.vse.server.Message - Received message: BOMB 9 2
2025-06-05 20:35:10.305 [pool-1-thread-2] INFO  cz.vse.server.ClientHandler - Server sent message: HIT 9 2 to client: user1.
2025-06-05 20:35:10.305 [pool-1-thread-2] INFO  cz.vse.server.ClientHandler - Server sent message: HIT 9 2 to client: user2.
2025-06-05 20:35:10.305 [pool-1-thread-2] INFO  cz.vse.server.ClientHandler - Server sent message: TURN to client: user2.
2025-06-05 20:35:17.488 [pool-1-thread-2] WARN  cz.vse.server.Message - Command could not be processed: BOMB 9 6, it is not user1`s turn
2025-06-05 20:35:18.321 [pool-1-thread-2] WARN  cz.vse.server.Message - Command could not be processed: BOMB 6 5, it is not user1`s turn
2025-06-05 20:35:19.620 [pool-1-thread-1] INFO  cz.vse.server.Message - Received message: BOMB 5 6
2025-06-05 20:35:19.622 [pool-1-thread-1] INFO  cz.vse.server.Game - [[1, 1, 1, 1, 1, 1, 1, 1, 1, 1], [1, 0, 0, 0, 1, 1, 0, -1, 1, 1], [1, 0, 0, 0, 1, 1, 0, 0, 1, 1], [1, 1, 1, 1, 1, 1, 1, 1, 1, 1], [1, 0, 0, 1, 1, 1, 0, 0, 0, 0], [1, 0, 0, 1, 1, 1, 2, 1, 1, 1], [1, 1, 1, 1, 1, 1, 0, 0, 0, 0], [1, 1, 1, 1, 1, 1, 1, 1, 1, 1], [1, 1, 1, 1, 1, 1, 1, 1, 1, 1], [1, 1, 1, 0, 0, 1, 0, 0, 1, 1]]
2025-06-05 20:35:19.623 [pool-1-thread-1] INFO  cz.vse.server.ClientHandler - Server sent message: MISS 5 6 to client: user2.
2025-06-05 20:35:19.623 [pool-1-thread-1] INFO  cz.vse.server.ClientHandler - Server sent message: MISS 5 6 to client: user1.
2025-06-05 20:35:19.623 [pool-1-thread-1] INFO  cz.vse.server.ClientHandler - Server sent message: TURN to client: user1.
2025-06-05 20:35:21.054 [pool-1-thread-1] WARN  cz.vse.server.Message - Command could not be processed: BOMB 5 3, it is not user2`s turn
2025-06-05 20:35:22.437 [pool-1-thread-2] INFO  cz.vse.server.Message - Received message: BOMB 5 5
2025-06-05 20:35:22.437 [pool-1-thread-2] INFO  cz.vse.server.ClientHandler - Server sent message: HIT 5 5 to client: user1.
2025-06-05 20:35:22.438 [pool-1-thread-2] INFO  cz.vse.server.ClientHandler - Server sent message: HIT 5 5 to client: user2.
2025-06-05 20:35:22.438 [pool-1-thread-2] INFO  cz.vse.server.ClientHandler - Server sent message: TURN to client: user2.
2025-06-05 20:35:27.838 [pool-1-thread-1] INFO  cz.vse.server.Message - Received message: BOMB 4 2
2025-06-05 20:35:27.839 [pool-1-thread-1] INFO  cz.vse.server.ClientHandler - Server sent message: HIT 4 2 to client: user2.
2025-06-05 20:35:27.840 [pool-1-thread-1] INFO  cz.vse.server.ClientHandler - Server sent message: HIT 4 2 to client: user1.
2025-06-05 20:35:27.840 [pool-1-thread-1] INFO  cz.vse.server.ClientHandler - Server sent message: TURN to client: user1.
2025-06-05 20:35:30.458 [pool-1-thread-2] INFO  cz.vse.server.Message - Received message: BOMB 2 6
2025-06-05 20:35:30.463 [pool-1-thread-2] INFO  cz.vse.server.ClientHandler - Server sent message: HIT 2 6 to client: user1.
2025-06-05 20:35:30.464 [pool-1-thread-2] INFO  cz.vse.server.ClientHandler - Server sent message: HIT 2 6 to client: user2.
2025-06-05 20:35:30.464 [pool-1-thread-2] INFO  cz.vse.server.ClientHandler - Server sent message: TURN to client: user2.
2025-06-05 20:35:34.022 [pool-1-thread-2] WARN  cz.vse.server.Message - Command could not be processed: BOMB 7 7, it is not user1`s turn
2025-06-05 20:35:36.571 [pool-1-thread-1] INFO  cz.vse.server.Message - Received message: BOMB 7 8
2025-06-05 20:35:36.573 [pool-1-thread-1] INFO  cz.vse.server.Game - [[1, 1, 1, 1, 1, 1, 1, 1, 1, 1], [1, 0, 0, 0, 1, 1, 0, -1, 1, 1], [1, 0, 0, 0, 1, 1, 0, 0, 1, 1], [1, 1, 1, 1, 1, 1, 1, 1, 1, 1], [1, 0, -1, 1, 1, 1, 0, 0, 0, 0], [1, 0, 0, 1, 1, 1, 2, 1, 1, 1], [1, 1, 1, 1, 1, 1, 0, 0, 0, 0], [1, 1, 1, 1, 1, 1, 1, 1, 2, 1], [1, 1, 1, 1, 1, 1, 1, 1, 1, 1], [1, 1, 1, 0, 0, 1, 0, 0, 1, 1]]
2025-06-05 20:35:36.573 [pool-1-thread-1] INFO  cz.vse.server.ClientHandler - Server sent message: MISS 7 8 to client: user2.
2025-06-05 20:35:36.573 [pool-1-thread-1] INFO  cz.vse.server.ClientHandler - Server sent message: MISS 7 8 to client: user1.
2025-06-05 20:35:36.573 [pool-1-thread-1] INFO  cz.vse.server.ClientHandler - Server sent message: TURN to client: user1.
2025-06-05 20:36:57.287 [main] INFO  cz.vse.server.Server - Server is listening for connections on port: 9091
2025-06-05 20:37:19.887 [pool-1-thread-1] INFO  cz.vse.server.ClientHandler - Client cz.vse.server.ClientHandler@3ce03fc6 connected to the server
2025-06-05 20:37:21.041 [pool-1-thread-2] INFO  cz.vse.server.ClientHandler - Client cz.vse.server.ClientHandler@50af210b connected to the server
2025-06-05 20:37:23.813 [pool-1-thread-2] INFO  cz.vse.server.ClientHandler - User 'useruser1' logged in successfully
2025-06-05 20:37:28.789 [pool-1-thread-1] INFO  cz.vse.server.ClientHandler - User 'user2' logged in successfully
2025-06-05 20:37:28.796 [pool-1-thread-1] INFO  cz.vse.server.Server - useruser1 has been assigned to the game session
2025-06-05 20:37:28.797 [pool-1-thread-1] INFO  cz.vse.server.Server - user2 has been assigned to the game session
2025-06-05 20:37:28.797 [pool-1-thread-1] INFO  cz.vse.server.ClientHandler - Server sent message: READY to client: useruser1.
2025-06-05 20:37:28.797 [pool-1-thread-1] INFO  cz.vse.server.ClientHandler - Server sent message: READY to client: user2.
2025-06-05 20:37:28.797 [pool-1-thread-1] INFO  cz.vse.server.Server - Game session started between useruser1 and user2
2025-06-05 20:37:41.226 [pool-1-thread-1] INFO  cz.vse.server.Message - Received message: PLACE 1 1 SIX_SHAPE 0
2025-06-05 20:37:41.229 [pool-1-thread-1] INFO  cz.vse.server.Game - Ship placed successfully at 0, 0 with rotation 0
2025-06-05 20:37:41.230 [pool-1-thread-1] INFO  cz.vse.server.ClientHandler - Server sent message: SUCCESS to client: user2.
2025-06-05 20:37:44.258 [pool-1-thread-2] INFO  cz.vse.server.Message - Received message: PLACE 1 1 SIX_SHAPE 0
2025-06-05 20:37:44.259 [pool-1-thread-2] INFO  cz.vse.server.Game - Ship placed successfully at 0, 0 with rotation 0
2025-06-05 20:37:44.259 [pool-1-thread-2] INFO  cz.vse.server.ClientHandler - Server sent message: SUCCESS to client: useruser1.
2025-06-05 20:37:46.604 [pool-1-thread-2] INFO  cz.vse.server.Message - Received message: PLACE 1 9 BLOCK_SHAPE 0
2025-06-05 20:37:46.605 [pool-1-thread-2] INFO  cz.vse.server.Game - Ship placed successfully at 0, 8 with rotation 0
2025-06-05 20:37:46.606 [pool-1-thread-2] INFO  cz.vse.server.ClientHandler - Server sent message: SUCCESS to client: useruser1.
2025-06-05 20:37:48.637 [pool-1-thread-1] INFO  cz.vse.server.Message - Received message: PLACE 1 9 BLOCK_SHAPE 0
2025-06-05 20:37:48.638 [pool-1-thread-1] INFO  cz.vse.server.Game - Ship placed successfully at 0, 8 with rotation 0
2025-06-05 20:37:48.639 [pool-1-thread-1] INFO  cz.vse.server.ClientHandler - Server sent message: SUCCESS to client: user2.
2025-06-05 20:37:52.954 [pool-1-thread-1] INFO  cz.vse.server.Message - Received message: PLACE 10 1 BLOCK_SHAPE 0
2025-06-05 20:37:52.955 [pool-1-thread-1] WARN  cz.vse.server.Game - Invalid placement: Ship part out of bounds at 10, 0
2025-06-05 20:37:52.956 [pool-1-thread-1] INFO  cz.vse.server.ClientHandler - Server sent message: FAILURE to client: user2.
2025-06-05 20:38:01.088 [pool-1-thread-1] INFO  cz.vse.server.Message - Received message: PLACE 9 1 BLOCK_SHAPE 0
2025-06-05 20:38:01.091 [pool-1-thread-1] INFO  cz.vse.server.Game - Ship placed successfully at 8, 0 with rotation 0
2025-06-05 20:38:01.092 [pool-1-thread-1] INFO  cz.vse.server.ClientHandler - Server sent message: SUCCESS to client: user2.
2025-06-05 20:38:07.087 [pool-1-thread-1] INFO  cz.vse.server.Message - Received message: PLACE 10 5 FOUR_SHAPE 0
2025-06-05 20:38:07.088 [pool-1-thread-1] INFO  cz.vse.server.Game - Ship placed successfully at 9, 4 with rotation 0
2025-06-05 20:38:07.089 [pool-1-thread-1] INFO  cz.vse.server.ClientHandler - Server sent message: SUCCESS to client: user2.
2025-06-05 20:38:18.238 [pool-1-thread-2] INFO  cz.vse.server.Message - Received message: PLACE 9 1 BLOCK_SHAPE 0
2025-06-05 20:38:18.239 [pool-1-thread-2] INFO  cz.vse.server.Game - Ship placed successfully at 8, 0 with rotation 0
2025-06-05 20:38:18.240 [pool-1-thread-2] INFO  cz.vse.server.ClientHandler - Server sent message: SUCCESS to client: useruser1.
2025-06-05 20:38:20.754 [pool-1-thread-2] INFO  cz.vse.server.Message - Received message: PLACE 10 5 FOUR_SHAPE 0
2025-06-05 20:38:20.755 [pool-1-thread-2] INFO  cz.vse.server.Game - Ship placed successfully at 9, 4 with rotation 0
2025-06-05 20:38:20.756 [pool-1-thread-2] INFO  cz.vse.server.ClientHandler - Server sent message: SUCCESS to client: useruser1.
2025-06-05 20:53:11.436 [pool-1-thread-1] INFO  cz.vse.server.ClientHandler - Client user2 OUT closed
2025-06-05 20:54:41.666 [main] INFO  cz.vse.server.Server - Server is listening for connections on port: 9091
2025-06-05 20:54:56.999 [pool-1-thread-1] INFO  cz.vse.server.ClientHandler - Client cz.vse.server.ClientHandler@7999549d connected to the server
2025-06-05 20:54:58.190 [pool-1-thread-2] INFO  cz.vse.server.ClientHandler - Client cz.vse.server.ClientHandler@47398bd9 connected to the server
2025-06-05 20:54:58.191 [pool-1-thread-2] INFO  cz.vse.server.ClientHandler - User 'user1' logged in successfully
2025-06-05 20:55:02.791 [pool-1-thread-1] INFO  cz.vse.server.ClientHandler - User 'user1' logged in successfully
2025-06-05 20:55:02.792 [pool-1-thread-1] WARN  cz.vse.server.Server - Username 'user1' is already in use. Rejecting client connection.
2025-06-05 20:55:02.793 [pool-1-thread-1] INFO  cz.vse.server.ClientHandler - Server sent message: QUIT to client: user1.
2025-06-05 20:55:02.794 [pool-1-thread-1] INFO  cz.vse.server.Server - Removed active user: user1
2025-06-05 20:55:02.794 [pool-1-thread-1] INFO  cz.vse.server.ClientHandler - Connection to client user1 was closed
2025-06-05 20:55:02.795 [pool-1-thread-1] INFO  cz.vse.server.ClientHandler - Connection for client user1 is already closing
2025-06-05 20:55:26.202 [pool-1-thread-2] WARN  cz.vse.server.ClientHandler - Game session not yet started. Message: BOMB 3 7 could not be processed
2025-06-05 20:55:26.205 [pool-1-thread-2] INFO  cz.vse.server.ClientHandler - Server sent message: ERROR: Game session not started yet. to client: user1.
2025-06-05 20:55:28.892 [pool-1-thread-2] WARN  cz.vse.server.ClientHandler - Game session not yet started. Message: PLACE 4 8 SIX_SHAPE 0 could not be processed
2025-06-05 20:55:28.893 [pool-1-thread-2] INFO  cz.vse.server.ClientHandler - Server sent message: ERROR: Game session not started yet. to client: user1.
2025-06-05 20:55:36.218 [pool-1-thread-2] WARN  cz.vse.server.ClientHandler - Game session not yet started. Message: PLACE 6 7 SIX_SHAPE 0 could not be processed
2025-06-05 20:55:36.219 [pool-1-thread-2] INFO  cz.vse.server.ClientHandler - Server sent message: ERROR: Game session not started yet. to client: user1.
2025-06-05 20:55:37.918 [pool-1-thread-2] WARN  cz.vse.server.ClientHandler - Game session not yet started. Message: BOMB 9 5 could not be processed
2025-06-05 20:55:37.919 [pool-1-thread-2] INFO  cz.vse.server.ClientHandler - Server sent message: ERROR: Game session not started yet. to client: user1.
2025-06-05 20:56:01.436 [pool-1-thread-2] WARN  cz.vse.server.Server - Attempted to remove non-existent user: user1
2025-06-05 20:56:01.437 [pool-1-thread-2] INFO  cz.vse.server.ClientHandler - Connection to client user1 was closed
2025-06-05 20:56:20.602 [pool-1-thread-2] INFO  cz.vse.server.ClientHandler - Client cz.vse.server.ClientHandler@49fe7d4e connected to the server
2025-06-05 20:56:21.615 [pool-1-thread-3] INFO  cz.vse.server.ClientHandler - Client cz.vse.server.ClientHandler@20b3f87f connected to the server
2025-06-05 20:56:33.591 [pool-1-thread-3] INFO  cz.vse.server.ClientHandler - User 'user1' logged in successfully
2025-06-05 20:56:33.606 [pool-1-thread-3] INFO  cz.vse.server.Server - user1 has been assigned to the game session
2025-06-05 20:56:33.606 [pool-1-thread-3] INFO  cz.vse.server.Server - user1 has been assigned to the game session
2025-06-05 20:56:33.607 [pool-1-thread-3] INFO  cz.vse.server.ClientHandler - Server sent message: READY to client: user1.
2025-06-05 20:56:33.608 [pool-1-thread-3] INFO  cz.vse.server.ClientHandler - Server sent message: READY to client: user1.
2025-06-05 20:56:33.608 [pool-1-thread-3] INFO  cz.vse.server.Server - Game session started between user1 and user1
2025-06-05 20:56:37.814 [pool-1-thread-2] INFO  cz.vse.server.ClientHandler - User 'user2' logged in successfully
2025-06-05 20:56:53.600 [pool-1-thread-3] INFO  cz.vse.server.Server - Removed active user: user1
2025-06-05 20:56:53.603 [pool-1-thread-3] INFO  cz.vse.server.ClientHandler - Connection to client user1 was closed
2025-06-05 20:59:51.194 [main] INFO  cz.vse.server.Server - Server is listening for connections on port: 9091
2025-06-05 21:00:04.672 [pool-1-thread-1] INFO  cz.vse.server.ClientHandler - Client cz.vse.server.ClientHandler@1ef19466 connected to the server
2025-06-05 21:00:05.908 [pool-1-thread-2] INFO  cz.vse.server.ClientHandler - Client cz.vse.server.ClientHandler@4e1f1da7 connected to the server
2025-06-05 21:00:05.909 [pool-1-thread-2] INFO  cz.vse.server.ClientHandler - User 'user1' logged in successfully
2025-06-05 21:00:09.085 [pool-1-thread-1] INFO  cz.vse.server.ClientHandler - User 'user2' logged in successfully
2025-06-05 21:00:09.089 [pool-1-thread-1] INFO  cz.vse.server.Server - user1 has been assigned to the game session
2025-06-05 21:00:09.089 [pool-1-thread-1] INFO  cz.vse.server.Server - user2 has been assigned to the game session
2025-06-05 21:00:09.089 [pool-1-thread-1] INFO  cz.vse.server.ClientHandler - Server sent message: READY to client: user1.
2025-06-05 21:00:09.089 [pool-1-thread-1] INFO  cz.vse.server.ClientHandler - Server sent message: READY to client: user2.
2025-06-05 21:00:09.089 [pool-1-thread-1] INFO  cz.vse.server.Server - Game session started between user1 and user2
2025-06-05 21:00:19.502 [pool-1-thread-1] INFO  cz.vse.server.Message - Received message: BOMB 2 2
2025-06-05 21:00:19.504 [pool-1-thread-1] WARN  cz.vse.server.Message - Command could not be processed: BOMB 2 2, it is placement phase
2025-06-05 21:00:19.504 [pool-1-thread-1] INFO  cz.vse.server.ClientHandler - Server sent message: FAILURE to client: user2.
2025-06-05 21:00:27.870 [pool-1-thread-1] INFO  cz.vse.server.Message - Received message: PLACE 1 1 SIX_SHAPE 0
2025-06-05 21:00:27.872 [pool-1-thread-1] INFO  cz.vse.server.Game - Ship placed successfully at 0, 0 with rotation 0
2025-06-05 21:00:27.872 [pool-1-thread-1] INFO  cz.vse.server.ClientHandler - Server sent message: SUCCESS to client: user2.
2025-06-05 21:00:29.247 [pool-1-thread-1] INFO  cz.vse.server.Message - Received message: PLACE 4 3 BLOCK_SHAPE 0
2025-06-05 21:00:29.249 [pool-1-thread-1] INFO  cz.vse.server.Game - Ship placed successfully at 3, 2 with rotation 0
2025-06-05 21:00:29.250 [pool-1-thread-1] INFO  cz.vse.server.ClientHandler - Server sent message: SUCCESS to client: user2.
2025-06-05 21:00:29.848 [pool-1-thread-1] INFO  cz.vse.server.Message - Received message: PLACE 4 7 BLOCK_SHAPE 0
2025-06-05 21:00:29.849 [pool-1-thread-1] INFO  cz.vse.server.Game - Ship placed successfully at 3, 6 with rotation 0
2025-06-05 21:00:29.849 [pool-1-thread-1] INFO  cz.vse.server.ClientHandler - Server sent message: SUCCESS to client: user2.
2025-06-05 21:00:30.548 [pool-1-thread-1] INFO  cz.vse.server.Message - Received message: PLACE 8 4 FOUR_SHAPE 0
2025-06-05 21:00:30.548 [pool-1-thread-1] INFO  cz.vse.server.Game - Ship placed successfully at 7, 3 with rotation 0
2025-06-05 21:00:30.549 [pool-1-thread-1] INFO  cz.vse.server.ClientHandler - Server sent message: SUCCESS to client: user2.
2025-06-05 21:00:31.248 [pool-1-thread-1] INFO  cz.vse.server.Message - Received message: PLACE 10 8 FOUR_SHAPE 0
2025-06-05 21:00:31.249 [pool-1-thread-1] WARN  cz.vse.server.Game - Invalid placement: Ship part out of bounds at 9, 10
2025-06-05 21:00:31.249 [pool-1-thread-1] INFO  cz.vse.server.ClientHandler - Server sent message: FAILURE to client: user2.
2025-06-05 21:00:31.965 [pool-1-thread-1] INFO  cz.vse.server.Message - Received message: PLACE 10 6 FOUR_SHAPE 0
2025-06-05 21:00:31.966 [pool-1-thread-1] INFO  cz.vse.server.Game - Ship placed successfully at 9, 5 with rotation 0
2025-06-05 21:00:31.966 [pool-1-thread-1] INFO  cz.vse.server.ClientHandler - Server sent message: SUCCESS to client: user2.
2025-06-05 21:00:33.648 [pool-1-thread-1] INFO  cz.vse.server.Message - Received message: PLACE 10 6 TWO_SHAPE 0
2025-06-05 21:00:33.649 [pool-1-thread-1] WARN  cz.vse.server.Game - Invalid placement: Overlap detected at 9, 5
2025-06-05 21:00:33.649 [pool-1-thread-1] INFO  cz.vse.server.ClientHandler - Server sent message: FAILURE to client: user2.
2025-06-05 21:00:34.298 [pool-1-thread-1] INFO  cz.vse.server.Message - Received message: PLACE 10 6 TWO_SHAPE 0
2025-06-05 21:00:34.299 [pool-1-thread-1] WARN  cz.vse.server.Game - Invalid placement: Overlap detected at 9, 5
2025-06-05 21:00:34.299 [pool-1-thread-1] INFO  cz.vse.server.ClientHandler - Server sent message: FAILURE to client: user2.
2025-06-05 21:00:34.914 [pool-1-thread-1] INFO  cz.vse.server.Message - Received message: PLACE 10 2 TWO_SHAPE 0
2025-06-05 21:00:34.915 [pool-1-thread-1] INFO  cz.vse.server.Game - Ship placed successfully at 9, 1 with rotation 0
2025-06-05 21:00:34.916 [pool-1-thread-1] INFO  cz.vse.server.ClientHandler - Server sent message: SUCCESS to client: user2.
2025-06-05 21:00:35.581 [pool-1-thread-1] INFO  cz.vse.server.Message - Received message: PLACE 9 2 TWO_SHAPE 0
2025-06-05 21:00:35.582 [pool-1-thread-1] WARN  cz.vse.server.Game - Invalid placement: Adjacent ship detected at 8, 1
2025-06-05 21:00:35.583 [pool-1-thread-1] INFO  cz.vse.server.ClientHandler - Server sent message: FAILURE to client: user2.
2025-06-05 21:00:36.664 [pool-1-thread-1] INFO  cz.vse.server.Message - Received message: PLACE 6 7 TWO_SHAPE 0
2025-06-05 21:00:36.666 [pool-1-thread-1] WARN  cz.vse.server.Game - Invalid placement: Adjacent ship detected at 5, 6
2025-06-05 21:00:36.666 [pool-1-thread-1] INFO  cz.vse.server.ClientHandler - Server sent message: FAILURE to client: user2.
2025-06-05 21:00:37.748 [pool-1-thread-1] INFO  cz.vse.server.Message - Received message: PLACE 7 7 TWO_SHAPE 0
2025-06-05 21:00:37.749 [pool-1-thread-1] WARN  cz.vse.server.Game - Invalid placement: Adjacent ship detected at 6, 6
2025-06-05 21:00:37.749 [pool-1-thread-1] INFO  cz.vse.server.ClientHandler - Server sent message: FAILURE to client: user2.
2025-06-05 21:00:40.331 [pool-1-thread-1] INFO  cz.vse.server.Message - Received message: PLACE 7 1 TWO_SHAPE 0
2025-06-05 21:00:40.332 [pool-1-thread-1] INFO  cz.vse.server.Game - Ship placed successfully at 6, 0 with rotation 0
2025-06-05 21:00:40.332 [pool-1-thread-1] INFO  cz.vse.server.ClientHandler - Server sent message: SUCCESS to client: user2.
2025-06-05 21:00:53.432 [pool-1-thread-2] INFO  cz.vse.server.Message - Received message: PLACE 1 1 SIX_SHAPE 0
2025-06-05 21:00:53.433 [pool-1-thread-2] INFO  cz.vse.server.Game - Ship placed successfully at 0, 0 with rotation 0
2025-06-05 21:00:53.433 [pool-1-thread-2] INFO  cz.vse.server.ClientHandler - Server sent message: SUCCESS to client: user1.
2025-06-05 21:00:54.180 [pool-1-thread-2] INFO  cz.vse.server.Message - Received message: PLACE 4 2 BLOCK_SHAPE 0
2025-06-05 21:00:54.181 [pool-1-thread-2] INFO  cz.vse.server.Game - Ship placed successfully at 3, 1 with rotation 0
2025-06-05 21:00:54.181 [pool-1-thread-2] INFO  cz.vse.server.ClientHandler - Server sent message: SUCCESS to client: user1.
2025-06-05 21:00:54.681 [pool-1-thread-2] INFO  cz.vse.server.Message - Received message: PLACE 5 5 BLOCK_SHAPE 0
2025-06-05 21:00:54.682 [pool-1-thread-2] INFO  cz.vse.server.Game - Ship placed successfully at 4, 4 with rotation 0
2025-06-05 21:00:54.682 [pool-1-thread-2] INFO  cz.vse.server.ClientHandler - Server sent message: SUCCESS to client: user1.
2025-06-05 21:00:55.364 [pool-1-thread-2] INFO  cz.vse.server.Message - Received message: PLACE 9 3 FOUR_SHAPE 0
2025-06-05 21:00:55.365 [pool-1-thread-2] INFO  cz.vse.server.Game - Ship placed successfully at 8, 2 with rotation 0
2025-06-05 21:00:55.366 [pool-1-thread-2] INFO  cz.vse.server.ClientHandler - Server sent message: SUCCESS to client: user1.
2025-06-05 21:00:55.847 [pool-1-thread-2] INFO  cz.vse.server.Message - Received message: PLACE 8 7 FOUR_SHAPE 0
2025-06-05 21:00:55.848 [pool-1-thread-2] WARN  cz.vse.server.Game - Invalid placement: Adjacent ship detected at 7, 6
2025-06-05 21:00:55.849 [pool-1-thread-2] INFO  cz.vse.server.ClientHandler - Server sent message: FAILURE to client: user1.
2025-06-05 21:00:56.347 [pool-1-thread-2] INFO  cz.vse.server.Message - Received message: PLACE 8 7 FOUR_SHAPE 0
2025-06-05 21:00:56.348 [pool-1-thread-2] WARN  cz.vse.server.Game - Invalid placement: Adjacent ship detected at 7, 6
2025-06-05 21:00:56.348 [pool-1-thread-2] INFO  cz.vse.server.ClientHandler - Server sent message: FAILURE to client: user1.
2025-06-05 21:00:56.864 [pool-1-thread-2] INFO  cz.vse.server.Message - Received message: PLACE 6 8 FOUR_SHAPE 0
2025-06-05 21:00:56.865 [pool-1-thread-2] WARN  cz.vse.server.Game - Invalid placement: Ship part out of bounds at 5, 10
2025-06-05 21:00:56.865 [pool-1-thread-2] INFO  cz.vse.server.ClientHandler - Server sent message: FAILURE to client: user1.
2025-06-05 21:00:57.481 [pool-1-thread-2] INFO  cz.vse.server.Message - Received message: PLACE 3 7 FOUR_SHAPE 0
2025-06-05 21:00:57.481 [pool-1-thread-2] INFO  cz.vse.server.Game - Ship placed successfully at 2, 6 with rotation 0
2025-06-05 21:00:57.482 [pool-1-thread-2] INFO  cz.vse.server.ClientHandler - Server sent message: SUCCESS to client: user1.
2025-06-05 21:00:58.214 [pool-1-thread-2] INFO  cz.vse.server.Message - Received message: PLACE 2 7 TWO_SHAPE 0
2025-06-05 21:00:58.215 [pool-1-thread-2] WARN  cz.vse.server.Game - Invalid placement: Adjacent ship detected at 1, 6
2025-06-05 21:00:58.216 [pool-1-thread-2] INFO  cz.vse.server.ClientHandler - Server sent message: FAILURE to client: user1.
2025-06-05 21:00:58.913 [pool-1-thread-2] INFO  cz.vse.server.Message - Received message: PLACE 1 7 TWO_SHAPE 0
2025-06-05 21:00:58.914 [pool-1-thread-2] INFO  cz.vse.server.Game - Ship placed successfully at 0, 6 with rotation 0
2025-06-05 21:00:58.914 [pool-1-thread-2] INFO  cz.vse.server.ClientHandler - Server sent message: SUCCESS to client: user1.
2025-06-05 21:00:59.881 [pool-1-thread-2] INFO  cz.vse.server.Message - Received message: PLACE 6 7 TWO_SHAPE 0
2025-06-05 21:00:59.882 [pool-1-thread-2] WARN  cz.vse.server.Game - Invalid placement: Adjacent ship detected at 5, 6
2025-06-05 21:00:59.882 [pool-1-thread-2] INFO  cz.vse.server.ClientHandler - Server sent message: FAILURE to client: user1.
2025-06-05 21:01:00.497 [pool-1-thread-2] INFO  cz.vse.server.Message - Received message: PLACE 8 7 TWO_SHAPE 0
2025-06-05 21:01:00.498 [pool-1-thread-2] WARN  cz.vse.server.Game - Invalid placement: Adjacent ship detected at 7, 6
2025-06-05 21:01:00.499 [pool-1-thread-2] INFO  cz.vse.server.ClientHandler - Server sent message: FAILURE to client: user1.
2025-06-05 21:01:01.164 [pool-1-thread-2] INFO  cz.vse.server.Message - Received message: PLACE 8 8 TWO_SHAPE 0
2025-06-05 21:01:01.165 [pool-1-thread-2] INFO  cz.vse.server.Game - Ship placed successfully at 7, 7 with rotation 0
2025-06-05 21:01:01.165 [pool-1-thread-2] INFO  cz.vse.server.ClientHandler - Server sent message: SUCCESS to client: user1.
2025-06-05 21:01:18.264 [pool-1-thread-1] WARN  cz.vse.server.Message - Command could not be processed: BOMB 2 4, it is not user2`s turn
2025-06-05 21:01:19.330 [pool-1-thread-1] WARN  cz.vse.server.Message - Command could not be processed: BOMB 2 2, it is not user2`s turn
2025-06-05 21:01:20.797 [pool-1-thread-2] INFO  cz.vse.server.Message - Received message: BOMB 2 3
2025-06-05 21:01:20.798 [pool-1-thread-2] INFO  cz.vse.server.Game - [[0, 0, 0, 1, 1, 1, 1, 1, 1, 1], [0, 0, 0, 1, 1, 1, 1, 1, 1, 1], [1, 1, 1, 2, 1, 1, 1, 1, 1, 1], [1, 1, 0, 0, 1, 1, 0, 0, 1, 1], [1, 1, 0, 0, 1, 1, 0, 0, 1, 1], [1, 1, 1, 1, 1, 1, 1, 1, 1, 1], [0, 0, 1, 1, 1, 1, 1, 1, 1, 1], [1, 1, 1, 0, 0, 0, 0, 1, 1, 1], [1, 1, 1, 1, 1, 1, 1, 1, 1, 1], [1, 0, 0, 1, 1, 0, 0, 0, 0, 1]]
2025-06-05 21:01:20.804 [pool-1-thread-2] INFO  cz.vse.server.ClientHandler - Server sent message: MISS 2 3 to client: user1.
2025-06-05 21:01:20.804 [pool-1-thread-2] INFO  cz.vse.server.ClientHandler - Server sent message: MISS 2 3 to client: user2.
2025-06-05 21:01:20.805 [pool-1-thread-2] INFO  cz.vse.server.ClientHandler - Server sent message: TURN to client: user2.
2025-06-05 21:01:27.797 [pool-1-thread-1] INFO  cz.vse.server.Message - Received message: BOMB 2 2
2025-06-05 21:01:27.798 [pool-1-thread-1] INFO  cz.vse.server.Game - [[0, 0, 0, 1, 1, 1, 0, 0, 1, 1], [0, 0, 0, 1, 1, 1, 1, 1, 1, 1], [1, 1, 2, 1, 1, 1, 0, 0, 0, 0], [1, 0, 0, 1, 1, 1, 1, 1, 1, 1], [1, 0, 0, 1, 0, 0, 1, 1, 1, 1], [1, 1, 1, 1, 0, 0, 1, 1, 1, 1], [1, 1, 1, 1, 1, 1, 1, 1, 1, 1], [1, 1, 1, 1, 1, 1, 1, 0, 0, 1], [1, 1, 0, 0, 0, 0, 1, 1, 1, 1], [1, 1, 1, 1, 1, 1, 1, 1, 1, 1]]
2025-06-05 21:01:27.799 [pool-1-thread-1] INFO  cz.vse.server.ClientHandler - Server sent message: MISS 2 2 to client: user2.
2025-06-05 21:01:27.799 [pool-1-thread-1] INFO  cz.vse.server.ClientHandler - Server sent message: MISS 2 2 to client: user1.
2025-06-05 21:01:27.800 [pool-1-thread-1] INFO  cz.vse.server.ClientHandler - Server sent message: TURN to client: user1.
2025-06-05 21:01:42.030 [pool-1-thread-1] WARN  cz.vse.server.Message - Command could not be processed: BOMB 1 3, it is not user2`s turn
2025-06-05 21:01:42.780 [pool-1-thread-1] WARN  cz.vse.server.Message - Command could not be processed: BOMB 2 4, it is not user2`s turn
2025-06-05 21:01:43.680 [pool-1-thread-1] WARN  cz.vse.server.Message - Command could not be processed: BOMB 1 4, it is not user2`s turn
2025-06-05 21:01:47.397 [pool-1-thread-2] INFO  cz.vse.server.Message - Received message: BOMB 1 1
2025-06-05 21:01:47.398 [pool-1-thread-2] INFO  cz.vse.server.ClientHandler - Server sent message: HIT 1 1 to client: user1.
2025-06-05 21:01:47.398 [pool-1-thread-2] INFO  cz.vse.server.ClientHandler - Server sent message: HIT 1 1 to client: user2.
2025-06-05 21:01:47.398 [pool-1-thread-2] INFO  cz.vse.server.ClientHandler - Server sent message: TURN to client: user2.
2025-06-05 21:01:54.363 [pool-1-thread-1] INFO  cz.vse.server.Message - Received message: BOMB 1 3
2025-06-05 21:01:54.366 [pool-1-thread-1] INFO  cz.vse.server.Game - [[0, 0, 0, 1, 1, 1, 0, 0, 1, 1], [0, 0, 0, 2, 1, 1, 1, 1, 1, 1], [1, 1, 2, 1, 1, 1, 0, 0, 0, 0], [1, 0, 0, 1, 1, 1, 1, 1, 1, 1], [1, 0, 0, 1, 0, 0, 1, 1, 1, 1], [1, 1, 1, 1, 0, 0, 1, 1, 1, 1], [1, 1, 1, 1, 1, 1, 1, 1, 1, 1], [1, 1, 1, 1, 1, 1, 1, 0, 0, 1], [1, 1, 0, 0, 0, 0, 1, 1, 1, 1], [1, 1, 1, 1, 1, 1, 1, 1, 1, 1]]
2025-06-05 21:01:54.367 [pool-1-thread-1] INFO  cz.vse.server.ClientHandler - Server sent message: MISS 1 3 to client: user2.
2025-06-05 21:01:54.367 [pool-1-thread-1] INFO  cz.vse.server.ClientHandler - Server sent message: MISS 1 3 to client: user1.
2025-06-05 21:01:54.367 [pool-1-thread-1] INFO  cz.vse.server.ClientHandler - Server sent message: TURN to client: user1.
2025-06-05 21:01:57.881 [pool-1-thread-2] INFO  cz.vse.server.Message - Received message: BOMB 2 3
2025-06-05 21:01:57.882 [pool-1-thread-2] INFO  cz.vse.server.Game - [[0, 0, 0, 1, 1, 1, 1, 1, 1, 1], [0, -1, 0, 1, 1, 1, 1, 1, 1, 1], [1, 1, 1, 2, 1, 1, 1, 1, 1, 1], [1, 1, 0, 0, 1, 1, 0, 0, 1, 1], [1, 1, 0, 0, 1, 1, 0, 0, 1, 1], [1, 1, 1, 1, 1, 1, 1, 1, 1, 1], [0, 0, 1, 1, 1, 1, 1, 1, 1, 1], [1, 1, 1, 0, 0, 0, 0, 1, 1, 1], [1, 1, 1, 1, 1, 1, 1, 1, 1, 1], [1, 0, 0, 1, 1, 0, 0, 0, 0, 1]]
2025-06-05 21:01:57.883 [pool-1-thread-2] INFO  cz.vse.server.ClientHandler - Server sent message: MISS 2 3 to client: user1.
2025-06-05 21:01:57.883 [pool-1-thread-2] INFO  cz.vse.server.ClientHandler - Server sent message: MISS 2 3 to client: user2.
2025-06-05 21:01:57.883 [pool-1-thread-2] INFO  cz.vse.server.ClientHandler - Server sent message: TURN to client: user2.
2025-06-05 21:02:03.846 [pool-1-thread-1] INFO  cz.vse.server.Message - Received message: BOMB 2 5
2025-06-05 21:02:03.847 [pool-1-thread-1] INFO  cz.vse.server.Game - [[0, 0, 0, 1, 1, 1, 0, 0, 1, 1], [0, 0, 0, 2, 1, 1, 1, 1, 1, 1], [1, 1, 2, 1, 1, 2, 0, 0, 0, 0], [1, 0, 0, 1, 1, 1, 1, 1, 1, 1], [1, 0, 0, 1, 0, 0, 1, 1, 1, 1], [1, 1, 1, 1, 0, 0, 1, 1, 1, 1], [1, 1, 1, 1, 1, 1, 1, 1, 1, 1], [1, 1, 1, 1, 1, 1, 1, 0, 0, 1], [1, 1, 0, 0, 0, 0, 1, 1, 1, 1], [1, 1, 1, 1, 1, 1, 1, 1, 1, 1]]
2025-06-05 21:02:03.848 [pool-1-thread-1] INFO  cz.vse.server.ClientHandler - Server sent message: MISS 2 5 to client: user2.
2025-06-05 21:02:03.848 [pool-1-thread-1] INFO  cz.vse.server.ClientHandler - Server sent message: MISS 2 5 to client: user1.
2025-06-05 21:02:03.848 [pool-1-thread-1] INFO  cz.vse.server.ClientHandler - Server sent message: TURN to client: user1.
2025-06-05 21:02:04.996 [pool-1-thread-2] INFO  cz.vse.server.Message - Received message: BOMB 4 3
2025-06-05 21:02:04.998 [pool-1-thread-2] INFO  cz.vse.server.ClientHandler - Server sent message: HIT 4 3 to client: user1.
2025-06-05 21:02:04.998 [pool-1-thread-2] INFO  cz.vse.server.ClientHandler - Server sent message: HIT 4 3 to client: user2.
2025-06-05 21:02:04.998 [pool-1-thread-2] INFO  cz.vse.server.ClientHandler - Server sent message: TURN to client: user2.
2025-06-05 21:02:08.179 [pool-1-thread-1] INFO  cz.vse.server.Message - Received message: BOMB 6 6
2025-06-05 21:02:08.180 [pool-1-thread-1] INFO  cz.vse.server.Game - [[0, 0, 0, 1, 1, 1, 0, 0, 1, 1], [0, 0, 0, 2, 1, 1, 1, 1, 1, 1], [1, 1, 2, 1, 1, 2, 0, 0, 0, 0], [1, 0, 0, 1, 1, 1, 1, 1, 1, 1], [1, 0, 0, 1, 0, 0, 1, 1, 1, 1], [1, 1, 1, 1, 0, 0, 1, 1, 1, 1], [1, 1, 1, 1, 1, 1, 2, 1, 1, 1], [1, 1, 1, 1, 1, 1, 1, 0, 0, 1], [1, 1, 0, 0, 0, 0, 1, 1, 1, 1], [1, 1, 1, 1, 1, 1, 1, 1, 1, 1]]
2025-06-05 21:02:08.180 [pool-1-thread-1] INFO  cz.vse.server.ClientHandler - Server sent message: MISS 6 6 to client: user2.
2025-06-05 21:02:08.180 [pool-1-thread-1] INFO  cz.vse.server.ClientHandler - Server sent message: MISS 6 6 to client: user1.
2025-06-05 21:02:08.180 [pool-1-thread-1] INFO  cz.vse.server.ClientHandler - Server sent message: TURN to client: user1.
2025-06-05 21:02:09.329 [pool-1-thread-2] INFO  cz.vse.server.Message - Received message: BOMB 8 4
2025-06-05 21:02:09.330 [pool-1-thread-2] INFO  cz.vse.server.Game - [[0, 0, 0, 1, 1, 1, 1, 1, 1, 1], [0, -1, 0, 1, 1, 1, 1, 1, 1, 1], [1, 1, 1, 2, 1, 1, 1, 1, 1, 1], [1, 1, 0, 0, 1, 1, 0, 0, 1, 1], [1, 1, 0, -1, 1, 1, 0, 0, 1, 1], [1, 1, 1, 1, 1, 1, 1, 1, 1, 1], [0, 0, 1, 1, 1, 1, 1, 1, 1, 1], [1, 1, 1, 0, 0, 0, 0, 1, 1, 1], [1, 1, 1, 1, 2, 1, 1, 1, 1, 1], [1, 0, 0, 1, 1, 0, 0, 0, 0, 1]]
2025-06-05 21:02:09.330 [pool-1-thread-2] INFO  cz.vse.server.ClientHandler - Server sent message: MISS 8 4 to client: user1.
2025-06-05 21:02:09.331 [pool-1-thread-2] INFO  cz.vse.server.ClientHandler - Server sent message: MISS 8 4 to client: user2.
2025-06-05 21:02:09.331 [pool-1-thread-2] INFO  cz.vse.server.ClientHandler - Server sent message: TURN to client: user2.
2025-06-05 21:02:44.698 [pool-1-thread-2] WARN  cz.vse.server.Message - Command could not be processed: BOMB 8 5, it is not user1`s turn
2025-06-05 21:02:46.046 [pool-1-thread-1] INFO  cz.vse.server.Message - Received message: BOMB 9 5
2025-06-05 21:02:46.047 [pool-1-thread-1] INFO  cz.vse.server.Game - [[0, 0, 0, 1, 1, 1, 0, 0, 1, 1], [0, 0, 0, 2, 1, 1, 1, 1, 1, 1], [1, 1, 2, 1, 1, 2, 0, 0, 0, 0], [1, 0, 0, 1, 1, 1, 1, 1, 1, 1], [1, 0, 0, 1, 0, 0, 1, 1, 1, 1], [1, 1, 1, 1, 0, 0, 1, 1, 1, 1], [1, 1, 1, 1, 1, 1, 2, 1, 1, 1], [1, 1, 1, 1, 1, 1, 1, 0, 0, 1], [1, 1, 0, 0, 0, 0, 1, 1, 1, 1], [1, 1, 1, 1, 1, 2, 1, 1, 1, 1]]
2025-06-05 21:02:46.047 [pool-1-thread-1] INFO  cz.vse.server.ClientHandler - Server sent message: MISS 9 5 to client: user2.
2025-06-05 21:02:46.047 [pool-1-thread-1] INFO  cz.vse.server.ClientHandler - Server sent message: MISS 9 5 to client: user1.
2025-06-05 21:02:46.048 [pool-1-thread-1] INFO  cz.vse.server.ClientHandler - Server sent message: TURN to client: user1.
2025-06-05 21:03:14.482 [pool-1-thread-1] DEBUG cz.vse.server.ClientHandler - Closing InputStream for client user2
2025-06-05 21:03:14.483 [pool-1-thread-1] DEBUG cz.vse.server.ClientHandler - Closing OutputStream for client user2
2025-06-05 21:03:14.483 [pool-1-thread-1] DEBUG cz.vse.server.Server - Active users before: [user1]
2025-06-05 21:03:14.483 [pool-1-thread-1] INFO  cz.vse.server.Server - Removed active user: user2
2025-06-05 21:03:14.483 [pool-1-thread-1] DEBUG cz.vse.server.Server - Active users after: [user1]
2025-06-05 21:03:14.483 [pool-1-thread-1] INFO  cz.vse.server.ClientHandler - Connection to client user2 was closed
2025-06-05 21:04:02.950 [pool-1-thread-2] DEBUG cz.vse.server.ClientHandler - Closing InputStream for client user1
2025-06-05 21:04:02.952 [pool-1-thread-2] DEBUG cz.vse.server.ClientHandler - Closing OutputStream for client user1
2025-06-05 21:04:02.952 [pool-1-thread-2] DEBUG cz.vse.server.Server - Active users before: []
2025-06-05 21:04:02.952 [pool-1-thread-2] INFO  cz.vse.server.Server - Removed active user: user1
2025-06-05 21:04:02.952 [pool-1-thread-2] DEBUG cz.vse.server.Server - Active users after: []
2025-06-05 21:04:02.952 [pool-1-thread-2] INFO  cz.vse.server.ClientHandler - Connection to client user1 was closed
2025-06-05 21:08:24.007 [main] INFO  cz.vse.server.Server - Server is listening for connections on port: 9091
2025-06-05 21:08:39.132 [pool-1-thread-1] INFO  cz.vse.server.ClientHandler - Client cz.vse.server.ClientHandler@30207e1c connected to the server
2025-06-05 21:08:40.141 [pool-1-thread-2] INFO  cz.vse.server.ClientHandler - Client cz.vse.server.ClientHandler@7d0bf2b5 connected to the server
2025-06-05 21:08:40.146 [pool-1-thread-2] INFO  cz.vse.server.ClientHandler - User 'user1' logged in successfully
2025-06-05 21:08:42.432 [pool-1-thread-1] INFO  cz.vse.server.ClientHandler - User 'user2' logged in successfully
2025-06-05 21:08:42.443 [pool-1-thread-1] INFO  cz.vse.server.Server - user1 has been assigned to the game session
2025-06-05 21:08:42.443 [pool-1-thread-1] INFO  cz.vse.server.Server - user2 has been assigned to the game session
2025-06-05 21:08:42.443 [pool-1-thread-1] INFO  cz.vse.server.ClientHandler - Server sent message: READY to client: user1.
2025-06-05 21:08:42.443 [pool-1-thread-1] INFO  cz.vse.server.ClientHandler - Server sent message: READY to client: user2.
2025-06-05 21:08:42.443 [pool-1-thread-1] INFO  cz.vse.server.Server - Game session started between user1 and user2
2025-06-05 21:08:59.469 [pool-1-thread-1] INFO  cz.vse.server.Message - Received message: PLACE 1 1 SIX_SHAPE 0
2025-06-05 21:08:59.471 [pool-1-thread-1] INFO  cz.vse.server.Game - Ship placed successfully at 0, 0 with rotation 0
2025-06-05 21:08:59.471 [pool-1-thread-1] INFO  cz.vse.server.ClientHandler - Server sent message: SUCCESS to client: user2.
2025-06-05 21:09:00.915 [pool-1-thread-2] INFO  cz.vse.server.Message - Received message: PLACE 1 1 SIX_SHAPE 0
2025-06-05 21:09:00.915 [pool-1-thread-2] INFO  cz.vse.server.Game - Ship placed successfully at 0, 0 with rotation 0
2025-06-05 21:09:00.916 [pool-1-thread-2] INFO  cz.vse.server.ClientHandler - Server sent message: SUCCESS to client: user1.
2025-06-05 21:09:02.245 [pool-1-thread-2] INFO  cz.vse.server.Message - Received message: PLACE 1 7 BLOCK_SHAPE 0
2025-06-05 21:09:02.246 [pool-1-thread-2] INFO  cz.vse.server.Game - Ship placed successfully at 0, 6 with rotation 0
2025-06-05 21:09:02.247 [pool-1-thread-2] INFO  cz.vse.server.ClientHandler - Server sent message: SUCCESS to client: user1.
2025-06-05 21:09:03.762 [pool-1-thread-1] INFO  cz.vse.server.Message - Received message: PLACE 1 7 BLOCK_SHAPE 0
2025-06-05 21:09:03.762 [pool-1-thread-1] INFO  cz.vse.server.Game - Ship placed successfully at 0, 6 with rotation 0
2025-06-05 21:09:03.763 [pool-1-thread-1] INFO  cz.vse.server.ClientHandler - Server sent message: SUCCESS to client: user2.
2025-06-05 21:09:05.929 [pool-1-thread-1] INFO  cz.vse.server.Message - Received message: PLACE 4 2 BLOCK_SHAPE 0
2025-06-05 21:09:05.930 [pool-1-thread-1] INFO  cz.vse.server.Game - Ship placed successfully at 3, 1 with rotation 0
2025-06-05 21:09:05.930 [pool-1-thread-1] INFO  cz.vse.server.ClientHandler - Server sent message: SUCCESS to client: user2.
2025-06-05 21:09:07.796 [pool-1-thread-1] INFO  cz.vse.server.Message - Received message: PLACE 4 5 FOUR_SHAPE 0
2025-06-05 21:09:07.797 [pool-1-thread-1] INFO  cz.vse.server.Game - Ship placed successfully at 3, 4 with rotation 0
2025-06-05 21:09:07.798 [pool-1-thread-1] INFO  cz.vse.server.ClientHandler - Server sent message: SUCCESS to client: user2.
2025-06-05 21:09:09.029 [pool-1-thread-1] INFO  cz.vse.server.Message - Received message: PLACE 6 5 FOUR_SHAPE 0
2025-06-05 21:09:09.030 [pool-1-thread-1] INFO  cz.vse.server.Game - Ship placed successfully at 5, 4 with rotation 0
2025-06-05 21:09:09.030 [pool-1-thread-1] INFO  cz.vse.server.ClientHandler - Server sent message: SUCCESS to client: user2.
2025-06-05 21:09:10.828 [pool-1-thread-1] INFO  cz.vse.server.Message - Received message: PLACE 7 2 TWO_SHAPE 0
2025-06-05 21:09:10.828 [pool-1-thread-1] INFO  cz.vse.server.Game - Ship placed successfully at 6, 1 with rotation 0
2025-06-05 21:09:10.828 [pool-1-thread-1] INFO  cz.vse.server.ClientHandler - Server sent message: SUCCESS to client: user2.
2025-06-05 21:09:12.695 [pool-1-thread-1] INFO  cz.vse.server.Message - Received message: PLACE 9 2 TWO_SHAPE 0
2025-06-05 21:09:12.695 [pool-1-thread-1] INFO  cz.vse.server.Game - Ship placed successfully at 8, 1 with rotation 0
2025-06-05 21:09:12.695 [pool-1-thread-1] INFO  cz.vse.server.ClientHandler - Server sent message: SUCCESS to client: user2.
2025-06-05 21:09:15.279 [pool-1-thread-2] INFO  cz.vse.server.Message - Received message: PLACE 4 2 BLOCK_SHAPE 0
2025-06-05 21:09:15.280 [pool-1-thread-2] INFO  cz.vse.server.Game - Ship placed successfully at 3, 1 with rotation 0
2025-06-05 21:09:15.280 [pool-1-thread-2] INFO  cz.vse.server.ClientHandler - Server sent message: SUCCESS to client: user1.
2025-06-05 21:09:17.196 [pool-1-thread-2] INFO  cz.vse.server.Message - Received message: PLACE 7 5 FOUR_SHAPE 0
2025-06-05 21:09:17.197 [pool-1-thread-2] INFO  cz.vse.server.Game - Ship placed successfully at 6, 4 with rotation 0
2025-06-05 21:09:17.198 [pool-1-thread-2] INFO  cz.vse.server.ClientHandler - Server sent message: SUCCESS to client: user1.
2025-06-05 21:09:18.778 [pool-1-thread-2] INFO  cz.vse.server.Message - Received message: PLACE 9 2 FOUR_SHAPE 0
2025-06-05 21:09:18.779 [pool-1-thread-2] INFO  cz.vse.server.Game - Ship placed successfully at 8, 1 with rotation 0
2025-06-05 21:09:18.779 [pool-1-thread-2] INFO  cz.vse.server.ClientHandler - Server sent message: SUCCESS to client: user1.
2025-06-05 21:09:19.995 [pool-1-thread-2] INFO  cz.vse.server.Message - Received message: PLACE 4 6 TWO_SHAPE 0
2025-06-05 21:09:19.995 [pool-1-thread-2] INFO  cz.vse.server.Game - Ship placed successfully at 3, 5 with rotation 0
2025-06-05 21:09:19.996 [pool-1-thread-2] INFO  cz.vse.server.ClientHandler - Server sent message: SUCCESS to client: user1.
2025-06-05 21:09:21.862 [pool-1-thread-2] INFO  cz.vse.server.Message - Received message: PLACE 9 8 TWO_SHAPE 0
2025-06-05 21:09:21.863 [pool-1-thread-2] INFO  cz.vse.server.Game - Ship placed successfully at 8, 7 with rotation 0
2025-06-05 21:09:21.863 [pool-1-thread-2] INFO  cz.vse.server.ClientHandler - Server sent message: SUCCESS to client: user1.
2025-06-05 21:09:25.646 [pool-1-thread-1] WARN  cz.vse.server.Message - Command could not be processed: BOMB 2 2, it is not user2`s turn
2025-06-05 21:09:28.362 [pool-1-thread-2] INFO  cz.vse.server.Message - Received message: BOMB 2 2
2025-06-05 21:09:28.366 [pool-1-thread-2] INFO  cz.vse.server.ClientHandler - Server sent message: HIT 1 1 to client: user1.
2025-06-05 21:09:28.367 [pool-1-thread-2] INFO  cz.vse.server.ClientHandler - Server sent message: HIT 1 1 to client: user2.
2025-06-05 21:09:28.367 [pool-1-thread-2] INFO  cz.vse.server.ClientHandler - Server sent message: TURN to client: user2.
2025-06-05 21:09:38.871 [pool-1-thread-1] INFO  cz.vse.server.Message - Received message: BOMB 2 2
2025-06-05 21:09:38.873 [pool-1-thread-1] INFO  cz.vse.server.ClientHandler - Server sent message: HIT 1 1 to client: user2.
2025-06-05 21:09:38.877 [pool-1-thread-1] INFO  cz.vse.server.ClientHandler - Server sent message: HIT 1 1 to client: user1.
2025-06-05 21:09:38.877 [pool-1-thread-1] INFO  cz.vse.server.ClientHandler - Server sent message: TURN to client: user1.
2025-06-05 21:10:18.345 [main] INFO  cz.vse.server.Server - Server is listening for connections on port: 9091
2025-06-05 21:10:36.186 [pool-1-thread-1] INFO  cz.vse.server.ClientHandler - Client cz.vse.server.ClientHandler@60e4625d connected to the server
2025-06-05 21:10:37.348 [pool-1-thread-2] INFO  cz.vse.server.ClientHandler - Client cz.vse.server.ClientHandler@5f663fc2 connected to the server
2025-06-05 21:10:37.348 [pool-1-thread-2] INFO  cz.vse.server.ClientHandler - User 'user1' logged in successfully
2025-06-05 21:10:39.090 [pool-1-thread-1] INFO  cz.vse.server.ClientHandler - User 'user2' logged in successfully
2025-06-05 21:10:39.098 [pool-1-thread-1] INFO  cz.vse.server.Server - user1 has been assigned to the game session
2025-06-05 21:10:39.098 [pool-1-thread-1] INFO  cz.vse.server.Server - user2 has been assigned to the game session
2025-06-05 21:10:39.098 [pool-1-thread-1] INFO  cz.vse.server.ClientHandler - Server sent message: READY to client: user1.
2025-06-05 21:10:39.099 [pool-1-thread-1] INFO  cz.vse.server.ClientHandler - Server sent message: READY to client: user2.
2025-06-05 21:10:39.099 [pool-1-thread-1] INFO  cz.vse.server.Server - Game session started between user1 and user2
2025-06-05 21:10:49.796 [pool-1-thread-1] INFO  cz.vse.server.Message - Received message: PLACE 1 1 SIX_SHAPE 0
2025-06-05 21:10:49.797 [pool-1-thread-1] INFO  cz.vse.server.Game - Ship placed successfully at 0, 0 with rotation 0
2025-06-05 21:10:49.797 [pool-1-thread-1] INFO  cz.vse.server.ClientHandler - Server sent message: SUCCESS to client: user2.
2025-06-05 21:10:51.415 [pool-1-thread-1] INFO  cz.vse.server.Message - Received message: PLACE 1 6 BLOCK_SHAPE 0
2025-06-05 21:10:51.416 [pool-1-thread-1] INFO  cz.vse.server.Game - Ship placed successfully at 0, 5 with rotation 0
2025-06-05 21:10:51.416 [pool-1-thread-1] INFO  cz.vse.server.ClientHandler - Server sent message: SUCCESS to client: user2.
2025-06-05 21:10:52.845 [pool-1-thread-1] INFO  cz.vse.server.Message - Received message: PLACE 1 9 BLOCK_SHAPE 0
2025-06-05 21:10:52.846 [pool-1-thread-1] INFO  cz.vse.server.Game - Ship placed successfully at 0, 8 with rotation 0
2025-06-05 21:10:52.846 [pool-1-thread-1] INFO  cz.vse.server.ClientHandler - Server sent message: SUCCESS to client: user2.
2025-06-05 21:10:54.312 [pool-1-thread-1] INFO  cz.vse.server.Message - Received message: PLACE 4 2 FOUR_SHAPE 0
2025-06-05 21:10:54.313 [pool-1-thread-1] INFO  cz.vse.server.Game - Ship placed successfully at 3, 1 with rotation 0
2025-06-05 21:10:54.313 [pool-1-thread-1] INFO  cz.vse.server.ClientHandler - Server sent message: SUCCESS to client: user2.
2025-06-05 21:10:55.195 [pool-1-thread-1] INFO  cz.vse.server.Message - Received message: PLACE 6 6 FOUR_SHAPE 0
2025-06-05 21:10:55.196 [pool-1-thread-1] INFO  cz.vse.server.Game - Ship placed successfully at 5, 5 with rotation 0
2025-06-05 21:10:55.196 [pool-1-thread-1] INFO  cz.vse.server.ClientHandler - Server sent message: SUCCESS to client: user2.
2025-06-05 21:10:56.511 [pool-1-thread-1] INFO  cz.vse.server.Message - Received message: PLACE 8 2 TWO_SHAPE 0
2025-06-05 21:10:56.512 [pool-1-thread-1] INFO  cz.vse.server.Game - Ship placed successfully at 7, 1 with rotation 0
2025-06-05 21:10:56.512 [pool-1-thread-1] INFO  cz.vse.server.ClientHandler - Server sent message: SUCCESS to client: user2.
2025-06-05 21:10:57.662 [pool-1-thread-1] INFO  cz.vse.server.Message - Received message: PLACE 9 5 TWO_SHAPE 0
2025-06-05 21:10:57.662 [pool-1-thread-1] INFO  cz.vse.server.Game - Ship placed successfully at 8, 4 with rotation 0
2025-06-05 21:10:57.663 [pool-1-thread-1] INFO  cz.vse.server.ClientHandler - Server sent message: SUCCESS to client: user2.
2025-06-05 21:11:00.981 [pool-1-thread-2] INFO  cz.vse.server.Message - Received message: PLACE 1 1 SIX_SHAPE 0
2025-06-05 21:11:00.982 [pool-1-thread-2] INFO  cz.vse.server.Game - Ship placed successfully at 0, 0 with rotation 0
2025-06-05 21:11:00.983 [pool-1-thread-2] INFO  cz.vse.server.ClientHandler - Server sent message: SUCCESS to client: user1.
2025-06-05 21:11:01.912 [pool-1-thread-2] INFO  cz.vse.server.Message - Received message: PLACE 1 6 BLOCK_SHAPE 0
2025-06-05 21:11:01.913 [pool-1-thread-2] INFO  cz.vse.server.Game - Ship placed successfully at 0, 5 with rotation 0
2025-06-05 21:11:01.913 [pool-1-thread-2] INFO  cz.vse.server.ClientHandler - Server sent message: SUCCESS to client: user1.
2025-06-05 21:11:02.862 [pool-1-thread-2] INFO  cz.vse.server.Message - Received message: PLACE 1 9 BLOCK_SHAPE 0
2025-06-05 21:11:02.862 [pool-1-thread-2] INFO  cz.vse.server.Game - Ship placed successfully at 0, 8 with rotation 0
2025-06-05 21:11:02.863 [pool-1-thread-2] INFO  cz.vse.server.ClientHandler - Server sent message: SUCCESS to client: user1.
2025-06-05 21:11:03.778 [pool-1-thread-2] INFO  cz.vse.server.Message - Received message: PLACE 5 2 FOUR_SHAPE 0
2025-06-05 21:11:03.779 [pool-1-thread-2] INFO  cz.vse.server.Game - Ship placed successfully at 4, 1 with rotation 0
2025-06-05 21:11:03.780 [pool-1-thread-2] INFO  cz.vse.server.ClientHandler - Server sent message: SUCCESS to client: user1.
2025-06-05 21:11:04.512 [pool-1-thread-2] INFO  cz.vse.server.Message - Received message: PLACE 7 5 FOUR_SHAPE 0
2025-06-05 21:11:04.512 [pool-1-thread-2] INFO  cz.vse.server.Game - Ship placed successfully at 6, 4 with rotation 0
2025-06-05 21:11:04.513 [pool-1-thread-2] INFO  cz.vse.server.ClientHandler - Server sent message: SUCCESS to client: user1.
2025-06-05 21:11:05.429 [pool-1-thread-2] INFO  cz.vse.server.Message - Received message: PLACE 9 3 TWO_SHAPE 0
2025-06-05 21:11:05.429 [pool-1-thread-2] INFO  cz.vse.server.Game - Ship placed successfully at 8, 2 with rotation 0
2025-06-05 21:11:05.430 [pool-1-thread-2] INFO  cz.vse.server.ClientHandler - Server sent message: SUCCESS to client: user1.
2025-06-05 21:11:06.144 [pool-1-thread-2] INFO  cz.vse.server.Message - Received message: PLACE 9 7 TWO_SHAPE 0
2025-06-05 21:11:06.144 [pool-1-thread-2] INFO  cz.vse.server.Game - Ship placed successfully at 8, 6 with rotation 0
2025-06-05 21:11:06.144 [pool-1-thread-2] INFO  cz.vse.server.ClientHandler - Server sent message: SUCCESS to client: user1.
2025-06-05 21:11:14.228 [pool-1-thread-2] INFO  cz.vse.server.Message - Received message: BOMB 2 2
2025-06-05 21:11:14.230 [pool-1-thread-2] INFO  cz.vse.server.Game - [[0, 0, 0, 1, 1, 0, 0, 1, 0, 0], [0, 0, 0, 1, 1, 0, 0, 1, 0, 0], [1, 1, 2, 1, 1, 1, 1, 1, 1, 1], [1, 0, 0, 0, 0, 1, 1, 1, 1, 1], [1, 1, 1, 1, 1, 1, 1, 1, 1, 1], [1, 1, 1, 1, 1, 0, 0, 0, 0, 1], [1, 1, 1, 1, 1, 1, 1, 1, 1, 1], [1, 0, 0, 1, 1, 1, 1, 1, 1, 1], [1, 1, 1, 1, 0, 0, 1, 1, 1, 1], [1, 1, 1, 1, 1, 1, 1, 1, 1, 1]]
2025-06-05 21:11:14.236 [pool-1-thread-2] INFO  cz.vse.server.ClientHandler - Server sent message: MISS 2 2 to client: user1.
2025-06-05 21:11:14.236 [pool-1-thread-2] INFO  cz.vse.server.ClientHandler - Server sent message: MISS 2 2 to client: user2.
2025-06-05 21:11:14.237 [pool-1-thread-2] INFO  cz.vse.server.ClientHandler - Server sent message: TURN to client: user2.
2025-06-05 21:15:06.668 [main] INFO  cz.vse.server.Server - Server is listening for connections on port: 9091
2025-06-05 21:15:30.249 [pool-1-thread-1] INFO  cz.vse.server.ClientHandler - Client cz.vse.server.ClientHandler@5d95bde0 connected to the server
2025-06-05 21:15:31.035 [pool-1-thread-2] INFO  cz.vse.server.ClientHandler - Client cz.vse.server.ClientHandler@54fa485d connected to the server
2025-06-05 21:15:31.036 [pool-1-thread-2] INFO  cz.vse.server.ClientHandler - User 'user1' logged in successfully
2025-06-05 21:15:33.264 [pool-1-thread-1] INFO  cz.vse.server.ClientHandler - User 'user2' logged in successfully
2025-06-05 21:15:33.270 [pool-1-thread-1] INFO  cz.vse.server.Server - user1 has been assigned to the game session
2025-06-05 21:15:33.270 [pool-1-thread-1] INFO  cz.vse.server.Server - user2 has been assigned to the game session
2025-06-05 21:15:33.270 [pool-1-thread-1] INFO  cz.vse.server.ClientHandler - Server sent message: READY to client: user1.
2025-06-05 21:15:33.270 [pool-1-thread-1] INFO  cz.vse.server.ClientHandler - Server sent message: READY to client: user2.
2025-06-05 21:15:33.271 [pool-1-thread-1] INFO  cz.vse.server.Server - Game session started between user1 and user2
2025-06-05 21:15:46.778 [pool-1-thread-1] INFO  cz.vse.server.Message - Received message: PLACE 1 1 SIX_SHAPE 0
2025-06-05 21:15:46.779 [pool-1-thread-1] INFO  cz.vse.server.Game - Ship placed successfully at 0, 0 with rotation 0
2025-06-05 21:15:46.780 [pool-1-thread-1] INFO  cz.vse.server.ClientHandler - Server sent message: SUCCESS to client: user2.
2025-06-05 21:15:50.682 [pool-1-thread-2] INFO  cz.vse.server.Message - Received message: PLACE 1 1 SIX_SHAPE 0
2025-06-05 21:15:50.683 [pool-1-thread-2] INFO  cz.vse.server.Game - Ship placed successfully at 0, 0 with rotation 0
2025-06-05 21:15:50.683 [pool-1-thread-2] INFO  cz.vse.server.ClientHandler - Server sent message: SUCCESS to client: user1.
2025-06-05 21:15:51.678 [pool-1-thread-2] INFO  cz.vse.server.Message - Received message: PLACE 4 5 BLOCK_SHAPE 0
2025-06-05 21:15:51.678 [pool-1-thread-2] INFO  cz.vse.server.Game - Ship placed successfully at 3, 4 with rotation 0
2025-06-05 21:15:51.679 [pool-1-thread-2] INFO  cz.vse.server.ClientHandler - Server sent message: SUCCESS to client: user1.
2025-06-05 21:15:52.411 [pool-1-thread-2] INFO  cz.vse.server.Message - Received message: PLACE 7 2 BLOCK_SHAPE 0
2025-06-05 21:15:52.412 [pool-1-thread-2] INFO  cz.vse.server.Game - Ship placed successfully at 6, 1 with rotation 0
2025-06-05 21:15:52.412 [pool-1-thread-2] INFO  cz.vse.server.ClientHandler - Server sent message: SUCCESS to client: user1.
2025-06-05 21:15:53.077 [pool-1-thread-2] INFO  cz.vse.server.Message - Received message: PLACE 8 7 FOUR_SHAPE 0
2025-06-05 21:15:53.077 [pool-1-thread-2] INFO  cz.vse.server.Game - Ship placed successfully at 7, 6 with rotation 0
2025-06-05 21:15:53.078 [pool-1-thread-2] INFO  cz.vse.server.ClientHandler - Server sent message: SUCCESS to client: user1.
2025-06-05 21:15:54.427 [pool-1-thread-2] INFO  cz.vse.server.Message - Received message: PLACE 9 5 FOUR_SHAPE 0
2025-06-05 21:15:54.428 [pool-1-thread-2] WARN  cz.vse.server.Game - Invalid placement: Adjacent ship detected at 8, 5
2025-06-05 21:15:54.429 [pool-1-thread-2] INFO  cz.vse.server.ClientHandler - Server sent message: FAILURE to client: user1.
2025-06-05 21:15:55.161 [pool-1-thread-2] INFO  cz.vse.server.Message - Received message: PLACE 10 4 FOUR_SHAPE 0
2025-06-05 21:15:55.162 [pool-1-thread-2] INFO  cz.vse.server.Game - Ship placed successfully at 9, 3 with rotation 0
2025-06-05 21:15:55.163 [pool-1-thread-2] INFO  cz.vse.server.ClientHandler - Server sent message: SUCCESS to client: user1.
2025-06-05 21:15:56.811 [pool-1-thread-2] INFO  cz.vse.server.Message - Received message: PLACE 10 3 TWO_SHAPE 0
2025-06-05 21:15:56.811 [pool-1-thread-2] WARN  cz.vse.server.Game - Invalid placement: Adjacent ship detected at 9, 2
2025-06-05 21:15:56.812 [pool-1-thread-2] INFO  cz.vse.server.ClientHandler - Server sent message: FAILURE to client: user1.
2025-06-05 21:15:58.477 [pool-1-thread-2] INFO  cz.vse.server.Message - Received message: PLACE 10 2 TWO_SHAPE 0
2025-06-05 21:15:58.478 [pool-1-thread-2] WARN  cz.vse.server.Game - Invalid placement: Adjacent ship detected at 9, 2
2025-06-05 21:15:58.478 [pool-1-thread-2] INFO  cz.vse.server.ClientHandler - Server sent message: FAILURE to client: user1.
2025-06-05 21:15:59.244 [pool-1-thread-2] INFO  cz.vse.server.Message - Received message: PLACE 10 2 TWO_SHAPE 0
2025-06-05 21:15:59.246 [pool-1-thread-2] WARN  cz.vse.server.Game - Invalid placement: Adjacent ship detected at 9, 2
2025-06-05 21:15:59.246 [pool-1-thread-2] INFO  cz.vse.server.ClientHandler - Server sent message: FAILURE to client: user1.
2025-06-05 21:16:00.594 [pool-1-thread-2] INFO  cz.vse.server.Message - Received message: PLACE 10 2 TWO_SHAPE 0
2025-06-05 21:16:00.594 [pool-1-thread-2] WARN  cz.vse.server.Game - Invalid placement: Adjacent ship detected at 9, 2
2025-06-05 21:16:00.595 [pool-1-thread-2] INFO  cz.vse.server.ClientHandler - Server sent message: FAILURE to client: user1.
2025-06-05 21:16:01.994 [pool-1-thread-2] INFO  cz.vse.server.Message - Received message: BOMB 10 3
2025-06-05 21:16:01.995 [pool-1-thread-2] WARN  cz.vse.server.Message - Command could not be processed: BOMB 10 3, it is placement phase
2025-06-05 21:16:01.995 [pool-1-thread-2] INFO  cz.vse.server.ClientHandler - Server sent message: FAILURE to client: user1.
2025-06-05 21:16:02.727 [pool-1-thread-1] INFO  cz.vse.server.Message - Received message: PLACE 8 4 BLOCK_SHAPE 0
2025-06-05 21:16:02.727 [pool-1-thread-1] INFO  cz.vse.server.Game - Ship placed successfully at 7, 3 with rotation 0
2025-06-05 21:16:02.727 [pool-1-thread-1] INFO  cz.vse.server.ClientHandler - Server sent message: SUCCESS to client: user2.
2025-06-05 21:16:03.394 [pool-1-thread-1] INFO  cz.vse.server.Message - Received message: PLACE 5 4 BLOCK_SHAPE 0
2025-06-05 21:16:03.395 [pool-1-thread-1] INFO  cz.vse.server.Game - Ship placed successfully at 4, 3 with rotation 0
2025-06-05 21:16:03.395 [pool-1-thread-1] INFO  cz.vse.server.ClientHandler - Server sent message: SUCCESS to client: user2.
2025-06-05 21:16:03.861 [pool-1-thread-1] INFO  cz.vse.server.Message - Received message: PLACE 5 7 FOUR_SHAPE 0
2025-06-05 21:16:03.861 [pool-1-thread-1] INFO  cz.vse.server.Game - Ship placed successfully at 4, 6 with rotation 0
2025-06-05 21:16:03.862 [pool-1-thread-1] INFO  cz.vse.server.ClientHandler - Server sent message: SUCCESS to client: user2.
2025-06-05 21:16:04.411 [pool-1-thread-1] INFO  cz.vse.server.Message - Received message: PLACE 7 7 FOUR_SHAPE 0
2025-06-05 21:16:04.411 [pool-1-thread-1] INFO  cz.vse.server.Game - Ship placed successfully at 6, 6 with rotation 0
2025-06-05 21:16:04.412 [pool-1-thread-1] INFO  cz.vse.server.ClientHandler - Server sent message: SUCCESS to client: user2.
2025-06-05 21:16:04.961 [pool-1-thread-1] INFO  cz.vse.server.Message - Received message: PLACE 9 7 TWO_SHAPE 0
2025-06-05 21:16:04.962 [pool-1-thread-1] INFO  cz.vse.server.Game - Ship placed successfully at 8, 6 with rotation 0
2025-06-05 21:16:04.963 [pool-1-thread-1] INFO  cz.vse.server.ClientHandler - Server sent message: SUCCESS to client: user2.
2025-06-05 21:16:05.694 [pool-1-thread-1] INFO  cz.vse.server.Message - Received message: PLACE 6 1 TWO_SHAPE 0
2025-06-05 21:16:05.694 [pool-1-thread-1] INFO  cz.vse.server.Game - Ship placed successfully at 5, 0 with rotation 0
2025-06-05 21:16:05.695 [pool-1-thread-1] INFO  cz.vse.server.ClientHandler - Server sent message: SUCCESS to client: user2.
2025-06-05 21:16:07.660 [pool-1-thread-2] INFO  cz.vse.server.Message - Received message: PLACE 5 8 TWO_SHAPE 0
2025-06-05 21:16:07.661 [pool-1-thread-2] INFO  cz.vse.server.Game - Ship placed successfully at 4, 7 with rotation 0
2025-06-05 21:16:07.661 [pool-1-thread-2] INFO  cz.vse.server.ClientHandler - Server sent message: SUCCESS to client: user1.
2025-06-05 21:16:08.561 [pool-1-thread-2] INFO  cz.vse.server.Message - Received message: PLACE 7 6 TWO_SHAPE 0
2025-06-05 21:16:08.562 [pool-1-thread-2] WARN  cz.vse.server.Game - Invalid placement: Adjacent ship detected at 6, 5
2025-06-05 21:16:08.562 [pool-1-thread-2] INFO  cz.vse.server.ClientHandler - Server sent message: FAILURE to client: user1.
2025-06-05 21:16:12.127 [pool-1-thread-2] INFO  cz.vse.server.Message - Received message: PLACE 10 2 TWO_SHAPE 0
2025-06-05 21:16:12.128 [pool-1-thread-2] WARN  cz.vse.server.Game - Invalid placement: Adjacent ship detected at 9, 2
2025-06-05 21:16:12.128 [pool-1-thread-2] INFO  cz.vse.server.ClientHandler - Server sent message: FAILURE to client: user1.
2025-06-05 21:16:12.644 [pool-1-thread-2] INFO  cz.vse.server.Message - Received message: PLACE 10 2 TWO_SHAPE 0
2025-06-05 21:16:12.645 [pool-1-thread-2] WARN  cz.vse.server.Game - Invalid placement: Adjacent ship detected at 9, 2
2025-06-05 21:16:12.646 [pool-1-thread-2] INFO  cz.vse.server.ClientHandler - Server sent message: FAILURE to client: user1.
2025-06-05 21:16:12.893 [pool-1-thread-2] INFO  cz.vse.server.Message - Received message: PLACE 10 2 TWO_SHAPE 0
2025-06-05 21:16:12.893 [pool-1-thread-2] WARN  cz.vse.server.Game - Invalid placement: Adjacent ship detected at 9, 2
2025-06-05 21:16:12.894 [pool-1-thread-2] INFO  cz.vse.server.ClientHandler - Server sent message: FAILURE to client: user1.
2025-06-05 21:16:13.760 [pool-1-thread-2] INFO  cz.vse.server.Message - Received message: PLACE 10 3 TWO_SHAPE 0
2025-06-05 21:16:13.761 [pool-1-thread-2] WARN  cz.vse.server.Game - Invalid placement: Adjacent ship detected at 9, 2
2025-06-05 21:16:13.762 [pool-1-thread-2] INFO  cz.vse.server.ClientHandler - Server sent message: FAILURE to client: user1.
2025-06-05 21:16:14.261 [pool-1-thread-2] INFO  cz.vse.server.Message - Received message: PLACE 10 4 TWO_SHAPE 0
2025-06-05 21:16:14.262 [pool-1-thread-2] WARN  cz.vse.server.Game - Invalid placement: Overlap detected at 9, 3
2025-06-05 21:16:14.262 [pool-1-thread-2] INFO  cz.vse.server.ClientHandler - Server sent message: FAILURE to client: user1.
2025-06-05 21:16:15.577 [pool-1-thread-1] INFO  cz.vse.server.Message - Received message: BOMB 2 2
2025-06-05 21:16:15.578 [pool-1-thread-1] WARN  cz.vse.server.Message - Command could not be processed: BOMB 2 2, it is placement phase
2025-06-05 21:16:15.578 [pool-1-thread-1] INFO  cz.vse.server.ClientHandler - Server sent message: FAILURE to client: user2.
2025-06-05 21:16:20.147 [pool-1-thread-2] INFO  cz.vse.server.Message - Received message: PLACE 2 5 TWO_SHAPE 0
2025-06-05 21:16:20.148 [pool-1-thread-2] WARN  cz.vse.server.Game - Invalid placement: Adjacent ship detected at 1, 4
2025-06-05 21:16:20.149 [pool-1-thread-2] INFO  cz.vse.server.ClientHandler - Server sent message: FAILURE to client: user1.
2025-06-05 21:16:20.710 [pool-1-thread-2] INFO  cz.vse.server.Message - Received message: PLACE 3 8 TWO_SHAPE 0
2025-06-05 21:16:20.711 [pool-1-thread-2] INFO  cz.vse.server.Game - Ship placed successfully at 2, 7 with rotation 0
2025-06-05 21:16:20.711 [pool-1-thread-2] INFO  cz.vse.server.ClientHandler - Server sent message: SUCCESS to client: user1.
2025-06-05 21:16:26.210 [pool-1-thread-1] WARN  cz.vse.server.Message - Command could not be processed: BOMB 2 4, it is not user2`s turn
2025-06-05 21:16:30.060 [pool-1-thread-2] INFO  cz.vse.server.Message - Received message: BOMB 2 4
2025-06-05 21:16:30.061 [pool-1-thread-2] INFO  cz.vse.server.Game - [[0, 0, 0, 0, 1, 1, 1, 1, 1, 1], [0, 0, 0, 0, 2, 1, 1, 1, 1, 1], [1, 1, 1, 1, 1, 1, 1, 1, 1, 1], [1, 1, 1, 1, 1, 1, 1, 1, 1, 1], [1, 1, 1, 0, 0, 1, 0, 0, 0, 0], [0, 0, 1, 0, 0, 1, 1, 1, 1, 1], [1, 1, 1, 1, 1, 1, 0, 0, 0, 0], [1, 1, 1, 0, 0, 1, 1, 1, 1, 1], [1, 1, 1, 0, 0, 1, 0, 0, 1, 1], [1, 1, 1, 1, 1, 1, 1, 1, 1, 1]]
2025-06-05 21:16:30.065 [pool-1-thread-2] INFO  cz.vse.server.ClientHandler - Server sent message: MISS 2 4 to client: user1.
2025-06-05 21:16:30.065 [pool-1-thread-2] INFO  cz.vse.server.ClientHandler - Server sent message: MISS 2 4 to client: user2.
2025-06-05 21:16:30.065 [pool-1-thread-2] INFO  cz.vse.server.ClientHandler - Server sent message: TURN to client: user2.
2025-06-05 21:18:05.785 [main] INFO  cz.vse.server.Server - Server is listening for connections on port: 9091
2025-06-05 21:18:27.151 [pool-1-thread-1] INFO  cz.vse.server.ClientHandler - Client cz.vse.server.ClientHandler@45b1a513 connected to the server
2025-06-05 21:18:28.409 [pool-1-thread-2] INFO  cz.vse.server.ClientHandler - Client cz.vse.server.ClientHandler@5482c2c9 connected to the server
2025-06-05 21:18:28.409 [pool-1-thread-2] INFO  cz.vse.server.ClientHandler - User 'user1' logged in successfully
2025-06-05 21:18:30.236 [pool-1-thread-1] INFO  cz.vse.server.ClientHandler - User 'user2' logged in successfully
2025-06-05 21:18:30.242 [pool-1-thread-1] INFO  cz.vse.server.Server - user1 has been assigned to the game session
2025-06-05 21:18:30.242 [pool-1-thread-1] INFO  cz.vse.server.Server - user2 has been assigned to the game session
2025-06-05 21:18:30.243 [pool-1-thread-1] INFO  cz.vse.server.ClientHandler - Server sent message: READY to client: user1.
2025-06-05 21:18:30.243 [pool-1-thread-1] INFO  cz.vse.server.ClientHandler - Server sent message: READY to client: user2.
2025-06-05 21:18:30.243 [pool-1-thread-1] INFO  cz.vse.server.Server - Game session started between user1 and user2
2025-06-05 21:18:42.895 [pool-1-thread-1] INFO  cz.vse.server.Message - Received message: PLACE 1 1 SIX_SHAPE 0
2025-06-05 21:18:42.896 [pool-1-thread-1] INFO  cz.vse.server.Game - Ship placed successfully at 0, 0 with rotation 0
2025-06-05 21:18:42.896 [pool-1-thread-1] INFO  cz.vse.server.ClientHandler - Server sent message: SUCCESS to client: user2.
2025-06-05 21:18:44.163 [pool-1-thread-2] INFO  cz.vse.server.Message - Received message: PLACE 1 1 SIX_SHAPE 0
2025-06-05 21:18:44.164 [pool-1-thread-2] INFO  cz.vse.server.Game - Ship placed successfully at 0, 0 with rotation 0
2025-06-05 21:18:44.164 [pool-1-thread-2] INFO  cz.vse.server.ClientHandler - Server sent message: SUCCESS to client: user1.
2025-06-05 21:18:45.525 [pool-1-thread-2] INFO  cz.vse.server.Message - Received message: PLACE 1 6 BLOCK_SHAPE 0
2025-06-05 21:18:45.526 [pool-1-thread-2] INFO  cz.vse.server.Game - Ship placed successfully at 0, 5 with rotation 0
2025-06-05 21:18:45.526 [pool-1-thread-2] INFO  cz.vse.server.ClientHandler - Server sent message: SUCCESS to client: user1.
2025-06-05 21:18:46.810 [pool-1-thread-1] INFO  cz.vse.server.Message - Received message: PLACE 1 6 BLOCK_SHAPE 0
2025-06-05 21:18:46.811 [pool-1-thread-1] INFO  cz.vse.server.Game - Ship placed successfully at 0, 5 with rotation 0
2025-06-05 21:18:46.811 [pool-1-thread-1] INFO  cz.vse.server.ClientHandler - Server sent message: SUCCESS to client: user2.
2025-06-05 21:18:47.877 [pool-1-thread-1] INFO  cz.vse.server.Message - Received message: PLACE 1 9 BLOCK_SHAPE 0
2025-06-05 21:18:47.878 [pool-1-thread-1] INFO  cz.vse.server.Game - Ship placed successfully at 0, 8 with rotation 0
2025-06-05 21:18:47.878 [pool-1-thread-1] INFO  cz.vse.server.ClientHandler - Server sent message: SUCCESS to client: user2.
2025-06-05 21:18:49.259 [pool-1-thread-2] INFO  cz.vse.server.Message - Received message: PLACE 1 9 BLOCK_SHAPE 0
2025-06-05 21:18:49.259 [pool-1-thread-2] INFO  cz.vse.server.Game - Ship placed successfully at 0, 8 with rotation 0
2025-06-05 21:18:49.259 [pool-1-thread-2] INFO  cz.vse.server.ClientHandler - Server sent message: SUCCESS to client: user1.
2025-06-05 21:18:51.027 [pool-1-thread-1] INFO  cz.vse.server.Message - Received message: PLACE 4 2 FOUR_SHAPE 0
2025-06-05 21:18:51.027 [pool-1-thread-1] INFO  cz.vse.server.Game - Ship placed successfully at 3, 1 with rotation 0
2025-06-05 21:18:51.028 [pool-1-thread-1] INFO  cz.vse.server.ClientHandler - Server sent message: SUCCESS to client: user2.
2025-06-05 21:18:53.410 [pool-1-thread-1] INFO  cz.vse.server.Message - Received message: PLACE 4 7 FOUR_SHAPE 0
2025-06-05 21:18:53.411 [pool-1-thread-1] INFO  cz.vse.server.Game - Ship placed successfully at 3, 6 with rotation 0
2025-06-05 21:18:53.412 [pool-1-thread-1] INFO  cz.vse.server.ClientHandler - Server sent message: SUCCESS to client: user2.
2025-06-05 21:18:55.811 [pool-1-thread-2] INFO  cz.vse.server.Message - Received message: PLACE 4 1 FOUR_SHAPE 0
2025-06-05 21:18:55.811 [pool-1-thread-2] INFO  cz.vse.server.Game - Ship placed successfully at 3, 0 with rotation 0
2025-06-05 21:18:55.812 [pool-1-thread-2] INFO  cz.vse.server.ClientHandler - Server sent message: SUCCESS to client: user1.
2025-06-05 21:18:57.111 [pool-1-thread-2] INFO  cz.vse.server.Message - Received message: PLACE 4 6 FOUR_SHAPE 0
2025-06-05 21:18:57.112 [pool-1-thread-2] INFO  cz.vse.server.Game - Ship placed successfully at 3, 5 with rotation 0
2025-06-05 21:18:57.112 [pool-1-thread-2] INFO  cz.vse.server.ClientHandler - Server sent message: SUCCESS to client: user1.
2025-06-05 21:18:58.893 [pool-1-thread-2] INFO  cz.vse.server.Message - Received message: PLACE 6 3 TWO_SHAPE 0
2025-06-05 21:18:58.894 [pool-1-thread-2] INFO  cz.vse.server.Game - Ship placed successfully at 5, 2 with rotation 0
2025-06-05 21:18:58.894 [pool-1-thread-2] INFO  cz.vse.server.ClientHandler - Server sent message: SUCCESS to client: user1.
2025-06-05 21:18:59.860 [pool-1-thread-2] INFO  cz.vse.server.Message - Received message: PLACE 6 6 TWO_SHAPE 0
2025-06-05 21:18:59.861 [pool-1-thread-2] INFO  cz.vse.server.Game - Ship placed successfully at 5, 5 with rotation 0
2025-06-05 21:18:59.861 [pool-1-thread-2] INFO  cz.vse.server.ClientHandler - Server sent message: SUCCESS to client: user1.
2025-06-05 21:19:01.226 [pool-1-thread-1] INFO  cz.vse.server.Message - Received message: PLACE 6 3 TWO_SHAPE 0
2025-06-05 21:19:01.227 [pool-1-thread-1] INFO  cz.vse.server.Game - Ship placed successfully at 5, 2 with rotation 0
2025-06-05 21:19:01.227 [pool-1-thread-1] INFO  cz.vse.server.ClientHandler - Server sent message: SUCCESS to client: user2.
2025-06-05 21:19:01.893 [pool-1-thread-1] INFO  cz.vse.server.Message - Received message: PLACE 6 6 TWO_SHAPE 0
2025-06-05 21:19:01.894 [pool-1-thread-1] INFO  cz.vse.server.Game - Ship placed successfully at 5, 5 with rotation 0
2025-06-05 21:19:01.895 [pool-1-thread-1] INFO  cz.vse.server.ClientHandler - Server sent message: SUCCESS to client: user2.
2025-06-05 21:19:06.694 [pool-1-thread-2] INFO  cz.vse.server.Message - Received message: BOMB 2 4
2025-06-05 21:19:06.700 [pool-1-thread-2] INFO  cz.vse.server.ClientHandler - Server sent message: HIT 2 4 to client: user1.
2025-06-05 21:19:06.700 [pool-1-thread-2] INFO  cz.vse.server.ClientHandler - Server sent message: HIT 2 4 to client: user2.
2025-06-05 21:19:06.700 [pool-1-thread-2] INFO  cz.vse.server.ClientHandler - Server sent message: TURN to client: user2.
2025-06-05 21:19:19.526 [pool-1-thread-1] INFO  cz.vse.server.Message - Received message: BOMB 5 9
2025-06-05 21:19:19.527 [pool-1-thread-1] INFO  cz.vse.server.Game - [[0, 0, 0, 0, 1, 0, 0, 1, 0, 0], [0, 0, 0, 0, 1, 0, 0, 1, 0, 0], [1, 1, 1, 1, 1, 1, 1, 1, 1, 1], [0, 0, 0, 0, 1, 0, 0, 0, 0, 1], [1, 1, 1, 1, 1, 1, 1, 1, 2, 1], [1, 1, 0, 0, 1, 0, 0, 1, 1, 1], [1, 1, 1, 1, 1, 1, 1, 1, 1, 1], [1, 1, 1, 1, 1, 1, 1, 1, 1, 1], [1, 1, 1, 1, 1, 1, 1, 1, 1, 1], [1, 1, 1, 1, 1, 1, 1, 1, 1, 1]]
2025-06-05 21:19:19.528 [pool-1-thread-1] INFO  cz.vse.server.ClientHandler - Server sent message: MISS 5 9 to client: user2.
2025-06-05 21:19:19.528 [pool-1-thread-1] INFO  cz.vse.server.ClientHandler - Server sent message: MISS 5 9 to client: user1.
2025-06-05 21:19:19.528 [pool-1-thread-1] INFO  cz.vse.server.ClientHandler - Server sent message: TURN to client: user1.
2025-06-05 21:19:29.726 [pool-1-thread-2] INFO  cz.vse.server.Message - Received message: BOMB 1 1
2025-06-05 21:19:29.728 [pool-1-thread-2] INFO  cz.vse.server.ClientHandler - Server sent message: HIT 1 1 to client: user1.
2025-06-05 21:19:29.728 [pool-1-thread-2] INFO  cz.vse.server.ClientHandler - Server sent message: HIT 1 1 to client: user2.
2025-06-05 21:19:29.729 [pool-1-thread-2] INFO  cz.vse.server.ClientHandler - Server sent message: TURN to client: user2.
2025-06-05 21:19:32.043 [pool-1-thread-1] INFO  cz.vse.server.Message - Received message: BOMB 4 9
2025-06-05 21:19:32.045 [pool-1-thread-1] INFO  cz.vse.server.ClientHandler - Server sent message: HIT 4 9 to client: user2.
2025-06-05 21:19:32.045 [pool-1-thread-1] INFO  cz.vse.server.ClientHandler - Server sent message: HIT 4 9 to client: user1.
2025-06-05 21:19:32.046 [pool-1-thread-1] INFO  cz.vse.server.ClientHandler - Server sent message: TURN to client: user1.
2025-06-05 21:19:37.360 [pool-1-thread-1] WARN  cz.vse.server.Message - Command could not be processed: BOMB 7 4, it is not user2`s turn
2025-06-05 21:19:41.608 [pool-1-thread-2] INFO  cz.vse.server.Message - Received message: BOMB 7 5
2025-06-05 21:19:41.609 [pool-1-thread-2] INFO  cz.vse.server.Game - [[-1, 0, 0, 0, 1, 0, 0, 1, 0, 0], [0, 0, 0, -1, 1, 0, 0, 1, 0, 0], [1, 1, 1, 1, 1, 1, 1, 1, 1, 1], [1, 0, 0, 0, 0, 1, 0, 0, 0, 0], [1, 1, 1, 1, 1, 1, 1, 1, 1, 1], [1, 1, 0, 0, 1, 0, 0, 1, 1, 1], [1, 1, 1, 1, 2, 1, 1, 1, 1, 1], [1, 1, 1, 1, 1, 1, 1, 1, 1, 1], [1, 1, 1, 1, 1, 1, 1, 1, 1, 1], [1, 1, 1, 1, 1, 1, 1, 1, 1, 1]]
2025-06-05 21:19:41.610 [pool-1-thread-2] INFO  cz.vse.server.ClientHandler - Server sent message: MISS 7 5 to client: user1.
2025-06-05 21:19:41.610 [pool-1-thread-2] INFO  cz.vse.server.ClientHandler - Server sent message: MISS 7 5 to client: user2.
2025-06-05 21:19:41.610 [pool-1-thread-2] INFO  cz.vse.server.ClientHandler - Server sent message: TURN to client: user2.
2025-06-05 21:19:44.811 [pool-1-thread-1] INFO  cz.vse.server.Message - Received message: BOMB 6 3
2025-06-05 21:19:44.813 [pool-1-thread-1] INFO  cz.vse.server.ClientHandler - Server sent message: HIT 6 3 to client: user2.
2025-06-05 21:19:44.814 [pool-1-thread-1] INFO  cz.vse.server.ClientHandler - Server sent message: HIT 6 3 to client: user1.
2025-06-05 21:19:44.814 [pool-1-thread-1] INFO  cz.vse.server.ClientHandler - Server sent message: TURN to client: user1.
2025-06-05 21:19:47.393 [pool-1-thread-2] INFO  cz.vse.server.Message - Received message: BOMB 6 6
2025-06-05 21:19:47.393 [pool-1-thread-2] INFO  cz.vse.server.ClientHandler - Server sent message: HIT 6 6 to client: user1.
2025-06-05 21:19:47.393 [pool-1-thread-2] INFO  cz.vse.server.ClientHandler - Server sent message: HIT 6 6 to client: user2.
2025-06-05 21:19:47.394 [pool-1-thread-2] INFO  cz.vse.server.ClientHandler - Server sent message: TURN to client: user2.
2025-06-05 21:19:50.345 [pool-1-thread-1] DEBUG cz.vse.server.ClientHandler - Closing InputStream for client user2
2025-06-05 21:19:50.346 [pool-1-thread-1] DEBUG cz.vse.server.ClientHandler - Closing OutputStream for client user2
2025-06-05 21:19:50.346 [pool-1-thread-1] DEBUG cz.vse.server.Server - Active users before: [user1, user2]
2025-06-05 21:19:50.346 [pool-1-thread-1] INFO  cz.vse.server.Server - Removed active user: user2
2025-06-05 21:19:50.346 [pool-1-thread-1] DEBUG cz.vse.server.Server - Active users after: [user1]
2025-06-05 21:19:50.346 [pool-1-thread-1] INFO  cz.vse.server.ClientHandler - Connection to client user2 was closed
2025-06-05 21:19:51.376 [pool-1-thread-2] DEBUG cz.vse.server.ClientHandler - Closing InputStream for client user1
2025-06-05 21:19:51.376 [pool-1-thread-2] DEBUG cz.vse.server.ClientHandler - Closing OutputStream for client user1
2025-06-05 21:19:51.376 [pool-1-thread-2] DEBUG cz.vse.server.Server - Active users before: [user1]
2025-06-05 21:19:51.376 [pool-1-thread-2] INFO  cz.vse.server.Server - Removed active user: user1
2025-06-05 21:19:51.376 [pool-1-thread-2] DEBUG cz.vse.server.Server - Active users after: []
2025-06-05 21:19:51.376 [pool-1-thread-2] INFO  cz.vse.server.ClientHandler - Connection to client user1 was closed
